[0.029s] Invoking command in '/home/shreyas/turtlebot3_ws/build/turtlebot3_cartographer': CMAKE_PREFIX_PATH=${CMAKE_PREFIX_PATH}:/home/shreyas/turtlebot3_ws/install/scan_throttler:/home/shreyas/turtlebot3_ws/install/turtlebot3_teleop:/home/shreyas/turtlebot3_ws/install/turtlebot3_example:/home/shreyas/turtlebot3_ws/install/merge_map:/opt/ros/humble /usr/bin/cmake --build /home/shreyas/turtlebot3_ws/build/turtlebot3_cartographer -- -j18 -l18
[0.700s] Invoked command in '/home/shreyas/turtlebot3_ws/build/turtlebot3_cartographer' returned '0': CMAKE_PREFIX_PATH=${CMAKE_PREFIX_PATH}:/home/shreyas/turtlebot3_ws/install/scan_throttler:/home/shreyas/turtlebot3_ws/install/turtlebot3_teleop:/home/shreyas/turtlebot3_ws/install/turtlebot3_example:/home/shreyas/turtlebot3_ws/install/merge_map:/opt/ros/humble /usr/bin/cmake --build /home/shreyas/turtlebot3_ws/build/turtlebot3_cartographer -- -j18 -l18
[0.701s] Invoking command in '/home/shreyas/turtlebot3_ws/build/turtlebot3_cartographer': CMAKE_PREFIX_PATH=${CMAKE_PREFIX_PATH}:/home/shreyas/turtlebot3_ws/install/scan_throttler:/home/shreyas/turtlebot3_ws/install/turtlebot3_teleop:/home/shreyas/turtlebot3_ws/install/turtlebot3_example:/home/shreyas/turtlebot3_ws/install/merge_map:/opt/ros/humble /usr/bin/cmake --install /home/shreyas/turtlebot3_ws/build/turtlebot3_cartographer
[0.711s] -- Install configuration: ""
[0.711s] -- Execute custom install script
[0.711s] -- Up-to-date symlink: /home/shreyas/turtlebot3_ws/install/turtlebot3_cartographer/share/turtlebot3_cartographer/config/turtlebot3_lds_2d.lua
[0.712s] -- Up-to-date symlink: /home/shreyas/turtlebot3_ws/install/turtlebot3_cartographer/share/turtlebot3_cartographer/launch/cartographer.launch.py
[0.713s] -- Up-to-date symlink: /home/shreyas/turtlebot3_ws/install/turtlebot3_cartographer/share/turtlebot3_cartographer/launch/occupancy_grid.launch.py
[0.713s] -- Up-to-date symlink: /home/shreyas/turtlebot3_ws/install/turtlebot3_cartographer/share/turtlebot3_cartographer/rviz/tb3_cartographer.rviz
[0.714s] -- Up-to-date symlink: /home/shreyas/turtlebot3_ws/install/turtlebot3_cartographer/share/ament_index/resource_index/package_run_dependencies/turtlebot3_cartographer
[0.714s] -- Up-to-date symlink: /home/shreyas/turtlebot3_ws/install/turtlebot3_cartographer/share/ament_index/resource_index/parent_prefix_path/turtlebot3_cartographer
[0.714s] -- Up-to-date symlink: /home/shreyas/turtlebot3_ws/install/turtlebot3_cartographer/share/turtlebot3_cartographer/environment/ament_prefix_path.sh
[0.714s] -- Up-to-date symlink: /home/shreyas/turtlebot3_ws/install/turtlebot3_cartographer/share/turtlebot3_cartographer/environment/ament_prefix_path.dsv
[0.714s] -- Up-to-date symlink: /home/shreyas/turtlebot3_ws/install/turtlebot3_cartographer/share/turtlebot3_cartographer/environment/path.sh
[0.714s] -- Up-to-date symlink: /home/shreyas/turtlebot3_ws/install/turtlebot3_cartographer/share/turtlebot3_cartographer/environment/path.dsv
[0.714s] -- Up-to-date symlink: /home/shreyas/turtlebot3_ws/install/turtlebot3_cartographer/share/turtlebot3_cartographer/local_setup.bash
[0.714s] -- Up-to-date symlink: /home/shreyas/turtlebot3_ws/install/turtlebot3_cartographer/share/turtlebot3_cartographer/local_setup.sh
[0.715s] -- Up-to-date symlink: /home/shreyas/turtlebot3_ws/install/turtlebot3_cartographer/share/turtlebot3_cartographer/local_setup.zsh
[0.715s] -- Up-to-date symlink: /home/shreyas/turtlebot3_ws/install/turtlebot3_cartographer/share/turtlebot3_cartographer/local_setup.dsv
[0.715s] -- Symlinking: /home/shreyas/turtlebot3_ws/install/turtlebot3_cartographer/share/turtlebot3_cartographer/package.dsv
[0.720s] -- Up-to-date symlink: /home/shreyas/turtlebot3_ws/install/turtlebot3_cartographer/share/ament_index/resource_index/packages/turtlebot3_cartographer
[0.721s] -- Up-to-date symlink: /home/shreyas/turtlebot3_ws/install/turtlebot3_cartographer/share/turtlebot3_cartographer/cmake/turtlebot3_cartographerConfig.cmake
[0.721s] -- Up-to-date symlink: /home/shreyas/turtlebot3_ws/install/turtlebot3_cartographer/share/turtlebot3_cartographer/cmake/turtlebot3_cartographerConfig-version.cmake
[0.723s] -- Up-to-date symlink: /home/shreyas/turtlebot3_ws/install/turtlebot3_cartographer/share/turtlebot3_cartographer/package.xml
[0.762s] Invoked command in '/home/shreyas/turtlebot3_ws/build/turtlebot3_cartographer' returned '0': CMAKE_PREFIX_PATH=${CMAKE_PREFIX_PATH}:/home/shreyas/turtlebot3_ws/install/scan_throttler:/home/shreyas/turtlebot3_ws/install/turtlebot3_teleop:/home/shreyas/turtlebot3_ws/install/turtlebot3_example:/home/shreyas/turtlebot3_ws/install/merge_map:/opt/ros/humble /usr/bin/cmake --install /home/shreyas/turtlebot3_ws/build/turtlebot3_cartographer
