[0.051s] Invoking command in '/home/shreyas/turtlebot3_ws/build/turtlebot3_node': CMAKE_PREFIX_PATH=/opt/ros/humble /usr/bin/cmake /home/shreyas/turtlebot3_ws/src/turtlebot3/turtlebot3_node -DAMENT_CMAKE_SYMLINK_INSTALL=1 -DCMAKE_INSTALL_PREFIX=/home/shreyas/turtlebot3_ws/install/turtlebot3_node
[0.369s] -- Found ament_cmake: 1.3.10 (/opt/ros/humble/share/ament_cmake/cmake)
[0.369s] -- Override CMake install command with custom implementation using symlinks instead of copying resources
[0.369s] -- Found dynamixel_sdk: 3.7.60 (/opt/ros/humble/share/dynamixel_sdk/cmake)
[0.369s] -- Found geometry_msgs: 4.2.4 (/opt/ros/humble/share/geometry_msgs/cmake)
[0.370s] -- Found rosidl_generator_c: 3.1.5 (/opt/ros/humble/share/rosidl_generator_c/cmake)
[0.370s] -- Found rosidl_adapter: 3.1.5 (/opt/ros/humble/share/rosidl_adapter/cmake)
[0.370s] -- Found rosidl_generator_cpp: 3.1.5 (/opt/ros/humble/share/rosidl_generator_cpp/cmake)
[0.370s] -- Using all available rosidl_typesupport_c: rosidl_typesupport_fastrtps_c;rosidl_typesupport_introspection_c
[0.370s] -- Using all available rosidl_typesupport_cpp: rosidl_typesupport_fastrtps_cpp;rosidl_typesupport_introspection_cpp
[0.370s] -- Found message_filters: 4.3.5 (/opt/ros/humble/share/message_filters/cmake)
[0.370s] -- Found rmw_implementation_cmake: 6.1.2 (/opt/ros/humble/share/rmw_implementation_cmake/cmake)
[0.370s] -- Found rmw_fastrtps_cpp: 6.2.7 (/opt/ros/humble/share/rmw_fastrtps_cpp/cmake)
[0.370s] -- Using RMW implementation 'rmw_fastrtps_cpp' as default
[0.372s] -- Found nav_msgs: 4.2.4 (/opt/ros/humble/share/nav_msgs/cmake)
[0.382s] -- Found sensor_msgs: 4.2.4 (/opt/ros/humble/share/sensor_msgs/cmake)
[0.392s] -- Found std_srvs: 4.2.4 (/opt/ros/humble/share/std_srvs/cmake)
[0.397s] -- Found tf2: 0.25.8 (/opt/ros/humble/share/tf2/cmake)
[0.399s] -- Found tf2_ros: 0.25.8 (/opt/ros/humble/share/tf2_ros/cmake)
[0.445s] -- Found turtlebot3_msgs: 2.2.3 (/opt/ros/humble/share/turtlebot3_msgs/cmake)
[0.499s] -- Configuring done
[0.510s] -- Generating done
[0.513s] -- Build files have been written to: /home/shreyas/turtlebot3_ws/build/turtlebot3_node
[0.548s] Invoked command in '/home/shreyas/turtlebot3_ws/build/turtlebot3_node' returned '0': CMAKE_PREFIX_PATH=/opt/ros/humble /usr/bin/cmake /home/shreyas/turtlebot3_ws/src/turtlebot3/turtlebot3_node -DAMENT_CMAKE_SYMLINK_INSTALL=1 -DCMAKE_INSTALL_PREFIX=/home/shreyas/turtlebot3_ws/install/turtlebot3_node
[0.549s] Invoking command in '/home/shreyas/turtlebot3_ws/build/turtlebot3_node': CMAKE_PREFIX_PATH=/opt/ros/humble /usr/bin/cmake --build /home/shreyas/turtlebot3_ws/build/turtlebot3_node -- -j18 -l18
[0.589s] [35m[1mConsolidate compiler generated dependencies of target turtlebot3_node_lib[0m
[0.613s] [ 85%] Built target turtlebot3_node_lib
[0.622s] [35m[1mConsolidate compiler generated dependencies of target turtlebot3_ros[0m
[0.638s] [100%] Built target turtlebot3_ros
[0.650s] Invoked command in '/home/shreyas/turtlebot3_ws/build/turtlebot3_node' returned '0': CMAKE_PREFIX_PATH=/opt/ros/humble /usr/bin/cmake --build /home/shreyas/turtlebot3_ws/build/turtlebot3_node -- -j18 -l18
[0.651s] Invoking command in '/home/shreyas/turtlebot3_ws/build/turtlebot3_node': CMAKE_PREFIX_PATH=/opt/ros/humble /usr/bin/cmake --install /home/shreyas/turtlebot3_ws/build/turtlebot3_node
[0.659s] -- Install configuration: ""
[0.659s] -- Execute custom install script
[0.659s] -- Up-to-date symlink: /home/shreyas/turtlebot3_ws/install/turtlebot3_node/share/turtlebot3_node/param/burger.yaml
[0.659s] -- Up-to-date symlink: /home/shreyas/turtlebot3_ws/install/turtlebot3_node/share/turtlebot3_node/param/waffle.yaml
[0.660s] -- Up-to-date symlink: /home/shreyas/turtlebot3_ws/install/turtlebot3_node/share/turtlebot3_node/param/waffle_pi.yaml
[0.660s] -- Up-to-date symlink: /home/shreyas/turtlebot3_ws/install/turtlebot3_node/lib/turtlebot3_node/turtlebot3_ros
[0.660s] -- Up-to-date symlink: /home/shreyas/turtlebot3_ws/install/turtlebot3_node/share/ament_index/resource_index/package_run_dependencies/turtlebot3_node
[0.660s] -- Up-to-date symlink: /home/shreyas/turtlebot3_ws/install/turtlebot3_node/share/ament_index/resource_index/parent_prefix_path/turtlebot3_node
[0.660s] -- Up-to-date symlink: /home/shreyas/turtlebot3_ws/install/turtlebot3_node/share/turtlebot3_node/environment/ament_prefix_path.sh
[0.660s] -- Up-to-date symlink: /home/shreyas/turtlebot3_ws/install/turtlebot3_node/share/turtlebot3_node/environment/ament_prefix_path.dsv
[0.661s] -- Up-to-date symlink: /home/shreyas/turtlebot3_ws/install/turtlebot3_node/share/turtlebot3_node/environment/path.sh
[0.661s] -- Up-to-date symlink: /home/shreyas/turtlebot3_ws/install/turtlebot3_node/share/turtlebot3_node/environment/path.dsv
[0.661s] -- Up-to-date symlink: /home/shreyas/turtlebot3_ws/install/turtlebot3_node/share/turtlebot3_node/local_setup.bash
[0.661s] -- Up-to-date symlink: /home/shreyas/turtlebot3_ws/install/turtlebot3_node/share/turtlebot3_node/local_setup.sh
[0.661s] -- Up-to-date symlink: /home/shreyas/turtlebot3_ws/install/turtlebot3_node/share/turtlebot3_node/local_setup.zsh
[0.661s] -- Up-to-date symlink: /home/shreyas/turtlebot3_ws/install/turtlebot3_node/share/turtlebot3_node/local_setup.dsv
[0.661s] -- Symlinking: /home/shreyas/turtlebot3_ws/install/turtlebot3_node/share/turtlebot3_node/package.dsv
[0.669s] -- Up-to-date symlink: /home/shreyas/turtlebot3_ws/install/turtlebot3_node/share/ament_index/resource_index/packages/turtlebot3_node
[0.670s] -- Up-to-date symlink: /home/shreyas/turtlebot3_ws/install/turtlebot3_node/share/turtlebot3_node/cmake/ament_cmake_export_include_directories-extras.cmake
[0.670s] -- Up-to-date symlink: /home/shreyas/turtlebot3_ws/install/turtlebot3_node/share/turtlebot3_node/cmake/turtlebot3_nodeConfig.cmake
[0.670s] -- Up-to-date symlink: /home/shreyas/turtlebot3_ws/install/turtlebot3_node/share/turtlebot3_node/cmake/turtlebot3_nodeConfig-version.cmake
[0.670s] -- Up-to-date symlink: /home/shreyas/turtlebot3_ws/install/turtlebot3_node/share/turtlebot3_node/package.xml
[0.673s] Invoked command in '/home/shreyas/turtlebot3_ws/build/turtlebot3_node' returned '0': CMAKE_PREFIX_PATH=/opt/ros/humble /usr/bin/cmake --install /home/shreyas/turtlebot3_ws/build/turtlebot3_node
