[0.864s] Invoking command in '/home/shreyas/turtlebot3_ws/build/turtlebot3_example': PYTHONPATH=/home/shreyas/turtlebot3_ws/build/turtlebot3_example/prefix_override:/home/shreyas/.local/lib/python3.10/site-packages/colcon_core/task/python/colcon_distutils_commands:/home/shreyas/turtlebot3_ws/install/turtlebot3_example/lib/python3.10/site-packages:${PYTHONPATH} /usr/bin/python3 -W ignore:setup.py install is deprecated -W ignore:easy_install command is deprecated setup.py develop --editable --build-directory /home/shreyas/turtlebot3_ws/build/turtlebot3_example/build --no-deps symlink_data
[1.043s] running develop
[1.187s] running egg_info
[1.187s] creating turtlebot3_example.egg-info
[1.187s] writing turtlebot3_example.egg-info/PKG-INFO
[1.187s] writing dependency_links to turtlebot3_example.egg-info/dependency_links.txt
[1.187s] writing entry points to turtlebot3_example.egg-info/entry_points.txt
[1.187s] writing requirements to turtlebot3_example.egg-info/requires.txt
[1.187s] writing top-level names to turtlebot3_example.egg-info/top_level.txt
[1.187s] writing manifest file 'turtlebot3_example.egg-info/SOURCES.txt'
[1.189s] reading manifest file 'turtlebot3_example.egg-info/SOURCES.txt'
[1.189s] writing manifest file 'turtlebot3_example.egg-info/SOURCES.txt'
[1.190s] running build_ext
[1.190s] Creating /home/shreyas/turtlebot3_ws/install/turtlebot3_example/lib/python3.10/site-packages/turtlebot3-example.egg-link (link to .)
[1.191s] Installing turtlebot3_obstacle_detection script to /home/shreyas/turtlebot3_ws/install/turtlebot3_example/lib/turtlebot3_example
[1.191s] Installing turtlebot3_patrol_client script to /home/shreyas/turtlebot3_ws/install/turtlebot3_example/lib/turtlebot3_example
[1.191s] Installing turtlebot3_patrol_server script to /home/shreyas/turtlebot3_ws/install/turtlebot3_example/lib/turtlebot3_example
[1.191s] Installing turtlebot3_position_control script to /home/shreyas/turtlebot3_ws/install/turtlebot3_example/lib/turtlebot3_example
[1.191s] 
[1.191s] Installed /home/shreyas/turtlebot3_ws/build/turtlebot3_example
[1.191s] running symlink_data
[1.191s] creating /home/shreyas/turtlebot3_ws/install/turtlebot3_example/share/ament_index
[1.191s] creating /home/shreyas/turtlebot3_ws/install/turtlebot3_example/share/ament_index/resource_index
[1.191s] creating /home/shreyas/turtlebot3_ws/install/turtlebot3_example/share/ament_index/resource_index/packages
[1.191s] symbolically linking /home/shreyas/turtlebot3_ws/build/turtlebot3_example/resource/turtlebot3_example -> /home/shreyas/turtlebot3_ws/install/turtlebot3_example/share/ament_index/resource_index/packages
[1.192s] symbolically linking /home/shreyas/turtlebot3_ws/build/turtlebot3_example/package.xml -> /home/shreyas/turtlebot3_ws/install/turtlebot3_example/share/turtlebot3_example
[1.215s] Invoked command in '/home/shreyas/turtlebot3_ws/build/turtlebot3_example' returned '0': PYTHONPATH=/home/shreyas/turtlebot3_ws/build/turtlebot3_example/prefix_override:/home/shreyas/.local/lib/python3.10/site-packages/colcon_core/task/python/colcon_distutils_commands:/home/shreyas/turtlebot3_ws/install/turtlebot3_example/lib/python3.10/site-packages:${PYTHONPATH} /usr/bin/python3 -W ignore:setup.py install is deprecated -W ignore:easy_install command is deprecated setup.py develop --editable --build-directory /home/shreyas/turtlebot3_ws/build/turtlebot3_example/build --no-deps symlink_data
