[0.023s] Invoking command in '/home/shreyas/turtlebot3_ws/build/turtlebot3_cartographer': CMAKE_PREFIX_PATH=${CMAKE_PREFIX_PATH}:/home/shreyas/turtlebot3_ws/install/turtlebot3_teleop:/home/shreyas/turtlebot3_ws/install/turtlebot3_example:/opt/ros/humble /usr/bin/cmake --build /home/shreyas/turtlebot3_ws/build/turtlebot3_cartographer -- -j18 -l18
[0.373s] Invoked command in '/home/shreyas/turtlebot3_ws/build/turtlebot3_cartographer' returned '0': CMAKE_PREFIX_PATH=${CMAKE_PREFIX_PATH}:/home/shreyas/turtlebot3_ws/install/turtlebot3_teleop:/home/shreyas/turtlebot3_ws/install/turtlebot3_example:/opt/ros/humble /usr/bin/cmake --build /home/shreyas/turtlebot3_ws/build/turtlebot3_cartographer -- -j18 -l18
[0.384s] Invoking command in '/home/shreyas/turtlebot3_ws/build/turtlebot3_cartographer': CMAKE_PREFIX_PATH=${CMAKE_PREFIX_PATH}:/home/shreyas/turtlebot3_ws/install/turtlebot3_teleop:/home/shreyas/turtlebot3_ws/install/turtlebot3_example:/opt/ros/humble /usr/bin/cmake --install /home/shreyas/turtlebot3_ws/build/turtlebot3_cartographer
[0.394s] -- Install configuration: ""
[0.395s] -- Execute custom install script
[0.396s] -- Up-to-date symlink: /home/shreyas/turtlebot3_ws/install/turtlebot3_cartographer/share/turtlebot3_cartographer/config/turtlebot3_lds_2d.lua
[0.396s] -- Up-to-date symlink: /home/shreyas/turtlebot3_ws/install/turtlebot3_cartographer/share/turtlebot3_cartographer/launch/cartographer.launch.py
[0.396s] -- Up-to-date symlink: /home/shreyas/turtlebot3_ws/install/turtlebot3_cartographer/share/turtlebot3_cartographer/launch/occupancy_grid.launch.py
[0.396s] -- Up-to-date symlink: /home/shreyas/turtlebot3_ws/install/turtlebot3_cartographer/share/turtlebot3_cartographer/rviz/tb3_cartographer.rviz
[0.397s] -- Up-to-date symlink: /home/shreyas/turtlebot3_ws/install/turtlebot3_cartographer/share/ament_index/resource_index/package_run_dependencies/turtlebot3_cartographer
[0.397s] -- Up-to-date symlink: /home/shreyas/turtlebot3_ws/install/turtlebot3_cartographer/share/ament_index/resource_index/parent_prefix_path/turtlebot3_cartographer
[0.397s] -- Up-to-date symlink: /home/shreyas/turtlebot3_ws/install/turtlebot3_cartographer/share/turtlebot3_cartographer/environment/ament_prefix_path.sh
[0.397s] -- Up-to-date symlink: /home/shreyas/turtlebot3_ws/install/turtlebot3_cartographer/share/turtlebot3_cartographer/environment/ament_prefix_path.dsv
[0.397s] -- Up-to-date symlink: /home/shreyas/turtlebot3_ws/install/turtlebot3_cartographer/share/turtlebot3_cartographer/environment/path.sh
[0.397s] -- Up-to-date symlink: /home/shreyas/turtlebot3_ws/install/turtlebot3_cartographer/share/turtlebot3_cartographer/environment/path.dsv
[0.397s] -- Up-to-date symlink: /home/shreyas/turtlebot3_ws/install/turtlebot3_cartographer/share/turtlebot3_cartographer/local_setup.bash
[0.397s] -- Up-to-date symlink: /home/shreyas/turtlebot3_ws/install/turtlebot3_cartographer/share/turtlebot3_cartographer/local_setup.sh
[0.399s] -- Up-to-date symlink: /home/shreyas/turtlebot3_ws/install/turtlebot3_cartographer/share/turtlebot3_cartographer/local_setup.zsh
[0.399s] -- Up-to-date symlink: /home/shreyas/turtlebot3_ws/install/turtlebot3_cartographer/share/turtlebot3_cartographer/local_setup.dsv
[0.399s] -- Symlinking: /home/shreyas/turtlebot3_ws/install/turtlebot3_cartographer/share/turtlebot3_cartographer/package.dsv
[0.408s] -- Up-to-date symlink: /home/shreyas/turtlebot3_ws/install/turtlebot3_cartographer/share/ament_index/resource_index/packages/turtlebot3_cartographer
[0.409s] -- Up-to-date symlink: /home/shreyas/turtlebot3_ws/install/turtlebot3_cartographer/share/turtlebot3_cartographer/cmake/turtlebot3_cartographerConfig.cmake
[0.409s] -- Up-to-date symlink: /home/shreyas/turtlebot3_ws/install/turtlebot3_cartographer/share/turtlebot3_cartographer/cmake/turtlebot3_cartographerConfig-version.cmake
[0.409s] -- Up-to-date symlink: /home/shreyas/turtlebot3_ws/install/turtlebot3_cartographer/share/turtlebot3_cartographer/package.xml
[0.439s] Invoked command in '/home/shreyas/turtlebot3_ws/build/turtlebot3_cartographer' returned '0': CMAKE_PREFIX_PATH=${CMAKE_PREFIX_PATH}:/home/shreyas/turtlebot3_ws/install/turtlebot3_teleop:/home/shreyas/turtlebot3_ws/install/turtlebot3_example:/opt/ros/humble /usr/bin/cmake --install /home/shreyas/turtlebot3_ws/build/turtlebot3_cartographer
