[0.349s] Invoking command in '/home/shreyas/turtlebot3_ws/build/multi_turtlebot3_slam': CMAKE_PREFIX_PATH=/opt/ros/humble /usr/bin/cmake --build /home/shreyas/turtlebot3_ws/build/multi_turtlebot3_slam -- -j18 -l18
[0.370s] -- Found ament_cmake: 1.3.10 (/opt/ros/humble/share/ament_cmake/cmake)
[0.451s] -- Override CMake install command with custom implementation using symlinks instead of copying resources
[0.456s] -- Found ament_lint_auto: 0.12.11 (/opt/ros/humble/share/ament_lint_auto/cmake)
[0.513s] -- Added test 'flake8' to check Python code syntax and style conventions
[0.513s] -- Added test 'lint_cmake' to check CMake code style
[0.514s] -- Added test 'pep257' to check Python code against some of the docstring style conventions in PEP 257
[0.514s] -- Added test 'xmllint' to check XML markup files
[0.514s] -- Configuring done
[0.516s] -- Generating done
[0.517s] -- Build files have been written to: /home/shreyas/turtlebot3_ws/build/multi_turtlebot3_slam
[0.534s] Invoked command in '/home/shreyas/turtlebot3_ws/build/multi_turtlebot3_slam' returned '0': CMAKE_PREFIX_PATH=/opt/ros/humble /usr/bin/cmake --build /home/shreyas/turtlebot3_ws/build/multi_turtlebot3_slam -- -j18 -l18
[0.535s] Invoking command in '/home/shreyas/turtlebot3_ws/build/multi_turtlebot3_slam': CMAKE_PREFIX_PATH=/opt/ros/humble /usr/bin/cmake --install /home/shreyas/turtlebot3_ws/build/multi_turtlebot3_slam
[0.542s] -- Install configuration: ""
[0.542s] -- Execute custom install script
[0.542s] -- Up-to-date symlink: /home/shreyas/turtlebot3_ws/install/multi_turtlebot3_slam/share/ament_index/resource_index/package_run_dependencies/multi_turtlebot3_slam
[0.542s] -- Up-to-date symlink: /home/shreyas/turtlebot3_ws/install/multi_turtlebot3_slam/share/ament_index/resource_index/parent_prefix_path/multi_turtlebot3_slam
[0.542s] -- Up-to-date symlink: /home/shreyas/turtlebot3_ws/install/multi_turtlebot3_slam/share/multi_turtlebot3_slam/environment/ament_prefix_path.sh
[0.542s] -- Up-to-date symlink: /home/shreyas/turtlebot3_ws/install/multi_turtlebot3_slam/share/multi_turtlebot3_slam/environment/ament_prefix_path.dsv
[0.542s] -- Up-to-date symlink: /home/shreyas/turtlebot3_ws/install/multi_turtlebot3_slam/share/multi_turtlebot3_slam/environment/path.sh
[0.543s] -- Up-to-date symlink: /home/shreyas/turtlebot3_ws/install/multi_turtlebot3_slam/share/multi_turtlebot3_slam/environment/path.dsv
[0.543s] -- Up-to-date symlink: /home/shreyas/turtlebot3_ws/install/multi_turtlebot3_slam/share/multi_turtlebot3_slam/local_setup.bash
[0.543s] -- Up-to-date symlink: /home/shreyas/turtlebot3_ws/install/multi_turtlebot3_slam/share/multi_turtlebot3_slam/local_setup.sh
[0.543s] -- Up-to-date symlink: /home/shreyas/turtlebot3_ws/install/multi_turtlebot3_slam/share/multi_turtlebot3_slam/local_setup.zsh
[0.543s] -- Up-to-date symlink: /home/shreyas/turtlebot3_ws/install/multi_turtlebot3_slam/share/multi_turtlebot3_slam/local_setup.dsv
[0.543s] -- Symlinking: /home/shreyas/turtlebot3_ws/install/multi_turtlebot3_slam/share/multi_turtlebot3_slam/package.dsv
[0.548s] -- Up-to-date symlink: /home/shreyas/turtlebot3_ws/install/multi_turtlebot3_slam/share/ament_index/resource_index/packages/multi_turtlebot3_slam
[0.548s] -- Up-to-date symlink: /home/shreyas/turtlebot3_ws/install/multi_turtlebot3_slam/share/multi_turtlebot3_slam/cmake/multi_turtlebot3_slamConfig.cmake
[0.548s] -- Up-to-date symlink: /home/shreyas/turtlebot3_ws/install/multi_turtlebot3_slam/share/multi_turtlebot3_slam/cmake/multi_turtlebot3_slamConfig-version.cmake
[0.548s] -- Up-to-date symlink: /home/shreyas/turtlebot3_ws/install/multi_turtlebot3_slam/share/multi_turtlebot3_slam/package.xml
[0.550s] Invoked command in '/home/shreyas/turtlebot3_ws/build/multi_turtlebot3_slam' returned '0': CMAKE_PREFIX_PATH=/opt/ros/humble /usr/bin/cmake --install /home/shreyas/turtlebot3_ws/build/multi_turtlebot3_slam
