[0.815s] Invoking command in '/home/shreyas/turtlebot3_ws/build/turtlebot3_example': PYTHONPATH=/home/shreyas/turtlebot3_ws/build/turtlebot3_example/prefix_override:/home/shreyas/.local/lib/python3.10/site-packages/colcon_core/task/python/colcon_distutils_commands:/home/shreyas/turtlebot3_ws/install/turtlebot3_example/lib/python3.10/site-packages:${PYTHONPATH} /usr/bin/python3 -W ignore:setup.py install is deprecated -W ignore:easy_install command is deprecated setup.py develop --editable --build-directory /home/shreyas/turtlebot3_ws/build/turtlebot3_example/build --no-deps symlink_data
[0.988s] running develop
[1.085s] running egg_info
[1.085s] writing turtlebot3_example.egg-info/PKG-INFO
[1.086s] writing dependency_links to turtlebot3_example.egg-info/dependency_links.txt
[1.086s] writing entry points to turtlebot3_example.egg-info/entry_points.txt
[1.086s] writing requirements to turtlebot3_example.egg-info/requires.txt
[1.086s] writing top-level names to turtlebot3_example.egg-info/top_level.txt
[1.087s] reading manifest file 'turtlebot3_example.egg-info/SOURCES.txt'
[1.087s] writing manifest file 'turtlebot3_example.egg-info/SOURCES.txt'
[1.088s] running build_ext
[1.089s] Creating /home/shreyas/turtlebot3_ws/install/turtlebot3_example/lib/python3.10/site-packages/turtlebot3-example.egg-link (link to .)
[1.089s] Installing turtlebot3_obstacle_detection script to /home/shreyas/turtlebot3_ws/install/turtlebot3_example/lib/turtlebot3_example
[1.089s] Installing turtlebot3_patrol_client script to /home/shreyas/turtlebot3_ws/install/turtlebot3_example/lib/turtlebot3_example
[1.089s] Installing turtlebot3_patrol_server script to /home/shreyas/turtlebot3_ws/install/turtlebot3_example/lib/turtlebot3_example
[1.089s] Installing turtlebot3_position_control script to /home/shreyas/turtlebot3_ws/install/turtlebot3_example/lib/turtlebot3_example
[1.089s] 
[1.089s] Installed /home/shreyas/turtlebot3_ws/build/turtlebot3_example
[1.089s] running symlink_data
[1.106s] Invoked command in '/home/shreyas/turtlebot3_ws/build/turtlebot3_example' returned '0': PYTHONPATH=/home/shreyas/turtlebot3_ws/build/turtlebot3_example/prefix_override:/home/shreyas/.local/lib/python3.10/site-packages/colcon_core/task/python/colcon_distutils_commands:/home/shreyas/turtlebot3_ws/install/turtlebot3_example/lib/python3.10/site-packages:${PYTHONPATH} /usr/bin/python3 -W ignore:setup.py install is deprecated -W ignore:easy_install command is deprecated setup.py develop --editable --build-directory /home/shreyas/turtlebot3_ws/build/turtlebot3_example/build --no-deps symlink_data
