[0.794s] Invoking command in '/home/shreyas/turtlebot3_ws/src/turtlebot3/turtlebot3_example': PYTHONPATH=/home/shreyas/turtlebot3_ws/build/turtlebot3_example/prefix_override:/home/shreyas/.local/lib/python3.10/site-packages/colcon_core/task/python/colcon_distutils_commands:/home/shreyas/turtlebot3_ws/install/turtlebot3_example/lib/python3.10/site-packages:${PYTHONPATH} /usr/bin/python3 -W ignore:setup.py install is deprecated -W ignore:easy_install command is deprecated setup.py egg_info --egg-base ../../../build/turtlebot3_example build --build-base /home/shreyas/turtlebot3_ws/build/turtlebot3_example/build install --record /home/shreyas/turtlebot3_ws/build/turtlebot3_example/install.log --single-version-externally-managed install_data
[0.943s] running egg_info
[0.943s] writing ../../../build/turtlebot3_example/turtlebot3_example.egg-info/PKG-INFO
[0.943s] writing dependency_links to ../../../build/turtlebot3_example/turtlebot3_example.egg-info/dependency_links.txt
[0.943s] writing entry points to ../../../build/turtlebot3_example/turtlebot3_example.egg-info/entry_points.txt
[0.943s] writing requirements to ../../../build/turtlebot3_example/turtlebot3_example.egg-info/requires.txt
[0.943s] writing top-level names to ../../../build/turtlebot3_example/turtlebot3_example.egg-info/top_level.txt
[0.944s] reading manifest file '../../../build/turtlebot3_example/turtlebot3_example.egg-info/SOURCES.txt'
[0.945s] writing manifest file '../../../build/turtlebot3_example/turtlebot3_example.egg-info/SOURCES.txt'
[0.945s] running build
[0.945s] running build_py
[0.946s] running install
[0.946s] running install_lib
[0.947s] running install_data
[0.947s] running install_egg_info
[0.949s] removing '/home/shreyas/turtlebot3_ws/install/turtlebot3_example/lib/python3.10/site-packages/turtlebot3_example-2.1.5-py3.10.egg-info' (and everything under it)
[0.949s] Copying ../../../build/turtlebot3_example/turtlebot3_example.egg-info to /home/shreyas/turtlebot3_ws/install/turtlebot3_example/lib/python3.10/site-packages/turtlebot3_example-2.1.5-py3.10.egg-info
[0.949s] running install_scripts
[0.962s] Installing turtlebot3_obstacle_detection script to /home/shreyas/turtlebot3_ws/install/turtlebot3_example/lib/turtlebot3_example
[0.962s] Installing turtlebot3_patrol_client script to /home/shreyas/turtlebot3_ws/install/turtlebot3_example/lib/turtlebot3_example
[0.963s] Installing turtlebot3_patrol_server script to /home/shreyas/turtlebot3_ws/install/turtlebot3_example/lib/turtlebot3_example
[0.963s] Installing turtlebot3_position_control script to /home/shreyas/turtlebot3_ws/install/turtlebot3_example/lib/turtlebot3_example
[0.963s] writing list of installed files to '/home/shreyas/turtlebot3_ws/build/turtlebot3_example/install.log'
[0.983s] Invoked command in '/home/shreyas/turtlebot3_ws/src/turtlebot3/turtlebot3_example' returned '0': PYTHONPATH=/home/shreyas/turtlebot3_ws/build/turtlebot3_example/prefix_override:/home/shreyas/.local/lib/python3.10/site-packages/colcon_core/task/python/colcon_distutils_commands:/home/shreyas/turtlebot3_ws/install/turtlebot3_example/lib/python3.10/site-packages:${PYTHONPATH} /usr/bin/python3 -W ignore:setup.py install is deprecated -W ignore:easy_install command is deprecated setup.py egg_info --egg-base ../../../build/turtlebot3_example build --build-base /home/shreyas/turtlebot3_ws/build/turtlebot3_example/build install --record /home/shreyas/turtlebot3_ws/build/turtlebot3_example/install.log --single-version-externally-managed install_data
