/home/imangi/Documents/GitHub/Bharat-Forge-Inter-IIT-24/install/slam/lib/python3.10/site-packages/slam/camera_node.py
/home/imangi/Documents/GitHub/Bharat-Forge-Inter-IIT-24/install/slam/lib/python3.10/site-packages/slam/nearest_bot_node.py
/home/imangi/Documents/GitHub/Bharat-Forge-Inter-IIT-24/install/slam/lib/python3.10/site-packages/slam/operatorNode.py
/home/imangi/Documents/GitHub/Bharat-Forge-Inter-IIT-24/install/slam/lib/python3.10/site-packages/slam/__init__.py
/home/imangi/Documents/GitHub/Bharat-Forge-Inter-IIT-24/install/slam/lib/python3.10/site-packages/slam/__pycache__/camera_node.cpython-310.pyc
/home/imangi/Documents/GitHub/Bharat-Forge-Inter-IIT-24/install/slam/lib/python3.10/site-packages/slam/__pycache__/nearest_bot_node.cpython-310.pyc
/home/imangi/Documents/GitHub/Bharat-Forge-Inter-IIT-24/install/slam/lib/python3.10/site-packages/slam/__pycache__/operatorNode.cpython-310.pyc
/home/imangi/Documents/GitHub/Bharat-Forge-Inter-IIT-24/install/slam/lib/python3.10/site-packages/slam/__pycache__/__init__.cpython-310.pyc
/home/imangi/Documents/GitHub/Bharat-Forge-Inter-IIT-24/install/slam/share/ament_index/resource_index/packages/slam
/home/imangi/Documents/GitHub/Bharat-Forge-Inter-IIT-24/install/slam/share/slam/package.xml
/home/imangi/Documents/GitHub/Bharat-Forge-Inter-IIT-24/install/slam/share/slam/config/controller_robot_1.yaml
/home/imangi/Documents/GitHub/Bharat-Forge-Inter-IIT-24/install/slam/share/slam/launch/launch.py
/home/imangi/Documents/GitHub/Bharat-Forge-Inter-IIT-24/install/slam/share/slam/config/mapper_params_online_async.yaml
/home/imangi/Documents/GitHub/Bharat-Forge-Inter-IIT-24/install/slam/share/slam/urdf/lidar.xacro
/home/imangi/Documents/GitHub/Bharat-Forge-Inter-IIT-24/install/slam/share/slam/urdf/base.xacro
/home/imangi/Documents/GitHub/Bharat-Forge-Inter-IIT-24/install/slam/share/slam/urdf/robot.urdf.xacro
/home/imangi/Documents/GitHub/Bharat-Forge-Inter-IIT-24/install/slam/share/slam/urdf/wheels.xacro
/home/imangi/Documents/GitHub/Bharat-Forge-Inter-IIT-24/install/slam/share/slam/urdf/gazebo_plugins.xacro
/home/imangi/Documents/GitHub/Bharat-Forge-Inter-IIT-24/install/slam/lib/python3.10/site-packages/slam-0.0.0-py3.10.egg-info/SOURCES.txt
/home/imangi/Documents/GitHub/Bharat-Forge-Inter-IIT-24/install/slam/lib/python3.10/site-packages/slam-0.0.0-py3.10.egg-info/requires.txt
/home/imangi/Documents/GitHub/Bharat-Forge-Inter-IIT-24/install/slam/lib/python3.10/site-packages/slam-0.0.0-py3.10.egg-info/zip-safe
/home/imangi/Documents/GitHub/Bharat-Forge-Inter-IIT-24/install/slam/lib/python3.10/site-packages/slam-0.0.0-py3.10.egg-info/top_level.txt
/home/imangi/Documents/GitHub/Bharat-Forge-Inter-IIT-24/install/slam/lib/python3.10/site-packages/slam-0.0.0-py3.10.egg-info/entry_points.txt
/home/imangi/Documents/GitHub/Bharat-Forge-Inter-IIT-24/install/slam/lib/python3.10/site-packages/slam-0.0.0-py3.10.egg-info/dependency_links.txt
/home/imangi/Documents/GitHub/Bharat-Forge-Inter-IIT-24/install/slam/lib/python3.10/site-packages/slam-0.0.0-py3.10.egg-info/PKG-INFO
/home/imangi/Documents/GitHub/Bharat-Forge-Inter-IIT-24/install/slam/lib/slam/camera_node
/home/imangi/Documents/GitHub/Bharat-Forge-Inter-IIT-24/install/slam/lib/slam/nearest_bot
/home/imangi/Documents/GitHub/Bharat-Forge-Inter-IIT-24/install/slam/lib/slam/operator_node
