[0.024s] Invoking command in '/home/shreyas/turtlebot3_ws/build/turtlebot3_gazebo': CMAKE_PREFIX_PATH=${CMAKE_PREFIX_PATH}:/opt/ros/humble /usr/bin/cmake /home/shreyas/turtlebot3_ws/src/turtlebot3_simulations/turtlebot3_gazebo -DAMENT_CMAKE_SYMLINK_INSTALL=1 -DCMAKE_INSTALL_PREFIX=/home/shreyas/turtlebot3_ws/install/turtlebot3_gazebo
[0.258s] -- The C compiler identification is GNU 11.4.0
[0.258s] -- The CXX compiler identification is GNU 11.4.0
[0.258s] -- Detecting C compiler ABI info
[0.258s] -- Detecting C compiler ABI info - done
[0.258s] -- Check for working C compiler: /usr/bin/cc - skipped
[0.259s] -- Detecting C compile features
[0.259s] -- Detecting C compile features - done
[0.259s] -- Detecting CXX compiler ABI info
[0.259s] -- Detecting CXX compiler ABI info - done
[0.259s] -- Check for working CXX compiler: /usr/bin/c++ - skipped
[0.259s] -- Detecting CXX compile features
[0.259s] -- Detecting CXX compile features - done
[0.259s] -- Found ament_cmake: 1.3.10 (/opt/ros/humble/share/ament_cmake/cmake)
[0.350s] -- Found Python3: /usr/bin/python3 (found version "3.10.12") found components: Interpreter 
[0.398s] -- Override CMake install command with custom implementation using symlinks instead of copying resources
[0.432s] [33mCMake Warning (dev) at /usr/share/cmake-3.22/Modules/FindPackageHandleStandardArgs.cmake:438 (message):
[0.432s]   The package name passed to `find_package_handle_standard_args` (PkgConfig)
[0.432s]   does not match the name of the calling package (gazebo).  This can lead to
[0.432s]   problems in calling code that expects `find_package` result variables
[0.432s]   (e.g., `_FOUND`) to follow a certain pattern.
[0.432s] Call Stack (most recent call first):
[0.432s]   /usr/share/cmake-3.22/Modules/FindPkgConfig.cmake:99 (find_package_handle_standard_args)
[0.432s]   /usr/lib/x86_64-linux-gnu/cmake/gazebo/gazebo-config.cmake:72 (include)
[0.432s]   CMakeLists.txt:23 (find_package)
[0.432s] This warning is for project developers.  Use -Wno-dev to suppress it.
[0.432s] [0m
[0.432s] -- Found PkgConfig: /usr/bin/pkg-config (found version "0.29.2") 
[0.435s] -- Checking for module 'bullet>=2.82'
[0.441s] --   Found bullet, version 3.05
[0.532s] -- Found fcl: /usr/include (found suitable version "0.7.0", minimum required is "0.5.0") 
[0.571s] -- Found assimp: /usr/include (found version "5.2.0") 
[0.583s] -- Found DART: /usr/include (Required is at least version "6.6") found components: dart 
[0.726s] -- Found Boost: /usr/lib/x86_64-linux-gnu/cmake/Boost-1.74.0/BoostConfig.cmake (found suitable version "1.74.0", minimum required is "1.40.0") found components: thread system filesystem program_options regex iostreams date_time 
[0.738s] -- Found Protobuf: /usr/lib/x86_64-linux-gnu/libprotobuf.so (found version "3.12.4") 
[0.743s] -- Looking for ignition-math6 -- found version 6.15.1
[0.749s] -- Searching for dependencies of ignition-math6
[0.750s] -- Looking for OGRE...
[0.751s] -- OGRE_PREFIX_WATCH changed.
[0.756s] -- Checking for module 'OGRE'
[0.767s] --   Found OGRE, version 1.9.0
[0.794s] -- Found Ogre Ghadamon (1.9.0)
[0.801s] -- Found OGRE: optimized;/usr/lib/x86_64-linux-gnu/libOgreMain.so;debug;/usr/lib/x86_64-linux-gnu/libOgreMain.so
[0.812s] -- Looking for OGRE_Paging...
[0.820s] -- Found OGRE_Paging: optimized;/usr/lib/x86_64-linux-gnu/libOgrePaging.so;debug;/usr/lib/x86_64-linux-gnu/libOgrePaging.so
[0.820s] -- Looking for OGRE_Terrain...
[0.823s] -- Found OGRE_Terrain: optimized;/usr/lib/x86_64-linux-gnu/libOgreTerrain.so;debug;/usr/lib/x86_64-linux-gnu/libOgreTerrain.so
[0.823s] -- Looking for OGRE_Property...
[0.826s] -- Found OGRE_Property: optimized;/usr/lib/x86_64-linux-gnu/libOgreProperty.so;debug;/usr/lib/x86_64-linux-gnu/libOgreProperty.so
[0.826s] -- Looking for OGRE_RTShaderSystem...
[0.829s] -- Found OGRE_RTShaderSystem: optimized;/usr/lib/x86_64-linux-gnu/libOgreRTShaderSystem.so;debug;/usr/lib/x86_64-linux-gnu/libOgreRTShaderSystem.so
[0.829s] -- Looking for OGRE_Volume...
[0.832s] -- Found OGRE_Volume: optimized;/usr/lib/x86_64-linux-gnu/libOgreVolume.so;debug;/usr/lib/x86_64-linux-gnu/libOgreVolume.so
[0.832s] -- Looking for OGRE_Overlay...
[0.835s] -- Found OGRE_Overlay: optimized;/usr/lib/x86_64-linux-gnu/libOgreOverlay.so;debug;/usr/lib/x86_64-linux-gnu/libOgreOverlay.so
[0.907s] -- Looking for ignition-math6 -- found version 6.15.1
[0.910s] -- Looking for ignition-transport8 -- found version 8.2.1
[0.910s] -- Searching for dependencies of ignition-transport8
[0.930s] -- Found Protobuf: /usr/lib/x86_64-linux-gnu/libprotobuf.so (found suitable version "3.12.4", minimum required is "3") 
[0.937s] -- Config-file not installed for ZeroMQ -- checking for pkg-config
[0.941s] -- Checking for module 'libzmq >= 4'
[0.951s] --   Found libzmq , version 4.3.4
[0.982s] -- Found ZeroMQ: TRUE (Required is at least version "4") 
[0.987s] -- Checking for module 'uuid'
[0.998s] --   Found uuid, version 2.37.2
[1.025s] -- Found UUID: TRUE  
[1.027s] -- Looking for ignition-msgs5 -- found version 5.8.1
[1.027s] -- Searching for dependencies of ignition-msgs5
[1.043s] -- Looking for ignition-math6 -- found version 6.15.1
[1.047s] -- Checking for module 'tinyxml2'
[1.058s] --   Found tinyxml2, version 9.0.0
[1.086s] -- Looking for ignition-msgs5 -- found version 5.8.1
[1.088s] -- Looking for ignition-common3 -- found version 3.14.0
[1.088s] -- Searching for dependencies of ignition-common3
[1.088s] -- Looking for dlfcn.h - found
[1.090s] -- Looking for libdl - found
[1.091s] -- Found DL: TRUE  
[1.100s] -- Found tinyobjloader: /usr/lib/x86_64-linux-gnu/cmake/tinyobjloader/tinyobjloader-config.cmake (found version "2.0.0") 
[1.101s] -- Searching for <ignition-common3> component [graphics]
[1.102s] -- Looking for ignition-common3-graphics -- found version 3.14.0
[1.102s] -- Searching for dependencies of ignition-common3-graphics
[1.102s] -- Looking for ignition-math6 -- found version 6.15.1
[1.105s] -- Looking for ignition-fuel_tools4 -- found version 4.4.0
[1.105s] -- Searching for dependencies of ignition-fuel_tools4
[1.174s] -- Found CURL: /usr/lib/x86_64-linux-gnu/libcurl.so (found version "7.81.0")  
[1.182s] -- Checking for module 'jsoncpp'
[1.193s] --   Found jsoncpp, version 1.9.5
[1.223s] -- Found JSONCPP: TRUE  
[1.229s] -- Checking for module 'libzip'
[1.240s] --   Found libzip, version 1.7.3
[1.269s] -- Found ZIP: TRUE  
[1.269s] -- Looking for ignition-common3 -- found version 3.14.0
[1.270s] -- Looking for ignition-math6 -- found version 6.15.1
[1.270s] -- Looking for ignition-msgs5 -- found version 5.8.1
[1.277s] -- Found gazebo_ros_pkgs: 3.7.0 (/opt/ros/humble/share/gazebo_ros_pkgs/cmake)
[1.279s] -- Found geometry_msgs: 4.2.4 (/opt/ros/humble/share/geometry_msgs/cmake)
[1.313s] -- Found rosidl_generator_c: 3.1.5 (/opt/ros/humble/share/rosidl_generator_c/cmake)
[1.318s] -- Found rosidl_adapter: 3.1.5 (/opt/ros/humble/share/rosidl_adapter/cmake)
[1.327s] -- Found rosidl_generator_cpp: 3.1.5 (/opt/ros/humble/share/rosidl_generator_cpp/cmake)
[1.340s] -- Using all available rosidl_typesupport_c: rosidl_typesupport_fastrtps_c;rosidl_typesupport_introspection_c
[1.358s] -- Using all available rosidl_typesupport_cpp: rosidl_typesupport_fastrtps_cpp;rosidl_typesupport_introspection_cpp
[1.401s] -- Found nav_msgs: 4.2.4 (/opt/ros/humble/share/nav_msgs/cmake)
[1.420s] -- Found rclcpp: 16.0.10 (/opt/ros/humble/share/rclcpp/cmake)
[1.461s] -- Found rmw_implementation_cmake: 6.1.2 (/opt/ros/humble/share/rmw_implementation_cmake/cmake)
[1.464s] -- Found rmw_fastrtps_cpp: 6.2.7 (/opt/ros/humble/share/rmw_fastrtps_cpp/cmake)
[1.565s] -- Found OpenSSL: /usr/lib/x86_64-linux-gnu/libcrypto.so (found version "3.0.2")  
[1.605s] -- Found FastRTPS: /opt/ros/humble/include  
[1.665s] -- Using RMW implementation 'rmw_fastrtps_cpp' as default
[1.677s] -- Found Threads: TRUE  
[1.728s] -- Found sensor_msgs: 4.2.4 (/opt/ros/humble/share/sensor_msgs/cmake)
[1.753s] -- Found tf2: 0.25.8 (/opt/ros/humble/share/tf2/cmake)
[1.860s] -- Configuring done
[1.908s] -- Generating done
[1.918s] -- Build files have been written to: /home/shreyas/turtlebot3_ws/build/turtlebot3_gazebo
[1.943s] Invoked command in '/home/shreyas/turtlebot3_ws/build/turtlebot3_gazebo' returned '0': CMAKE_PREFIX_PATH=${CMAKE_PREFIX_PATH}:/opt/ros/humble /usr/bin/cmake /home/shreyas/turtlebot3_ws/src/turtlebot3_simulations/turtlebot3_gazebo -DAMENT_CMAKE_SYMLINK_INSTALL=1 -DCMAKE_INSTALL_PREFIX=/home/shreyas/turtlebot3_ws/install/turtlebot3_gazebo
[1.945s] Invoking command in '/home/shreyas/turtlebot3_ws/build/turtlebot3_gazebo': CMAKE_PREFIX_PATH=${CMAKE_PREFIX_PATH}:/opt/ros/humble /usr/bin/cmake --build /home/shreyas/turtlebot3_ws/build/turtlebot3_gazebo -- -j18 -l18
[2.008s] [ 12%] [32mBuilding CXX object CMakeFiles/turtlebot3_drive.dir/src/turtlebot3_drive.cpp.o[0m
[2.008s] [ 25%] [32mBuilding CXX object CMakeFiles/obstacles.dir/models/turtlebot3_dqn_world/obstacle_plugin/obstacles.cc.o[0m
[2.016s] [ 37%] [32mBuilding CXX object CMakeFiles/obstacle2.dir/models/turtlebot3_dqn_world/obstacle_plugin/obstacle2.cc.o[0m
[2.016s] [ 50%] [32mBuilding CXX object CMakeFiles/obstacle1.dir/models/turtlebot3_dqn_world/obstacle_plugin/obstacle1.cc.o[0m
[11.822s] [ 62%] [32m[1mLinking CXX executable turtlebot3_drive[0m
[12.251s] [ 62%] Built target turtlebot3_drive
[12.894s] [ 75%] [32m[1mLinking CXX shared library libobstacle2.so[0m
[13.180s] [ 75%] Built target obstacle2
[13.472s] [ 87%] [32m[1mLinking CXX shared library libobstacle1.so[0m
[13.647s] [ 87%] Built target obstacle1
[14.666s] [100%] [32m[1mLinking CXX shared library libobstacles.so[0m
[14.816s] [100%] Built target obstacles
[14.827s] Invoked command in '/home/shreyas/turtlebot3_ws/build/turtlebot3_gazebo' returned '0': CMAKE_PREFIX_PATH=${CMAKE_PREFIX_PATH}:/opt/ros/humble /usr/bin/cmake --build /home/shreyas/turtlebot3_ws/build/turtlebot3_gazebo -- -j18 -l18
[14.830s] Invoking command in '/home/shreyas/turtlebot3_ws/build/turtlebot3_gazebo': CMAKE_PREFIX_PATH=${CMAKE_PREFIX_PATH}:/opt/ros/humble /usr/bin/cmake --install /home/shreyas/turtlebot3_ws/build/turtlebot3_gazebo
[14.835s] -- Install configuration: ""
[14.836s] -- Execute custom install script
[14.836s] -- Symlinking: /home/shreyas/turtlebot3_ws/install/turtlebot3_gazebo/lib/turtlebot3_gazebo/turtlebot3_drive
[14.843s] -- Symlinking: /home/shreyas/turtlebot3_ws/install/turtlebot3_gazebo/share/turtlebot3_gazebo//launch/empty_world.launch.py
[14.851s] -- Symlinking: /home/shreyas/turtlebot3_ws/install/turtlebot3_gazebo/share/turtlebot3_gazebo//launch/robot_state_publisher.launch.py
[14.856s] -- Symlinking: /home/shreyas/turtlebot3_ws/install/turtlebot3_gazebo/share/turtlebot3_gazebo//launch/spawn_turtlebot3.launch.py
[14.862s] -- Symlinking: /home/shreyas/turtlebot3_ws/install/turtlebot3_gazebo/share/turtlebot3_gazebo//launch/turtlebot3_dqn_stage1.launch.py
[14.869s] -- Symlinking: /home/shreyas/turtlebot3_ws/install/turtlebot3_gazebo/share/turtlebot3_gazebo//launch/turtlebot3_dqn_stage2.launch.py
[14.877s] -- Symlinking: /home/shreyas/turtlebot3_ws/install/turtlebot3_gazebo/share/turtlebot3_gazebo//launch/turtlebot3_dqn_stage3.launch.py
[14.884s] -- Symlinking: /home/shreyas/turtlebot3_ws/install/turtlebot3_gazebo/share/turtlebot3_gazebo//launch/turtlebot3_dqn_stage4.launch.py
[14.890s] -- Symlinking: /home/shreyas/turtlebot3_ws/install/turtlebot3_gazebo/share/turtlebot3_gazebo//launch/turtlebot3_house.launch.py
[14.896s] -- Symlinking: /home/shreyas/turtlebot3_ws/install/turtlebot3_gazebo/share/turtlebot3_gazebo//launch/turtlebot3_world.launch.py
[14.902s] -- Symlinking: /home/shreyas/turtlebot3_ws/install/turtlebot3_gazebo/share/turtlebot3_gazebo//models/turtlebot3_burger/model-1_4.sdf
[14.909s] -- Symlinking: /home/shreyas/turtlebot3_ws/install/turtlebot3_gazebo/share/turtlebot3_gazebo//models/turtlebot3_burger/model.config
[14.915s] -- Symlinking: /home/shreyas/turtlebot3_ws/install/turtlebot3_gazebo/share/turtlebot3_gazebo//models/turtlebot3_burger/model.sdf
[14.923s] -- Symlinking: /home/shreyas/turtlebot3_ws/install/turtlebot3_gazebo/share/turtlebot3_gazebo//models/turtlebot3_common/meshes/burger_base.dae
[14.928s] -- Symlinking: /home/shreyas/turtlebot3_ws/install/turtlebot3_gazebo/share/turtlebot3_gazebo//models/turtlebot3_common/meshes/lds.dae
[14.934s] -- Symlinking: /home/shreyas/turtlebot3_ws/install/turtlebot3_gazebo/share/turtlebot3_gazebo//models/turtlebot3_common/meshes/r200.dae
[14.942s] -- Symlinking: /home/shreyas/turtlebot3_ws/install/turtlebot3_gazebo/share/turtlebot3_gazebo//models/turtlebot3_common/meshes/tire.dae
[14.948s] -- Symlinking: /home/shreyas/turtlebot3_ws/install/turtlebot3_gazebo/share/turtlebot3_gazebo//models/turtlebot3_common/meshes/waffle_base.dae
[14.954s] -- Symlinking: /home/shreyas/turtlebot3_ws/install/turtlebot3_gazebo/share/turtlebot3_gazebo//models/turtlebot3_common/meshes/waffle_pi_base.dae
[14.963s] -- Symlinking: /home/shreyas/turtlebot3_ws/install/turtlebot3_gazebo/share/turtlebot3_gazebo//models/turtlebot3_common/model.config
[14.971s] -- Symlinking: /home/shreyas/turtlebot3_ws/install/turtlebot3_gazebo/share/turtlebot3_gazebo//models/turtlebot3_dqn_world/goal_box/model.config
[14.977s] -- Symlinking: /home/shreyas/turtlebot3_ws/install/turtlebot3_gazebo/share/turtlebot3_gazebo//models/turtlebot3_dqn_world/goal_box/model.sdf
[14.984s] -- Symlinking: /home/shreyas/turtlebot3_ws/install/turtlebot3_gazebo/share/turtlebot3_gazebo//models/turtlebot3_dqn_world/inner_walls/model.config
[14.989s] -- Symlinking: /home/shreyas/turtlebot3_ws/install/turtlebot3_gazebo/share/turtlebot3_gazebo//models/turtlebot3_dqn_world/inner_walls/model.sdf
[14.994s] -- Symlinking: /home/shreyas/turtlebot3_ws/install/turtlebot3_gazebo/share/turtlebot3_gazebo//models/turtlebot3_dqn_world/model.config
[15.003s] -- Symlinking: /home/shreyas/turtlebot3_ws/install/turtlebot3_gazebo/share/turtlebot3_gazebo//models/turtlebot3_dqn_world/model.sdf
[15.009s] -- Symlinking: /home/shreyas/turtlebot3_ws/install/turtlebot3_gazebo/share/turtlebot3_gazebo//models/turtlebot3_dqn_world/obstacle1/model.config
[15.014s] -- Symlinking: /home/shreyas/turtlebot3_ws/install/turtlebot3_gazebo/share/turtlebot3_gazebo//models/turtlebot3_dqn_world/obstacle1/model.sdf
[15.021s] -- Symlinking: /home/shreyas/turtlebot3_ws/install/turtlebot3_gazebo/share/turtlebot3_gazebo//models/turtlebot3_dqn_world/obstacle2/model.config
[15.027s] -- Symlinking: /home/shreyas/turtlebot3_ws/install/turtlebot3_gazebo/share/turtlebot3_gazebo//models/turtlebot3_dqn_world/obstacle2/model.sdf
[15.035s] -- Symlinking: /home/shreyas/turtlebot3_ws/install/turtlebot3_gazebo/share/turtlebot3_gazebo//models/turtlebot3_dqn_world/obstacle_plugin/CMakeLists.txt
[15.042s] -- Symlinking: /home/shreyas/turtlebot3_ws/install/turtlebot3_gazebo/share/turtlebot3_gazebo//models/turtlebot3_dqn_world/obstacle_plugin/obstacle1.cc
[15.050s] -- Symlinking: /home/shreyas/turtlebot3_ws/install/turtlebot3_gazebo/share/turtlebot3_gazebo//models/turtlebot3_dqn_world/obstacle_plugin/obstacle2.cc
[15.058s] -- Symlinking: /home/shreyas/turtlebot3_ws/install/turtlebot3_gazebo/share/turtlebot3_gazebo//models/turtlebot3_dqn_world/obstacle_plugin/obstacles.cc
[15.064s] -- Symlinking: /home/shreyas/turtlebot3_ws/install/turtlebot3_gazebo/share/turtlebot3_gazebo//models/turtlebot3_dqn_world/obstacles/model.config
[15.072s] -- Symlinking: /home/shreyas/turtlebot3_ws/install/turtlebot3_gazebo/share/turtlebot3_gazebo//models/turtlebot3_dqn_world/obstacles/model.sdf
[15.079s] -- Symlinking: /home/shreyas/turtlebot3_ws/install/turtlebot3_gazebo/share/turtlebot3_gazebo//models/turtlebot3_house/model.config
[15.088s] -- Symlinking: /home/shreyas/turtlebot3_ws/install/turtlebot3_gazebo/share/turtlebot3_gazebo//models/turtlebot3_house/model.sdf
[15.093s] -- Symlinking: /home/shreyas/turtlebot3_ws/install/turtlebot3_gazebo/share/turtlebot3_gazebo//models/turtlebot3_waffle/model-1_4.sdf
[15.099s] -- Symlinking: /home/shreyas/turtlebot3_ws/install/turtlebot3_gazebo/share/turtlebot3_gazebo//models/turtlebot3_waffle/model.config
[15.105s] -- Symlinking: /home/shreyas/turtlebot3_ws/install/turtlebot3_gazebo/share/turtlebot3_gazebo//models/turtlebot3_waffle/model.sdf
[15.112s] -- Symlinking: /home/shreyas/turtlebot3_ws/install/turtlebot3_gazebo/share/turtlebot3_gazebo//models/turtlebot3_waffle_pi/model-1_4_.sdf
[15.117s] -- Symlinking: /home/shreyas/turtlebot3_ws/install/turtlebot3_gazebo/share/turtlebot3_gazebo//models/turtlebot3_waffle_pi/model.config
[15.123s] -- Symlinking: /home/shreyas/turtlebot3_ws/install/turtlebot3_gazebo/share/turtlebot3_gazebo//models/turtlebot3_waffle_pi/model.sdf
[15.130s] -- Symlinking: /home/shreyas/turtlebot3_ws/install/turtlebot3_gazebo/share/turtlebot3_gazebo//models/turtlebot3_world/meshes/hexagon.dae
[15.137s] -- Symlinking: /home/shreyas/turtlebot3_ws/install/turtlebot3_gazebo/share/turtlebot3_gazebo//models/turtlebot3_world/meshes/wall.dae
[15.144s] -- Symlinking: /home/shreyas/turtlebot3_ws/install/turtlebot3_gazebo/share/turtlebot3_gazebo//models/turtlebot3_world/model-1_4.sdf
[15.152s] -- Symlinking: /home/shreyas/turtlebot3_ws/install/turtlebot3_gazebo/share/turtlebot3_gazebo//models/turtlebot3_world/model.config
[15.160s] -- Symlinking: /home/shreyas/turtlebot3_ws/install/turtlebot3_gazebo/share/turtlebot3_gazebo//models/turtlebot3_world/model.sdf
[15.167s] -- Symlinking: /home/shreyas/turtlebot3_ws/install/turtlebot3_gazebo/share/turtlebot3_gazebo//rviz/tb3_gazebo.rviz
[15.175s] -- Symlinking: /home/shreyas/turtlebot3_ws/install/turtlebot3_gazebo/share/turtlebot3_gazebo//urdf/common_properties.urdf
[15.182s] -- Symlinking: /home/shreyas/turtlebot3_ws/install/turtlebot3_gazebo/share/turtlebot3_gazebo//urdf/turtlebot3_burger.urdf
[15.187s] -- Symlinking: /home/shreyas/turtlebot3_ws/install/turtlebot3_gazebo/share/turtlebot3_gazebo//urdf/turtlebot3_waffle.urdf
[15.194s] -- Symlinking: /home/shreyas/turtlebot3_ws/install/turtlebot3_gazebo/share/turtlebot3_gazebo//urdf/turtlebot3_waffle_pi.urdf
[15.202s] -- Symlinking: /home/shreyas/turtlebot3_ws/install/turtlebot3_gazebo/share/turtlebot3_gazebo//worlds/empty_world.world
[15.209s] -- Symlinking: /home/shreyas/turtlebot3_ws/install/turtlebot3_gazebo/share/turtlebot3_gazebo//worlds/turtlebot3_dqn_stage1.world
[15.214s] -- Symlinking: /home/shreyas/turtlebot3_ws/install/turtlebot3_gazebo/share/turtlebot3_gazebo//worlds/turtlebot3_dqn_stage2.world
[15.220s] -- Symlinking: /home/shreyas/turtlebot3_ws/install/turtlebot3_gazebo/share/turtlebot3_gazebo//worlds/turtlebot3_dqn_stage3.world
[15.227s] -- Symlinking: /home/shreyas/turtlebot3_ws/install/turtlebot3_gazebo/share/turtlebot3_gazebo//worlds/turtlebot3_dqn_stage4.world
[15.232s] -- Symlinking: /home/shreyas/turtlebot3_ws/install/turtlebot3_gazebo/share/turtlebot3_gazebo//worlds/turtlebot3_house.world
[15.238s] -- Symlinking: /home/shreyas/turtlebot3_ws/install/turtlebot3_gazebo/share/turtlebot3_gazebo//worlds/turtlebot3_world.world
[15.243s] -- Symlinking: /home/shreyas/turtlebot3_ws/install/turtlebot3_gazebo/include//turtlebot3_gazebo/turtlebot3_drive.hpp
[15.248s] -- Symlinking: /home/shreyas/turtlebot3_ws/install/turtlebot3_gazebo/share/ament_index/resource_index/package_run_dependencies/turtlebot3_gazebo
[15.254s] -- Symlinking: /home/shreyas/turtlebot3_ws/install/turtlebot3_gazebo/share/ament_index/resource_index/parent_prefix_path/turtlebot3_gazebo
[15.260s] -- Symlinking: /home/shreyas/turtlebot3_ws/install/turtlebot3_gazebo/share/turtlebot3_gazebo/environment/ament_prefix_path.sh
[15.266s] -- Symlinking: /home/shreyas/turtlebot3_ws/install/turtlebot3_gazebo/share/turtlebot3_gazebo/environment/ament_prefix_path.dsv
[15.272s] -- Symlinking: /home/shreyas/turtlebot3_ws/install/turtlebot3_gazebo/share/turtlebot3_gazebo/environment/path.sh
[15.281s] -- Symlinking: /home/shreyas/turtlebot3_ws/install/turtlebot3_gazebo/share/turtlebot3_gazebo/environment/path.dsv
[15.287s] -- Symlinking: /home/shreyas/turtlebot3_ws/install/turtlebot3_gazebo/share/turtlebot3_gazebo/local_setup.bash
[15.293s] -- Symlinking: /home/shreyas/turtlebot3_ws/install/turtlebot3_gazebo/share/turtlebot3_gazebo/local_setup.sh
[15.298s] -- Symlinking: /home/shreyas/turtlebot3_ws/install/turtlebot3_gazebo/share/turtlebot3_gazebo/local_setup.zsh
[15.304s] -- Symlinking: /home/shreyas/turtlebot3_ws/install/turtlebot3_gazebo/share/turtlebot3_gazebo/local_setup.dsv
[15.309s] -- Symlinking: /home/shreyas/turtlebot3_ws/install/turtlebot3_gazebo/share/turtlebot3_gazebo/package.dsv
[15.314s] -- Symlinking: /home/shreyas/turtlebot3_ws/install/turtlebot3_gazebo/share/ament_index/resource_index/packages/turtlebot3_gazebo
[15.321s] -- Symlinking: /home/shreyas/turtlebot3_ws/install/turtlebot3_gazebo/share/turtlebot3_gazebo/cmake/ament_cmake_export_include_directories-extras.cmake
[15.326s] -- Symlinking: /home/shreyas/turtlebot3_ws/install/turtlebot3_gazebo/share/turtlebot3_gazebo/cmake/ament_cmake_export_dependencies-extras.cmake
[15.331s] -- Symlinking: /home/shreyas/turtlebot3_ws/install/turtlebot3_gazebo/share/turtlebot3_gazebo/cmake/turtlebot3_gazeboConfig.cmake
[15.337s] -- Symlinking: /home/shreyas/turtlebot3_ws/install/turtlebot3_gazebo/share/turtlebot3_gazebo/cmake/turtlebot3_gazeboConfig-version.cmake
[15.343s] -- Symlinking: /home/shreyas/turtlebot3_ws/install/turtlebot3_gazebo/share/turtlebot3_gazebo/package.xml
[15.350s] Invoked command in '/home/shreyas/turtlebot3_ws/build/turtlebot3_gazebo' returned '0': CMAKE_PREFIX_PATH=${CMAKE_PREFIX_PATH}:/opt/ros/humble /usr/bin/cmake --install /home/shreyas/turtlebot3_ws/build/turtlebot3_gazebo
