[0.746s] Invoking command in '/home/shreyas/turtlebot3_ws/src/turtlebot3/turtlebot3_teleop': PYTHONPATH=/home/shreyas/turtlebot3_ws/build/turtlebot3_teleop/prefix_override:/home/shreyas/.local/lib/python3.10/site-packages/colcon_core/task/python/colcon_distutils_commands:/home/shreyas/turtlebot3_ws/install/turtlebot3_teleop/lib/python3.10/site-packages:${PYTHONPATH} /usr/bin/python3 -W ignore:setup.py install is deprecated -W ignore:easy_install command is deprecated setup.py egg_info --egg-base ../../../build/turtlebot3_teleop build --build-base /home/shreyas/turtlebot3_ws/build/turtlebot3_teleop/build install --record /home/shreyas/turtlebot3_ws/build/turtlebot3_teleop/install.log --single-version-externally-managed install_data
[0.909s] running egg_info
[0.909s] writing ../../../build/turtlebot3_teleop/turtlebot3_teleop.egg-info/PKG-INFO
[0.910s] writing dependency_links to ../../../build/turtlebot3_teleop/turtlebot3_teleop.egg-info/dependency_links.txt
[0.910s] writing entry points to ../../../build/turtlebot3_teleop/turtlebot3_teleop.egg-info/entry_points.txt
[0.910s] writing requirements to ../../../build/turtlebot3_teleop/turtlebot3_teleop.egg-info/requires.txt
[0.910s] writing top-level names to ../../../build/turtlebot3_teleop/turtlebot3_teleop.egg-info/top_level.txt
[0.911s] reading manifest file '../../../build/turtlebot3_teleop/turtlebot3_teleop.egg-info/SOURCES.txt'
[0.911s] writing manifest file '../../../build/turtlebot3_teleop/turtlebot3_teleop.egg-info/SOURCES.txt'
[0.911s] running build
[0.911s] running build_py
[0.912s] running install
[0.912s] running install_lib
[0.913s] running install_data
[0.913s] running install_egg_info
[0.914s] removing '/home/shreyas/turtlebot3_ws/install/turtlebot3_teleop/lib/python3.10/site-packages/turtlebot3_teleop-2.1.5-py3.10.egg-info' (and everything under it)
[0.915s] Copying ../../../build/turtlebot3_teleop/turtlebot3_teleop.egg-info to /home/shreyas/turtlebot3_ws/install/turtlebot3_teleop/lib/python3.10/site-packages/turtlebot3_teleop-2.1.5-py3.10.egg-info
[0.915s] running install_scripts
[0.929s] Installing teleop_keyboard script to /home/shreyas/turtlebot3_ws/install/turtlebot3_teleop/lib/turtlebot3_teleop
[0.929s] writing list of installed files to '/home/shreyas/turtlebot3_ws/build/turtlebot3_teleop/install.log'
[0.945s] Invoked command in '/home/shreyas/turtlebot3_ws/src/turtlebot3/turtlebot3_teleop' returned '0': PYTHONPATH=/home/shreyas/turtlebot3_ws/build/turtlebot3_teleop/prefix_override:/home/shreyas/.local/lib/python3.10/site-packages/colcon_core/task/python/colcon_distutils_commands:/home/shreyas/turtlebot3_ws/install/turtlebot3_teleop/lib/python3.10/site-packages:${PYTHONPATH} /usr/bin/python3 -W ignore:setup.py install is deprecated -W ignore:easy_install command is deprecated setup.py egg_info --egg-base ../../../build/turtlebot3_teleop build --build-base /home/shreyas/turtlebot3_ws/build/turtlebot3_teleop/build install --record /home/shreyas/turtlebot3_ws/build/turtlebot3_teleop/install.log --single-version-externally-managed install_data
