[0.762s] Invoking command in '/home/shreyas/turtlebot3_ws/src/mapMergeForMultiRobotMapping-ROS2/merge_map': PYTHONPATH=/home/shreyas/turtlebot3_ws/build/merge_map/prefix_override:/home/shreyas/.local/lib/python3.10/site-packages/colcon_core/task/python/colcon_distutils_commands:/home/shreyas/turtlebot3_ws/install/merge_map/lib/python3.10/site-packages:${PYTHONPATH} /usr/bin/python3 -W ignore:setup.py install is deprecated -W ignore:easy_install command is deprecated setup.py egg_info --egg-base ../../../build/merge_map build --build-base /home/shreyas/turtlebot3_ws/build/merge_map/build install --record /home/shreyas/turtlebot3_ws/build/merge_map/install.log --single-version-externally-managed install_data
[0.914s] running egg_info
[0.915s] writing ../../../build/merge_map/merge_map.egg-info/PKG-INFO
[0.915s] writing dependency_links to ../../../build/merge_map/merge_map.egg-info/dependency_links.txt
[0.915s] writing entry points to ../../../build/merge_map/merge_map.egg-info/entry_points.txt
[0.915s] writing requirements to ../../../build/merge_map/merge_map.egg-info/requires.txt
[0.915s] writing top-level names to ../../../build/merge_map/merge_map.egg-info/top_level.txt
[0.916s] reading manifest file '../../../build/merge_map/merge_map.egg-info/SOURCES.txt'
[0.917s] writing manifest file '../../../build/merge_map/merge_map.egg-info/SOURCES.txt'
[0.917s] running build
[0.917s] running build_py
[0.917s] running install
[0.917s] running install_lib
[0.918s] running install_data
[0.918s] running install_egg_info
[0.919s] removing '/home/shreyas/turtlebot3_ws/install/merge_map/lib/python3.10/site-packages/merge_map-0.0.0-py3.10.egg-info' (and everything under it)
[0.919s] Copying ../../../build/merge_map/merge_map.egg-info to /home/shreyas/turtlebot3_ws/install/merge_map/lib/python3.10/site-packages/merge_map-0.0.0-py3.10.egg-info
[0.919s] running install_scripts
[0.933s] Installing merge_map script to /home/shreyas/turtlebot3_ws/install/merge_map/lib/merge_map
[0.933s] writing list of installed files to '/home/shreyas/turtlebot3_ws/build/merge_map/install.log'
[0.950s] Invoked command in '/home/shreyas/turtlebot3_ws/src/mapMergeForMultiRobotMapping-ROS2/merge_map' returned '0': PYTHONPATH=/home/shreyas/turtlebot3_ws/build/merge_map/prefix_override:/home/shreyas/.local/lib/python3.10/site-packages/colcon_core/task/python/colcon_distutils_commands:/home/shreyas/turtlebot3_ws/install/merge_map/lib/python3.10/site-packages:${PYTHONPATH} /usr/bin/python3 -W ignore:setup.py install is deprecated -W ignore:easy_install command is deprecated setup.py egg_info --egg-base ../../../build/merge_map build --build-base /home/shreyas/turtlebot3_ws/build/merge_map/build install --record /home/shreyas/turtlebot3_ws/build/merge_map/install.log --single-version-externally-managed install_data
