[0.011s] Invoking command in '/home/shreyas/turtlebot3_ws/build/turtlebot3_multi_robot': CMAKE_PREFIX_PATH=/home/shreyas/turtlebot3_ws/install/turtlebot3_navigation2:/home/shreyas/turtlebot3_ws/install/turtlebot3:/home/shreyas/turtlebot3_ws/install/turtlebot3_simulations:/home/shreyas/turtlebot3_ws/install/turtlebot3_bringup:/home/shreyas/turtlebot3_ws/install/turtlebot3_node:/home/shreyas/turtlebot3_ws/install/turtlebot3_multi_robot:/home/shreyas/turtlebot3_ws/install/turtlebot3_gazebo:/home/shreyas/turtlebot3_ws/install/turtlebot3_fake_node:/home/shreyas/turtlebot3_ws/install/turtlebot3_description:/home/shreyas/turtlebot3_ws/install/turtlebot3_cartographer:/home/shreyas/turtlebot3_ws/install/multi_turtlebot3_slam:/home/shreyas/turtlebot3_ws/install/turtlebot3_teleop:/home/shreyas/turtlebot3_ws/install/turtlebot3_example:/home/shreyas/turtlebot3_ws/install/merge_map:/opt/ros/humble /usr/bin/cmake /home/shreyas/turtlebot3_ws/src/turtlebot3_multi_robot -DAMENT_CMAKE_SYMLINK_INSTALL=1 -DCMAKE_INSTALL_PREFIX=/home/shreyas/turtlebot3_ws/install/turtlebot3_multi_robot
[0.052s] -- The C compiler identification is GNU 11.4.0
[0.100s] -- The CXX compiler identification is GNU 11.4.0
[0.108s] -- Detecting C compiler ABI info
[0.170s] -- Detecting C compiler ABI info - done
[0.178s] -- Check for working C compiler: /usr/bin/cc - skipped
[0.178s] -- Detecting C compile features
[0.178s] -- Detecting C compile features - done
[0.181s] -- Detecting CXX compiler ABI info
[0.245s] -- Detecting CXX compiler ABI info - done
[0.250s] -- Check for working CXX compiler: /usr/bin/c++ - skipped
[0.250s] -- Detecting CXX compile features
[0.250s] -- Detecting CXX compile features - done
[0.252s] -- Found ament_cmake: 1.3.10 (/opt/ros/humble/share/ament_cmake/cmake)
[0.410s] -- Found Python3: /usr/bin/python3 (found version "3.10.12") found components: Interpreter 
[0.483s] -- Override CMake install command with custom implementation using symlinks instead of copying resources
[0.607s] -- Configuring done
[0.609s] -- Generating done
[0.612s] -- Build files have been written to: /home/shreyas/turtlebot3_ws/build/turtlebot3_multi_robot
[0.619s] Invoked command in '/home/shreyas/turtlebot3_ws/build/turtlebot3_multi_robot' returned '0': CMAKE_PREFIX_PATH=/home/shreyas/turtlebot3_ws/install/turtlebot3_navigation2:/home/shreyas/turtlebot3_ws/install/turtlebot3:/home/shreyas/turtlebot3_ws/install/turtlebot3_simulations:/home/shreyas/turtlebot3_ws/install/turtlebot3_bringup:/home/shreyas/turtlebot3_ws/install/turtlebot3_node:/home/shreyas/turtlebot3_ws/install/turtlebot3_multi_robot:/home/shreyas/turtlebot3_ws/install/turtlebot3_gazebo:/home/shreyas/turtlebot3_ws/install/turtlebot3_fake_node:/home/shreyas/turtlebot3_ws/install/turtlebot3_description:/home/shreyas/turtlebot3_ws/install/turtlebot3_cartographer:/home/shreyas/turtlebot3_ws/install/multi_turtlebot3_slam:/home/shreyas/turtlebot3_ws/install/turtlebot3_teleop:/home/shreyas/turtlebot3_ws/install/turtlebot3_example:/home/shreyas/turtlebot3_ws/install/merge_map:/opt/ros/humble /usr/bin/cmake /home/shreyas/turtlebot3_ws/src/turtlebot3_multi_robot -DAMENT_CMAKE_SYMLINK_INSTALL=1 -DCMAKE_INSTALL_PREFIX=/home/shreyas/turtlebot3_ws/install/turtlebot3_multi_robot
[0.622s] Invoking command in '/home/shreyas/turtlebot3_ws/build/turtlebot3_multi_robot': CMAKE_PREFIX_PATH=/home/shreyas/turtlebot3_ws/install/turtlebot3_navigation2:/home/shreyas/turtlebot3_ws/install/turtlebot3:/home/shreyas/turtlebot3_ws/install/turtlebot3_simulations:/home/shreyas/turtlebot3_ws/install/turtlebot3_bringup:/home/shreyas/turtlebot3_ws/install/turtlebot3_node:/home/shreyas/turtlebot3_ws/install/turtlebot3_multi_robot:/home/shreyas/turtlebot3_ws/install/turtlebot3_gazebo:/home/shreyas/turtlebot3_ws/install/turtlebot3_fake_node:/home/shreyas/turtlebot3_ws/install/turtlebot3_description:/home/shreyas/turtlebot3_ws/install/turtlebot3_cartographer:/home/shreyas/turtlebot3_ws/install/multi_turtlebot3_slam:/home/shreyas/turtlebot3_ws/install/turtlebot3_teleop:/home/shreyas/turtlebot3_ws/install/turtlebot3_example:/home/shreyas/turtlebot3_ws/install/merge_map:/opt/ros/humble /usr/bin/cmake --build /home/shreyas/turtlebot3_ws/build/turtlebot3_multi_robot -- -j18 -l18
[0.665s] Invoked command in '/home/shreyas/turtlebot3_ws/build/turtlebot3_multi_robot' returned '0': CMAKE_PREFIX_PATH=/home/shreyas/turtlebot3_ws/install/turtlebot3_navigation2:/home/shreyas/turtlebot3_ws/install/turtlebot3:/home/shreyas/turtlebot3_ws/install/turtlebot3_simulations:/home/shreyas/turtlebot3_ws/install/turtlebot3_bringup:/home/shreyas/turtlebot3_ws/install/turtlebot3_node:/home/shreyas/turtlebot3_ws/install/turtlebot3_multi_robot:/home/shreyas/turtlebot3_ws/install/turtlebot3_gazebo:/home/shreyas/turtlebot3_ws/install/turtlebot3_fake_node:/home/shreyas/turtlebot3_ws/install/turtlebot3_description:/home/shreyas/turtlebot3_ws/install/turtlebot3_cartographer:/home/shreyas/turtlebot3_ws/install/multi_turtlebot3_slam:/home/shreyas/turtlebot3_ws/install/turtlebot3_teleop:/home/shreyas/turtlebot3_ws/install/turtlebot3_example:/home/shreyas/turtlebot3_ws/install/merge_map:/opt/ros/humble /usr/bin/cmake --build /home/shreyas/turtlebot3_ws/build/turtlebot3_multi_robot -- -j18 -l18
[0.667s] Invoking command in '/home/shreyas/turtlebot3_ws/build/turtlebot3_multi_robot': CMAKE_PREFIX_PATH=/home/shreyas/turtlebot3_ws/install/turtlebot3_navigation2:/home/shreyas/turtlebot3_ws/install/turtlebot3:/home/shreyas/turtlebot3_ws/install/turtlebot3_simulations:/home/shreyas/turtlebot3_ws/install/turtlebot3_bringup:/home/shreyas/turtlebot3_ws/install/turtlebot3_node:/home/shreyas/turtlebot3_ws/install/turtlebot3_multi_robot:/home/shreyas/turtlebot3_ws/install/turtlebot3_gazebo:/home/shreyas/turtlebot3_ws/install/turtlebot3_fake_node:/home/shreyas/turtlebot3_ws/install/turtlebot3_description:/home/shreyas/turtlebot3_ws/install/turtlebot3_cartographer:/home/shreyas/turtlebot3_ws/install/multi_turtlebot3_slam:/home/shreyas/turtlebot3_ws/install/turtlebot3_teleop:/home/shreyas/turtlebot3_ws/install/turtlebot3_example:/home/shreyas/turtlebot3_ws/install/merge_map:/opt/ros/humble /usr/bin/cmake --install /home/shreyas/turtlebot3_ws/build/turtlebot3_multi_robot
[0.675s] -- Install configuration: ""
[0.675s] -- Execute custom install script
[0.676s] -- Symlinking: /home/shreyas/turtlebot3_ws/install/turtlebot3_multi_robot/share/turtlebot3_multi_robot//launch/gazebo_multi_nav2_world.launch.py
[0.686s] -- Symlinking: /home/shreyas/turtlebot3_ws/install/turtlebot3_multi_robot/share/turtlebot3_multi_robot//launch/gazebo_multi_world.launch.py
[0.694s] -- Symlinking: /home/shreyas/turtlebot3_ws/install/turtlebot3_multi_robot/share/turtlebot3_multi_robot//launch/multi_robot_slam_simple.launch.py
[0.703s] -- Symlinking: /home/shreyas/turtlebot3_ws/install/turtlebot3_multi_robot/share/turtlebot3_multi_robot//launch/nav2_bringup/bringup_launch.py
[0.714s] -- Symlinking: /home/shreyas/turtlebot3_ws/install/turtlebot3_multi_robot/share/turtlebot3_multi_robot//launch/nav2_bringup/localization_launch.py
[0.722s] -- Symlinking: /home/shreyas/turtlebot3_ws/install/turtlebot3_multi_robot/share/turtlebot3_multi_robot//launch/nav2_bringup/navigation_launch.py
[0.732s] -- Symlinking: /home/shreyas/turtlebot3_ws/install/turtlebot3_multi_robot/share/turtlebot3_multi_robot//launch/nav2_bringup/rviz_launch.py
[0.743s] -- Symlinking: /home/shreyas/turtlebot3_ws/install/turtlebot3_multi_robot/share/turtlebot3_multi_robot//launch/nav2_bringup/slam_launch.py
[0.754s] -- Symlinking: /home/shreyas/turtlebot3_ws/install/turtlebot3_multi_robot/share/turtlebot3_multi_robot//models/turtlebot3_burger/meshes/burger_base.dae
[0.763s] -- Symlinking: /home/shreyas/turtlebot3_ws/install/turtlebot3_multi_robot/share/turtlebot3_multi_robot//models/turtlebot3_burger/meshes/lds.dae
[0.771s] -- Symlinking: /home/shreyas/turtlebot3_ws/install/turtlebot3_multi_robot/share/turtlebot3_multi_robot//models/turtlebot3_burger/meshes/lds.stl
[0.777s] -- Symlinking: /home/shreyas/turtlebot3_ws/install/turtlebot3_multi_robot/share/turtlebot3_multi_robot//models/turtlebot3_burger/meshes/tire.dae
[0.788s] -- Symlinking: /home/shreyas/turtlebot3_ws/install/turtlebot3_multi_robot/share/turtlebot3_multi_robot//models/turtlebot3_burger/model-1_4.sdf
[0.798s] -- Symlinking: /home/shreyas/turtlebot3_ws/install/turtlebot3_multi_robot/share/turtlebot3_multi_robot//models/turtlebot3_burger/model.config
[0.809s] -- Symlinking: /home/shreyas/turtlebot3_ws/install/turtlebot3_multi_robot/share/turtlebot3_multi_robot//models/turtlebot3_burger/model.sdf
[0.819s] -- Symlinking: /home/shreyas/turtlebot3_ws/install/turtlebot3_multi_robot/share/turtlebot3_multi_robot//models/turtlebot3_waffle/meshes/lds.dae
[0.830s] -- Symlinking: /home/shreyas/turtlebot3_ws/install/turtlebot3_multi_robot/share/turtlebot3_multi_robot//models/turtlebot3_waffle/meshes/r200.dae
[0.839s] -- Symlinking: /home/shreyas/turtlebot3_ws/install/turtlebot3_multi_robot/share/turtlebot3_multi_robot//models/turtlebot3_waffle/meshes/tire.dae
[0.849s] -- Symlinking: /home/shreyas/turtlebot3_ws/install/turtlebot3_multi_robot/share/turtlebot3_multi_robot//models/turtlebot3_waffle/meshes/waffle_base.dae
[0.856s] -- Symlinking: /home/shreyas/turtlebot3_ws/install/turtlebot3_multi_robot/share/turtlebot3_multi_robot//models/turtlebot3_waffle/model-1_4.sdf
[0.863s] -- Symlinking: /home/shreyas/turtlebot3_ws/install/turtlebot3_multi_robot/share/turtlebot3_multi_robot//models/turtlebot3_waffle/model.config
[0.870s] -- Symlinking: /home/shreyas/turtlebot3_ws/install/turtlebot3_multi_robot/share/turtlebot3_multi_robot//models/turtlebot3_waffle/model.sdf
[0.877s] -- Symlinking: /home/shreyas/turtlebot3_ws/install/turtlebot3_multi_robot/share/turtlebot3_multi_robot//models/turtlebot3_waffle/model_nocamera.sdf
[0.885s] -- Symlinking: /home/shreyas/turtlebot3_ws/install/turtlebot3_multi_robot/share/turtlebot3_multi_robot//rviz/multi_nav2_default_view.rviz
[0.892s] -- Symlinking: /home/shreyas/turtlebot3_ws/install/turtlebot3_multi_robot/share/turtlebot3_multi_robot//rviz/multi_robot_slam.rviz
[0.901s] -- Symlinking: /home/shreyas/turtlebot3_ws/install/turtlebot3_multi_robot/share/turtlebot3_multi_robot//rviz/nav2_default_view.rviz
[0.908s] -- Symlinking: /home/shreyas/turtlebot3_ws/install/turtlebot3_multi_robot/share/turtlebot3_multi_robot//urdf/common_properties.urdf
[0.915s] -- Symlinking: /home/shreyas/turtlebot3_ws/install/turtlebot3_multi_robot/share/turtlebot3_multi_robot//urdf/turtlebot3_burger.urdf
[0.923s] -- Symlinking: /home/shreyas/turtlebot3_ws/install/turtlebot3_multi_robot/share/turtlebot3_multi_robot//urdf/turtlebot3_waffle.urdf
[0.929s] -- Symlinking: /home/shreyas/turtlebot3_ws/install/turtlebot3_multi_robot/share/turtlebot3_multi_robot//worlds/multi_empty_world.world
[0.937s] -- Symlinking: /home/shreyas/turtlebot3_ws/install/turtlebot3_multi_robot/share/turtlebot3_multi_robot//worlds/multi_robot_world.world
[0.945s] -- Symlinking: /home/shreyas/turtlebot3_ws/install/turtlebot3_multi_robot/share/turtlebot3_multi_robot//params/nav2_params.yaml
[0.950s] -- Symlinking: /home/shreyas/turtlebot3_ws/install/turtlebot3_multi_robot/share/turtlebot3_multi_robot/environment/multi_robot.dsv
[0.956s] -- Symlinking: /home/shreyas/turtlebot3_ws/install/turtlebot3_multi_robot/share/ament_index/resource_index/package_run_dependencies/turtlebot3_multi_robot
[0.961s] -- Symlinking: /home/shreyas/turtlebot3_ws/install/turtlebot3_multi_robot/share/ament_index/resource_index/parent_prefix_path/turtlebot3_multi_robot
[0.966s] -- Symlinking: /home/shreyas/turtlebot3_ws/install/turtlebot3_multi_robot/share/turtlebot3_multi_robot/environment/ament_prefix_path.sh
[0.974s] -- Symlinking: /home/shreyas/turtlebot3_ws/install/turtlebot3_multi_robot/share/turtlebot3_multi_robot/environment/ament_prefix_path.dsv
[0.981s] -- Symlinking: /home/shreyas/turtlebot3_ws/install/turtlebot3_multi_robot/share/turtlebot3_multi_robot/environment/path.sh
[0.989s] -- Symlinking: /home/shreyas/turtlebot3_ws/install/turtlebot3_multi_robot/share/turtlebot3_multi_robot/environment/path.dsv
[0.994s] -- Symlinking: /home/shreyas/turtlebot3_ws/install/turtlebot3_multi_robot/share/turtlebot3_multi_robot/local_setup.bash
[0.999s] -- Symlinking: /home/shreyas/turtlebot3_ws/install/turtlebot3_multi_robot/share/turtlebot3_multi_robot/local_setup.sh
[1.005s] -- Symlinking: /home/shreyas/turtlebot3_ws/install/turtlebot3_multi_robot/share/turtlebot3_multi_robot/local_setup.zsh
[1.010s] -- Symlinking: /home/shreyas/turtlebot3_ws/install/turtlebot3_multi_robot/share/turtlebot3_multi_robot/local_setup.dsv
[1.016s] -- Symlinking: /home/shreyas/turtlebot3_ws/install/turtlebot3_multi_robot/share/turtlebot3_multi_robot/package.dsv
[1.024s] -- Symlinking: /home/shreyas/turtlebot3_ws/install/turtlebot3_multi_robot/share/ament_index/resource_index/packages/turtlebot3_multi_robot
[1.031s] -- Symlinking: /home/shreyas/turtlebot3_ws/install/turtlebot3_multi_robot/share/turtlebot3_multi_robot/cmake/turtlebot3_multi_robotConfig.cmake
[1.036s] -- Symlinking: /home/shreyas/turtlebot3_ws/install/turtlebot3_multi_robot/share/turtlebot3_multi_robot/cmake/turtlebot3_multi_robotConfig-version.cmake
[1.042s] -- Symlinking: /home/shreyas/turtlebot3_ws/install/turtlebot3_multi_robot/share/turtlebot3_multi_robot/package.xml
[1.050s] Invoked command in '/home/shreyas/turtlebot3_ws/build/turtlebot3_multi_robot' returned '0': CMAKE_PREFIX_PATH=/home/shreyas/turtlebot3_ws/install/turtlebot3_navigation2:/home/shreyas/turtlebot3_ws/install/turtlebot3:/home/shreyas/turtlebot3_ws/install/turtlebot3_simulations:/home/shreyas/turtlebot3_ws/install/turtlebot3_bringup:/home/shreyas/turtlebot3_ws/install/turtlebot3_node:/home/shreyas/turtlebot3_ws/install/turtlebot3_multi_robot:/home/shreyas/turtlebot3_ws/install/turtlebot3_gazebo:/home/shreyas/turtlebot3_ws/install/turtlebot3_fake_node:/home/shreyas/turtlebot3_ws/install/turtlebot3_description:/home/shreyas/turtlebot3_ws/install/turtlebot3_cartographer:/home/shreyas/turtlebot3_ws/install/multi_turtlebot3_slam:/home/shreyas/turtlebot3_ws/install/turtlebot3_teleop:/home/shreyas/turtlebot3_ws/install/turtlebot3_example:/home/shreyas/turtlebot3_ws/install/merge_map:/opt/ros/humble /usr/bin/cmake --install /home/shreyas/turtlebot3_ws/build/turtlebot3_multi_robot
