[0.928s] Invoking command in '/home/shreyas/turtlebot3_ws/build/turtlebot3_example': PYTHONPATH=/home/shreyas/turtlebot3_ws/build/turtlebot3_example/prefix_override:/home/shreyas/.local/lib/python3.10/site-packages/colcon_core/task/python/colcon_distutils_commands:/home/shreyas/turtlebot3_ws/install/turtlebot3_example/lib/python3.10/site-packages:${PYTHONPATH} /usr/bin/python3 -W ignore:setup.py install is deprecated -W ignore:easy_install command is deprecated setup.py develop --editable --build-directory /home/shreyas/turtlebot3_ws/build/turtlebot3_example/build --no-deps symlink_data --force
[1.115s] running develop
[1.214s] running egg_info
[1.214s] writing turtlebot3_example.egg-info/PKG-INFO
[1.214s] writing dependency_links to turtlebot3_example.egg-info/dependency_links.txt
[1.214s] writing entry points to turtlebot3_example.egg-info/entry_points.txt
[1.214s] writing requirements to turtlebot3_example.egg-info/requires.txt
[1.214s] writing top-level names to turtlebot3_example.egg-info/top_level.txt
[1.215s] reading manifest file 'turtlebot3_example.egg-info/SOURCES.txt'
[1.216s] writing manifest file 'turtlebot3_example.egg-info/SOURCES.txt'
[1.217s] running build_ext
[1.217s] Creating /home/shreyas/turtlebot3_ws/install/turtlebot3_example/lib/python3.10/site-packages/turtlebot3-example.egg-link (link to .)
[1.217s] Installing turtlebot3_obstacle_detection script to /home/shreyas/turtlebot3_ws/install/turtlebot3_example/lib/turtlebot3_example
[1.218s] Installing turtlebot3_patrol_client script to /home/shreyas/turtlebot3_ws/install/turtlebot3_example/lib/turtlebot3_example
[1.218s] Installing turtlebot3_patrol_server script to /home/shreyas/turtlebot3_ws/install/turtlebot3_example/lib/turtlebot3_example
[1.218s] Installing turtlebot3_position_control script to /home/shreyas/turtlebot3_ws/install/turtlebot3_example/lib/turtlebot3_example
[1.218s] 
[1.218s] Installed /home/shreyas/turtlebot3_ws/build/turtlebot3_example
[1.218s] running symlink_data
[1.218s] symbolically linking /home/shreyas/turtlebot3_ws/build/turtlebot3_example/resource/turtlebot3_example -> /home/shreyas/turtlebot3_ws/install/turtlebot3_example/share/ament_index/resource_index/packages
[1.218s] symbolically linking /home/shreyas/turtlebot3_ws/build/turtlebot3_example/package.xml -> /home/shreyas/turtlebot3_ws/install/turtlebot3_example/share/turtlebot3_example
[1.236s] Invoked command in '/home/shreyas/turtlebot3_ws/build/turtlebot3_example' returned '0': PYTHONPATH=/home/shreyas/turtlebot3_ws/build/turtlebot3_example/prefix_override:/home/shreyas/.local/lib/python3.10/site-packages/colcon_core/task/python/colcon_distutils_commands:/home/shreyas/turtlebot3_ws/install/turtlebot3_example/lib/python3.10/site-packages:${PYTHONPATH} /usr/bin/python3 -W ignore:setup.py install is deprecated -W ignore:easy_install command is deprecated setup.py develop --editable --build-directory /home/shreyas/turtlebot3_ws/build/turtlebot3_example/build --no-deps symlink_data --force
