running develop
running egg_info
creating merge_map.egg-info
writing merge_map.egg-info/PKG-INFO
writing dependency_links to merge_map.egg-info/dependency_links.txt
writing entry points to merge_map.egg-info/entry_points.txt
writing requirements to merge_map.egg-info/requires.txt
writing top-level names to merge_map.egg-info/top_level.txt
writing manifest file 'merge_map.egg-info/SOURCES.txt'
reading manifest file 'merge_map.egg-info/SOURCES.txt'
writing manifest file 'merge_map.egg-info/SOURCES.txt'
running build_ext
Creating /home/shreyas/turtlebot3_ws/install/merge_map/lib/python3.10/site-packages/merge-map.egg-link (link to .)
Installing merge_map script to /home/shreyas/turtlebot3_ws/install/merge_map/lib/merge_map

Installed /home/shreyas/turtlebot3_ws/build/merge_map
running symlink_data
creating /home/shreyas/turtlebot3_ws/install/merge_map/share/ament_index
creating /home/shreyas/turtlebot3_ws/install/merge_map/share/ament_index/resource_index
creating /home/shreyas/turtlebot3_ws/install/merge_map/share/ament_index/resource_index/packages
symbolically linking /home/shreyas/turtlebot3_ws/build/merge_map/resource/merge_map -> /home/shreyas/turtlebot3_ws/install/merge_map/share/ament_index/resource_index/packages
symbolically linking /home/shreyas/turtlebot3_ws/build/merge_map/package.xml -> /home/shreyas/turtlebot3_ws/install/merge_map/share/merge_map
creating /home/shreyas/turtlebot3_ws/install/merge_map/share/merge_map/launch
symbolically linking /home/shreyas/turtlebot3_ws/build/merge_map/launch/merge_map_launch.py -> /home/shreyas/turtlebot3_ws/install/merge_map/share/merge_map/launch
creating /home/shreyas/turtlebot3_ws/install/merge_map/share/merge_map/config
symbolically linking /home/shreyas/turtlebot3_ws/build/merge_map/config/merge_map.rviz -> /home/shreyas/turtlebot3_ws/install/merge_map/share/merge_map/config
