[0.969s] Invoking command in '/home/shreyas/turtlebot3_ws/src/turtlebot3/turtlebot3_teleop': PYTHONPATH=/home/shreyas/turtlebot3_ws/build/turtlebot3_teleop/prefix_override:/home/shreyas/.local/lib/python3.10/site-packages/colcon_core/task/python/colcon_distutils_commands:/home/shreyas/turtlebot3_ws/install/turtlebot3_teleop/lib/python3.10/site-packages:${PYTHONPATH} /usr/bin/python3 -W ignore:setup.py install is deprecated -W ignore:easy_install command is deprecated setup.py egg_info --egg-base ../../../build/turtlebot3_teleop build --build-base /home/shreyas/turtlebot3_ws/build/turtlebot3_teleop/build install --record /home/shreyas/turtlebot3_ws/build/turtlebot3_teleop/install.log --single-version-externally-managed install_data
[1.125s] running egg_info
[1.125s] writing ../../../build/turtlebot3_teleop/turtlebot3_teleop.egg-info/PKG-INFO
[1.125s] writing dependency_links to ../../../build/turtlebot3_teleop/turtlebot3_teleop.egg-info/dependency_links.txt
[1.125s] writing entry points to ../../../build/turtlebot3_teleop/turtlebot3_teleop.egg-info/entry_points.txt
[1.125s] writing requirements to ../../../build/turtlebot3_teleop/turtlebot3_teleop.egg-info/requires.txt
[1.125s] writing top-level names to ../../../build/turtlebot3_teleop/turtlebot3_teleop.egg-info/top_level.txt
[1.127s] reading manifest file '../../../build/turtlebot3_teleop/turtlebot3_teleop.egg-info/SOURCES.txt'
[1.127s] writing manifest file '../../../build/turtlebot3_teleop/turtlebot3_teleop.egg-info/SOURCES.txt'
[1.127s] running build
[1.127s] running build_py
[1.127s] running install
[1.128s] running install_lib
[1.128s] running install_data
[1.129s] running install_egg_info
[1.130s] removing '/home/shreyas/turtlebot3_ws/install/turtlebot3_teleop/lib/python3.10/site-packages/turtlebot3_teleop-2.1.5-py3.10.egg-info' (and everything under it)
[1.130s] Copying ../../../build/turtlebot3_teleop/turtlebot3_teleop.egg-info to /home/shreyas/turtlebot3_ws/install/turtlebot3_teleop/lib/python3.10/site-packages/turtlebot3_teleop-2.1.5-py3.10.egg-info
[1.131s] running install_scripts
[1.143s] Installing teleop_keyboard script to /home/shreyas/turtlebot3_ws/install/turtlebot3_teleop/lib/turtlebot3_teleop
[1.143s] writing list of installed files to '/home/shreyas/turtlebot3_ws/build/turtlebot3_teleop/install.log'
[1.159s] Invoked command in '/home/shreyas/turtlebot3_ws/src/turtlebot3/turtlebot3_teleop' returned '0': PYTHONPATH=/home/shreyas/turtlebot3_ws/build/turtlebot3_teleop/prefix_override:/home/shreyas/.local/lib/python3.10/site-packages/colcon_core/task/python/colcon_distutils_commands:/home/shreyas/turtlebot3_ws/install/turtlebot3_teleop/lib/python3.10/site-packages:${PYTHONPATH} /usr/bin/python3 -W ignore:setup.py install is deprecated -W ignore:easy_install command is deprecated setup.py egg_info --egg-base ../../../build/turtlebot3_teleop build --build-base /home/shreyas/turtlebot3_ws/build/turtlebot3_teleop/build install --record /home/shreyas/turtlebot3_ws/build/turtlebot3_teleop/install.log --single-version-externally-managed install_data
