[0.847s] Invoking command in '/home/shreyas/turtlebot3_ws/build/merge_map': PYTHONPATH=/home/shreyas/turtlebot3_ws/build/merge_map/prefix_override:/home/shreyas/.local/lib/python3.10/site-packages/colcon_core/task/python/colcon_distutils_commands:/home/shreyas/turtlebot3_ws/install/merge_map/lib/python3.10/site-packages:${PYTHONPATH} /usr/bin/python3 -W ignore:setup.py install is deprecated -W ignore:easy_install command is deprecated setup.py develop --editable --build-directory /home/shreyas/turtlebot3_ws/build/merge_map/build --no-deps symlink_data --force
[1.013s] running develop
[1.107s] running egg_info
[1.107s] writing merge_map.egg-info/PKG-INFO
[1.107s] writing dependency_links to merge_map.egg-info/dependency_links.txt
[1.107s] writing entry points to merge_map.egg-info/entry_points.txt
[1.107s] writing requirements to merge_map.egg-info/requires.txt
[1.107s] writing top-level names to merge_map.egg-info/top_level.txt
[1.108s] reading manifest file 'merge_map.egg-info/SOURCES.txt'
[1.109s] writing manifest file 'merge_map.egg-info/SOURCES.txt'
[1.110s] running build_ext
[1.110s] Creating /home/shreyas/turtlebot3_ws/install/merge_map/lib/python3.10/site-packages/merge-map.egg-link (link to .)
[1.110s] Installing merge_map script to /home/shreyas/turtlebot3_ws/install/merge_map/lib/merge_map
[1.110s] 
[1.110s] Installed /home/shreyas/turtlebot3_ws/build/merge_map
[1.110s] running symlink_data
[1.110s] symbolically linking /home/shreyas/turtlebot3_ws/build/merge_map/resource/merge_map -> /home/shreyas/turtlebot3_ws/install/merge_map/share/ament_index/resource_index/packages
[1.110s] symbolically linking /home/shreyas/turtlebot3_ws/build/merge_map/package.xml -> /home/shreyas/turtlebot3_ws/install/merge_map/share/merge_map
[1.110s] symbolically linking /home/shreyas/turtlebot3_ws/build/merge_map/launch/merge_map_launch.py -> /home/shreyas/turtlebot3_ws/install/merge_map/share/merge_map/launch
[1.110s] symbolically linking /home/shreyas/turtlebot3_ws/build/merge_map/config/merge_map.rviz -> /home/shreyas/turtlebot3_ws/install/merge_map/share/merge_map/config
[1.128s] Invoked command in '/home/shreyas/turtlebot3_ws/build/merge_map' returned '0': PYTHONPATH=/home/shreyas/turtlebot3_ws/build/merge_map/prefix_override:/home/shreyas/.local/lib/python3.10/site-packages/colcon_core/task/python/colcon_distutils_commands:/home/shreyas/turtlebot3_ws/install/merge_map/lib/python3.10/site-packages:${PYTHONPATH} /usr/bin/python3 -W ignore:setup.py install is deprecated -W ignore:easy_install command is deprecated setup.py develop --editable --build-directory /home/shreyas/turtlebot3_ws/build/merge_map/build --no-deps symlink_data --force
