[0.891s] Invoking command in '/home/shreyas/turtlebot3_ws/build/turtlebot3_teleop': PYTHONPATH=/home/shreyas/turtlebot3_ws/build/turtlebot3_teleop/prefix_override:/home/shreyas/.local/lib/python3.10/site-packages/colcon_core/task/python/colcon_distutils_commands:/home/shreyas/turtlebot3_ws/install/turtlebot3_teleop/lib/python3.10/site-packages:${PYTHONPATH} /usr/bin/python3 -W ignore:setup.py install is deprecated -W ignore:easy_install command is deprecated setup.py develop --uninstall --editable --build-directory /home/shreyas/turtlebot3_ws/build/turtlebot3_teleop/build
[1.053s] running develop
[1.149s] Removing /home/shreyas/turtlebot3_ws/install/turtlebot3_teleop/lib/python3.10/site-packages/turtlebot3-teleop.egg-link (link to .)
[1.167s] Invoked command in '/home/shreyas/turtlebot3_ws/build/turtlebot3_teleop' returned '0': PYTHONPATH=/home/shreyas/turtlebot3_ws/build/turtlebot3_teleop/prefix_override:/home/shreyas/.local/lib/python3.10/site-packages/colcon_core/task/python/colcon_distutils_commands:/home/shreyas/turtlebot3_ws/install/turtlebot3_teleop/lib/python3.10/site-packages:${PYTHONPATH} /usr/bin/python3 -W ignore:setup.py install is deprecated -W ignore:easy_install command is deprecated setup.py develop --uninstall --editable --build-directory /home/shreyas/turtlebot3_ws/build/turtlebot3_teleop/build
[1.168s] Invoking command in '/home/shreyas/turtlebot3_ws/src/turtlebot3/turtlebot3_teleop': PYTHONPATH=/home/shreyas/turtlebot3_ws/build/turtlebot3_teleop/prefix_override:/home/shreyas/.local/lib/python3.10/site-packages/colcon_core/task/python/colcon_distutils_commands:/home/shreyas/turtlebot3_ws/install/turtlebot3_teleop/lib/python3.10/site-packages:${PYTHONPATH} /usr/bin/python3 -W ignore:setup.py install is deprecated -W ignore:easy_install command is deprecated setup.py egg_info --egg-base ../../../build/turtlebot3_teleop build --build-base /home/shreyas/turtlebot3_ws/build/turtlebot3_teleop/build install --record /home/shreyas/turtlebot3_ws/build/turtlebot3_teleop/install.log --single-version-externally-managed install_data --force
[1.314s] running egg_info
[1.315s] writing ../../../build/turtlebot3_teleop/turtlebot3_teleop.egg-info/PKG-INFO
[1.315s] writing dependency_links to ../../../build/turtlebot3_teleop/turtlebot3_teleop.egg-info/dependency_links.txt
[1.315s] writing entry points to ../../../build/turtlebot3_teleop/turtlebot3_teleop.egg-info/entry_points.txt
[1.315s] writing requirements to ../../../build/turtlebot3_teleop/turtlebot3_teleop.egg-info/requires.txt
[1.315s] writing top-level names to ../../../build/turtlebot3_teleop/turtlebot3_teleop.egg-info/top_level.txt
[1.316s] reading manifest file '../../../build/turtlebot3_teleop/turtlebot3_teleop.egg-info/SOURCES.txt'
[1.317s] writing manifest file '../../../build/turtlebot3_teleop/turtlebot3_teleop.egg-info/SOURCES.txt'
[1.317s] running build
[1.317s] running build_py
[1.317s] running install
[1.317s] running install_lib
[1.318s] creating /home/shreyas/turtlebot3_ws/install/turtlebot3_teleop/lib/python3.10/site-packages/turtlebot3_teleop
[1.318s] creating /home/shreyas/turtlebot3_ws/install/turtlebot3_teleop/lib/python3.10/site-packages/turtlebot3_teleop/script
[1.318s] copying /home/shreyas/turtlebot3_ws/build/turtlebot3_teleop/build/lib/turtlebot3_teleop/script/__init__.py -> /home/shreyas/turtlebot3_ws/install/turtlebot3_teleop/lib/python3.10/site-packages/turtlebot3_teleop/script
[1.318s] copying /home/shreyas/turtlebot3_ws/build/turtlebot3_teleop/build/lib/turtlebot3_teleop/script/teleop_keyboard.py -> /home/shreyas/turtlebot3_ws/install/turtlebot3_teleop/lib/python3.10/site-packages/turtlebot3_teleop/script
[1.318s] copying /home/shreyas/turtlebot3_ws/build/turtlebot3_teleop/build/lib/turtlebot3_teleop/__init__.py -> /home/shreyas/turtlebot3_ws/install/turtlebot3_teleop/lib/python3.10/site-packages/turtlebot3_teleop
[1.318s] byte-compiling /home/shreyas/turtlebot3_ws/install/turtlebot3_teleop/lib/python3.10/site-packages/turtlebot3_teleop/script/__init__.py to __init__.cpython-310.pyc
[1.318s] byte-compiling /home/shreyas/turtlebot3_ws/install/turtlebot3_teleop/lib/python3.10/site-packages/turtlebot3_teleop/script/teleop_keyboard.py to teleop_keyboard.cpython-310.pyc
[1.319s] byte-compiling /home/shreyas/turtlebot3_ws/install/turtlebot3_teleop/lib/python3.10/site-packages/turtlebot3_teleop/__init__.py to __init__.cpython-310.pyc
[1.319s] running install_data
[1.319s] copying resource/turtlebot3_teleop -> /home/shreyas/turtlebot3_ws/install/turtlebot3_teleop/share/ament_index/resource_index/packages
[1.319s] copying package.xml -> /home/shreyas/turtlebot3_ws/install/turtlebot3_teleop/share/turtlebot3_teleop
[1.319s] running install_egg_info
[1.321s] Copying ../../../build/turtlebot3_teleop/turtlebot3_teleop.egg-info to /home/shreyas/turtlebot3_ws/install/turtlebot3_teleop/lib/python3.10/site-packages/turtlebot3_teleop-2.1.5-py3.10.egg-info
[1.321s] running install_scripts
[1.333s] Installing teleop_keyboard script to /home/shreyas/turtlebot3_ws/install/turtlebot3_teleop/lib/turtlebot3_teleop
[1.333s] writing list of installed files to '/home/shreyas/turtlebot3_ws/build/turtlebot3_teleop/install.log'
[1.353s] Invoked command in '/home/shreyas/turtlebot3_ws/src/turtlebot3/turtlebot3_teleop' returned '0': PYTHONPATH=/home/shreyas/turtlebot3_ws/build/turtlebot3_teleop/prefix_override:/home/shreyas/.local/lib/python3.10/site-packages/colcon_core/task/python/colcon_distutils_commands:/home/shreyas/turtlebot3_ws/install/turtlebot3_teleop/lib/python3.10/site-packages:${PYTHONPATH} /usr/bin/python3 -W ignore:setup.py install is deprecated -W ignore:easy_install command is deprecated setup.py egg_info --egg-base ../../../build/turtlebot3_teleop build --build-base /home/shreyas/turtlebot3_ws/build/turtlebot3_teleop/build install --record /home/shreyas/turtlebot3_ws/build/turtlebot3_teleop/install.log --single-version-externally-managed install_data --force
