running develop
running egg_info
writing slam.egg-info/PKG-INFO
writing dependency_links to slam.egg-info/dependency_links.txt
writing entry points to slam.egg-info/entry_points.txt
writing requirements to slam.egg-info/requires.txt
writing top-level names to slam.egg-info/top_level.txt
reading manifest file 'slam.egg-info/SOURCES.txt'
writing manifest file 'slam.egg-info/SOURCES.txt'
running build_ext
Creating /home/cobaltboy/ROS2/SLAM/install/slam/lib/python3.10/site-packages/slam.egg-link (link to .)
Installing operatorNode script to /home/cobaltboy/ROS2/SLAM/install/slam/lib/slam

Installed /home/cobaltboy/ROS2/SLAM/build/slam
running symlink_data
symbolically linking /home/cobaltboy/ROS2/SLAM/build/slam/resource/slam -> /home/cobaltboy/ROS2/SLAM/install/slam/share/ament_index/resource_index/packages
symbolically linking /home/cobaltboy/ROS2/SLAM/build/slam/package.xml -> /home/cobaltboy/ROS2/SLAM/install/slam/share/slam
symbolically linking /home/cobaltboy/ROS2/SLAM/build/slam/urdf/car.urdf.xacro -> /home/cobaltboy/ROS2/SLAM/install/slam/share/slam/urdf
symbolically linking /home/cobaltboy/ROS2/SLAM/build/slam/config/controller.yaml -> /home/cobaltboy/ROS2/SLAM/install/slam/share/slam/config
symbolically linking /home/cobaltboy/ROS2/SLAM/build/slam/launch/launch.py -> /home/cobaltboy/ROS2/SLAM/install/slam/share/slam/launch
symbolically linking /home/cobaltboy/ROS2/SLAM/build/slam/config/mapper_params_online_async.yaml -> /home/cobaltboy/ROS2/SLAM/install/slam/share/slam/config
