[0.548s] Invoking command in '/home/cobaltboy/ROS2/SLAM/build/slam': PYTHONPATH=/home/cobaltboy/ROS2/SLAM/build/slam/prefix_override:/usr/lib/python3/dist-packages/colcon_core/task/python/colcon_distutils_commands:/home/cobaltboy/ROS2/SLAM/install/slam/lib/python3.10/site-packages:${PYTHONPATH} /usr/bin/python3 -W ignore:setup.py install is deprecated setup.py develop --editable --build-directory /home/cobaltboy/ROS2/SLAM/build/slam/build --no-deps symlink_data --force
[0.781s] running develop
[0.781s] /usr/lib/python3/dist-packages/setuptools/command/easy_install.py:158: EasyInstallDeprecationWarning: easy_install command is deprecated. Use build and pip and other standards-based tools.
[0.781s]   warnings.warn(
[0.915s] running egg_info
[0.915s] writing slam.egg-info/PKG-INFO
[0.915s] writing dependency_links to slam.egg-info/dependency_links.txt
[0.915s] writing entry points to slam.egg-info/entry_points.txt
[0.915s] writing requirements to slam.egg-info/requires.txt
[0.915s] writing top-level names to slam.egg-info/top_level.txt
[0.917s] reading manifest file 'slam.egg-info/SOURCES.txt'
[0.918s] writing manifest file 'slam.egg-info/SOURCES.txt'
[0.919s] running build_ext
[0.919s] Creating /home/cobaltboy/ROS2/SLAM/install/slam/lib/python3.10/site-packages/slam.egg-link (link to .)
[0.920s] Installing operatorNode script to /home/cobaltboy/ROS2/SLAM/install/slam/lib/slam
[0.920s] 
[0.920s] Installed /home/cobaltboy/ROS2/SLAM/build/slam
[0.920s] running symlink_data
[0.920s] symbolically linking /home/cobaltboy/ROS2/SLAM/build/slam/resource/slam -> /home/cobaltboy/ROS2/SLAM/install/slam/share/ament_index/resource_index/packages
[0.920s] symbolically linking /home/cobaltboy/ROS2/SLAM/build/slam/package.xml -> /home/cobaltboy/ROS2/SLAM/install/slam/share/slam
[0.920s] symbolically linking /home/cobaltboy/ROS2/SLAM/build/slam/urdf/car.urdf.xacro -> /home/cobaltboy/ROS2/SLAM/install/slam/share/slam/urdf
[0.920s] symbolically linking /home/cobaltboy/ROS2/SLAM/build/slam/config/controller.yaml -> /home/cobaltboy/ROS2/SLAM/install/slam/share/slam/config
[0.920s] symbolically linking /home/cobaltboy/ROS2/SLAM/build/slam/launch/launch.py -> /home/cobaltboy/ROS2/SLAM/install/slam/share/slam/launch
[0.920s] symbolically linking /home/cobaltboy/ROS2/SLAM/build/slam/config/mapper_params_online_async.yaml -> /home/cobaltboy/ROS2/SLAM/install/slam/share/slam/config
[0.960s] Invoked command in '/home/cobaltboy/ROS2/SLAM/build/slam' returned '0': PYTHONPATH=/home/cobaltboy/ROS2/SLAM/build/slam/prefix_override:/usr/lib/python3/dist-packages/colcon_core/task/python/colcon_distutils_commands:/home/cobaltboy/ROS2/SLAM/install/slam/lib/python3.10/site-packages:${PYTHONPATH} /usr/bin/python3 -W ignore:setup.py install is deprecated setup.py develop --editable --build-directory /home/cobaltboy/ROS2/SLAM/build/slam/build --no-deps symlink_data --force
