[0.007s] Invoking command in '/home/shreyas/turtlebot3_ws/build/turtlebot3_bringup': AMENT_PREFIX_PATH=/home/shreyas/turtlebot3_ws/install/turtlebot3_node:/home/shreyas/turtlebot3_ws/install/turtlebot3_description:${AMENT_PREFIX_PATH} CMAKE_PREFIX_PATH=/home/shreyas/turtlebot3_ws/install/turtlebot3_node:/home/shreyas/turtlebot3_ws/install/turtlebot3_description:/home/shreyas/turtlebot3_ws/install/multi_turtlebot3_slam:/opt/ros/humble /usr/bin/cmake /home/shreyas/turtlebot3_ws/src/turtlebot3/turtlebot3_bringup -DAMENT_CMAKE_SYMLINK_INSTALL=1 -DCMAKE_INSTALL_PREFIX=/home/shreyas/turtlebot3_ws/install/turtlebot3_bringup
[0.048s] -- The C compiler identification is GNU 11.4.0
[0.085s] -- The CXX compiler identification is GNU 11.4.0
[0.091s] -- Detecting C compiler ABI info
[0.145s] -- Detecting C compiler ABI info - done
[0.149s] -- Check for working C compiler: /usr/bin/cc - skipped
[0.149s] -- Detecting C compile features
[0.150s] -- Detecting C compile features - done
[0.151s] -- Detecting CXX compiler ABI info
[0.211s] -- Detecting CXX compiler ABI info - done
[0.215s] -- Check for working CXX compiler: /usr/bin/c++ - skipped
[0.216s] -- Detecting CXX compile features
[0.216s] -- Detecting CXX compile features - done
[0.217s] -- Found ament_cmake: 1.3.10 (/opt/ros/humble/share/ament_cmake/cmake)
[0.324s] -- Found Python3: /usr/bin/python3 (found version "3.10.12") found components: Interpreter 
[0.363s] -- Override CMake install command with custom implementation using symlinks instead of copying resources
[0.426s] -- Configuring done
[0.427s] -- Generating done
[0.428s] -- Build files have been written to: /home/shreyas/turtlebot3_ws/build/turtlebot3_bringup
[0.431s] Invoked command in '/home/shreyas/turtlebot3_ws/build/turtlebot3_bringup' returned '0': AMENT_PREFIX_PATH=/home/shreyas/turtlebot3_ws/install/turtlebot3_node:/home/shreyas/turtlebot3_ws/install/turtlebot3_description:${AMENT_PREFIX_PATH} CMAKE_PREFIX_PATH=/home/shreyas/turtlebot3_ws/install/turtlebot3_node:/home/shreyas/turtlebot3_ws/install/turtlebot3_description:/home/shreyas/turtlebot3_ws/install/multi_turtlebot3_slam:/opt/ros/humble /usr/bin/cmake /home/shreyas/turtlebot3_ws/src/turtlebot3/turtlebot3_bringup -DAMENT_CMAKE_SYMLINK_INSTALL=1 -DCMAKE_INSTALL_PREFIX=/home/shreyas/turtlebot3_ws/install/turtlebot3_bringup
[0.432s] Invoking command in '/home/shreyas/turtlebot3_ws/build/turtlebot3_bringup': AMENT_PREFIX_PATH=/home/shreyas/turtlebot3_ws/install/turtlebot3_node:/home/shreyas/turtlebot3_ws/install/turtlebot3_description:${AMENT_PREFIX_PATH} CMAKE_PREFIX_PATH=/home/shreyas/turtlebot3_ws/install/turtlebot3_node:/home/shreyas/turtlebot3_ws/install/turtlebot3_description:/home/shreyas/turtlebot3_ws/install/multi_turtlebot3_slam:/opt/ros/humble /usr/bin/cmake --build /home/shreyas/turtlebot3_ws/build/turtlebot3_bringup -- -j18 -l18
[0.461s] Invoked command in '/home/shreyas/turtlebot3_ws/build/turtlebot3_bringup' returned '0': AMENT_PREFIX_PATH=/home/shreyas/turtlebot3_ws/install/turtlebot3_node:/home/shreyas/turtlebot3_ws/install/turtlebot3_description:${AMENT_PREFIX_PATH} CMAKE_PREFIX_PATH=/home/shreyas/turtlebot3_ws/install/turtlebot3_node:/home/shreyas/turtlebot3_ws/install/turtlebot3_description:/home/shreyas/turtlebot3_ws/install/multi_turtlebot3_slam:/opt/ros/humble /usr/bin/cmake --build /home/shreyas/turtlebot3_ws/build/turtlebot3_bringup -- -j18 -l18
[0.462s] Invoking command in '/home/shreyas/turtlebot3_ws/build/turtlebot3_bringup': AMENT_PREFIX_PATH=/home/shreyas/turtlebot3_ws/install/turtlebot3_node:/home/shreyas/turtlebot3_ws/install/turtlebot3_description:${AMENT_PREFIX_PATH} CMAKE_PREFIX_PATH=/home/shreyas/turtlebot3_ws/install/turtlebot3_node:/home/shreyas/turtlebot3_ws/install/turtlebot3_description:/home/shreyas/turtlebot3_ws/install/multi_turtlebot3_slam:/opt/ros/humble /usr/bin/cmake --install /home/shreyas/turtlebot3_ws/build/turtlebot3_bringup
[0.467s] -- Install configuration: ""
[0.467s] -- Execute custom install script
[0.468s] -- Symlinking: /home/shreyas/turtlebot3_ws/install/turtlebot3_bringup/share/turtlebot3_bringup/launch/robot.launch.py
[0.473s] -- Symlinking: /home/shreyas/turtlebot3_ws/install/turtlebot3_bringup/share/turtlebot3_bringup/launch/rviz2.launch.py
[0.478s] -- Symlinking: /home/shreyas/turtlebot3_ws/install/turtlebot3_bringup/share/turtlebot3_bringup/launch/turtlebot3_state_publisher.launch.py
[0.485s] -- Symlinking: /home/shreyas/turtlebot3_ws/install/turtlebot3_bringup/share/turtlebot3_bringup/param/burger.yaml
[0.489s] -- Symlinking: /home/shreyas/turtlebot3_ws/install/turtlebot3_bringup/share/turtlebot3_bringup/param/waffle.yaml
[0.495s] -- Symlinking: /home/shreyas/turtlebot3_ws/install/turtlebot3_bringup/share/turtlebot3_bringup/param/waffle_pi.yaml
[0.501s] -- Symlinking: /home/shreyas/turtlebot3_ws/install/turtlebot3_bringup/share/turtlebot3_bringup/script/99-turtlebot3-cdc.rules
[0.505s] -- Symlinking: /home/shreyas/turtlebot3_ws/install/turtlebot3_bringup/share/turtlebot3_bringup/script/create_udev_rules
[0.512s] -- Symlinking: /home/shreyas/turtlebot3_ws/install/turtlebot3_bringup/share/ament_index/resource_index/package_run_dependencies/turtlebot3_bringup
[0.516s] -- Symlinking: /home/shreyas/turtlebot3_ws/install/turtlebot3_bringup/share/ament_index/resource_index/parent_prefix_path/turtlebot3_bringup
[0.523s] -- Symlinking: /home/shreyas/turtlebot3_ws/install/turtlebot3_bringup/share/turtlebot3_bringup/environment/ament_prefix_path.sh
[0.528s] -- Symlinking: /home/shreyas/turtlebot3_ws/install/turtlebot3_bringup/share/turtlebot3_bringup/environment/ament_prefix_path.dsv
[0.535s] -- Symlinking: /home/shreyas/turtlebot3_ws/install/turtlebot3_bringup/share/turtlebot3_bringup/environment/path.sh
[0.540s] -- Symlinking: /home/shreyas/turtlebot3_ws/install/turtlebot3_bringup/share/turtlebot3_bringup/environment/path.dsv
[0.547s] -- Symlinking: /home/shreyas/turtlebot3_ws/install/turtlebot3_bringup/share/turtlebot3_bringup/local_setup.bash
[0.552s] -- Symlinking: /home/shreyas/turtlebot3_ws/install/turtlebot3_bringup/share/turtlebot3_bringup/local_setup.sh
[0.558s] -- Symlinking: /home/shreyas/turtlebot3_ws/install/turtlebot3_bringup/share/turtlebot3_bringup/local_setup.zsh
[0.565s] -- Symlinking: /home/shreyas/turtlebot3_ws/install/turtlebot3_bringup/share/turtlebot3_bringup/local_setup.dsv
[0.570s] -- Symlinking: /home/shreyas/turtlebot3_ws/install/turtlebot3_bringup/share/turtlebot3_bringup/package.dsv
[0.575s] -- Symlinking: /home/shreyas/turtlebot3_ws/install/turtlebot3_bringup/share/ament_index/resource_index/packages/turtlebot3_bringup
[0.581s] -- Symlinking: /home/shreyas/turtlebot3_ws/install/turtlebot3_bringup/share/turtlebot3_bringup/cmake/turtlebot3_bringupConfig.cmake
[0.586s] -- Symlinking: /home/shreyas/turtlebot3_ws/install/turtlebot3_bringup/share/turtlebot3_bringup/cmake/turtlebot3_bringupConfig-version.cmake
[0.592s] -- Symlinking: /home/shreyas/turtlebot3_ws/install/turtlebot3_bringup/share/turtlebot3_bringup/package.xml
[0.599s] Invoked command in '/home/shreyas/turtlebot3_ws/build/turtlebot3_bringup' returned '0': AMENT_PREFIX_PATH=/home/shreyas/turtlebot3_ws/install/turtlebot3_node:/home/shreyas/turtlebot3_ws/install/turtlebot3_description:${AMENT_PREFIX_PATH} CMAKE_PREFIX_PATH=/home/shreyas/turtlebot3_ws/install/turtlebot3_node:/home/shreyas/turtlebot3_ws/install/turtlebot3_description:/home/shreyas/turtlebot3_ws/install/multi_turtlebot3_slam:/opt/ros/humble /usr/bin/cmake --install /home/shreyas/turtlebot3_ws/build/turtlebot3_bringup
