[0.897s] Invoking command in '/home/shreyas/turtlebot3_ws/build/merge_map': PYTHONPATH=/home/shreyas/turtlebot3_ws/build/merge_map/prefix_override:/home/shreyas/.local/lib/python3.10/site-packages/colcon_core/task/python/colcon_distutils_commands:/home/shreyas/turtlebot3_ws/install/merge_map/lib/python3.10/site-packages:${PYTHONPATH} /usr/bin/python3 -W ignore:setup.py install is deprecated -W ignore:easy_install command is deprecated setup.py develop --uninstall --editable --build-directory /home/shreyas/turtlebot3_ws/build/merge_map/build
[1.057s] running develop
[1.158s] Removing /home/shreyas/turtlebot3_ws/install/merge_map/lib/python3.10/site-packages/merge-map.egg-link (link to .)
[1.176s] Invoked command in '/home/shreyas/turtlebot3_ws/build/merge_map' returned '0': PYTHONPATH=/home/shreyas/turtlebot3_ws/build/merge_map/prefix_override:/home/shreyas/.local/lib/python3.10/site-packages/colcon_core/task/python/colcon_distutils_commands:/home/shreyas/turtlebot3_ws/install/merge_map/lib/python3.10/site-packages:${PYTHONPATH} /usr/bin/python3 -W ignore:setup.py install is deprecated -W ignore:easy_install command is deprecated setup.py develop --uninstall --editable --build-directory /home/shreyas/turtlebot3_ws/build/merge_map/build
[1.177s] Invoking command in '/home/shreyas/turtlebot3_ws/src/mapMergeForMultiRobotMapping-ROS2/merge_map': PYTHONPATH=/home/shreyas/turtlebot3_ws/build/merge_map/prefix_override:/home/shreyas/.local/lib/python3.10/site-packages/colcon_core/task/python/colcon_distutils_commands:/home/shreyas/turtlebot3_ws/install/merge_map/lib/python3.10/site-packages:${PYTHONPATH} /usr/bin/python3 -W ignore:setup.py install is deprecated -W ignore:easy_install command is deprecated setup.py egg_info --egg-base ../../../build/merge_map build --build-base /home/shreyas/turtlebot3_ws/build/merge_map/build install --record /home/shreyas/turtlebot3_ws/build/merge_map/install.log --single-version-externally-managed install_data --force
[1.335s] running egg_info
[1.336s] writing ../../../build/merge_map/merge_map.egg-info/PKG-INFO
[1.336s] writing dependency_links to ../../../build/merge_map/merge_map.egg-info/dependency_links.txt
[1.336s] writing entry points to ../../../build/merge_map/merge_map.egg-info/entry_points.txt
[1.336s] writing requirements to ../../../build/merge_map/merge_map.egg-info/requires.txt
[1.336s] writing top-level names to ../../../build/merge_map/merge_map.egg-info/top_level.txt
[1.338s] reading manifest file '../../../build/merge_map/merge_map.egg-info/SOURCES.txt'
[1.338s] writing manifest file '../../../build/merge_map/merge_map.egg-info/SOURCES.txt'
[1.339s] running build
[1.339s] running build_py
[1.339s] running install
[1.339s] running install_lib
[1.339s] creating /home/shreyas/turtlebot3_ws/install/merge_map/lib/python3.10/site-packages/merge_map
[1.339s] copying /home/shreyas/turtlebot3_ws/build/merge_map/build/lib/merge_map/merge_map.py -> /home/shreyas/turtlebot3_ws/install/merge_map/lib/python3.10/site-packages/merge_map
[1.339s] copying /home/shreyas/turtlebot3_ws/build/merge_map/build/lib/merge_map/__init__.py -> /home/shreyas/turtlebot3_ws/install/merge_map/lib/python3.10/site-packages/merge_map
[1.340s] byte-compiling /home/shreyas/turtlebot3_ws/install/merge_map/lib/python3.10/site-packages/merge_map/merge_map.py to merge_map.cpython-310.pyc
[1.340s] byte-compiling /home/shreyas/turtlebot3_ws/install/merge_map/lib/python3.10/site-packages/merge_map/__init__.py to __init__.cpython-310.pyc
[1.340s] running install_data
[1.340s] copying resource/merge_map -> /home/shreyas/turtlebot3_ws/install/merge_map/share/ament_index/resource_index/packages
[1.340s] copying package.xml -> /home/shreyas/turtlebot3_ws/install/merge_map/share/merge_map
[1.341s] copying launch/merge_map_launch.py -> /home/shreyas/turtlebot3_ws/install/merge_map/share/merge_map/launch
[1.341s] copying config/merge_map.rviz -> /home/shreyas/turtlebot3_ws/install/merge_map/share/merge_map/config
[1.341s] running install_egg_info
[1.342s] Copying ../../../build/merge_map/merge_map.egg-info to /home/shreyas/turtlebot3_ws/install/merge_map/lib/python3.10/site-packages/merge_map-0.0.0-py3.10.egg-info
[1.343s] running install_scripts
[1.355s] Installing merge_map script to /home/shreyas/turtlebot3_ws/install/merge_map/lib/merge_map
[1.356s] writing list of installed files to '/home/shreyas/turtlebot3_ws/build/merge_map/install.log'
[1.374s] Invoked command in '/home/shreyas/turtlebot3_ws/src/mapMergeForMultiRobotMapping-ROS2/merge_map' returned '0': PYTHONPATH=/home/shreyas/turtlebot3_ws/build/merge_map/prefix_override:/home/shreyas/.local/lib/python3.10/site-packages/colcon_core/task/python/colcon_distutils_commands:/home/shreyas/turtlebot3_ws/install/merge_map/lib/python3.10/site-packages:${PYTHONPATH} /usr/bin/python3 -W ignore:setup.py install is deprecated -W ignore:easy_install command is deprecated setup.py egg_info --egg-base ../../../build/merge_map build --build-base /home/shreyas/turtlebot3_ws/build/merge_map/build install --record /home/shreyas/turtlebot3_ws/build/merge_map/install.log --single-version-externally-managed install_data --force
