[0.007s] Invoking command in '/home/shreyas/turtlebot3_ws/build/turtlebot3_simulations': AMENT_PREFIX_PATH=/home/shreyas/turtlebot3_ws/install/turtlebot3_gazebo:/home/shreyas/turtlebot3_ws/install/turtlebot3_fake_node:${AMENT_PREFIX_PATH} CMAKE_PREFIX_PATH=/home/shreyas/turtlebot3_ws/install/turtlebot3_gazebo:/home/shreyas/turtlebot3_ws/install/turtlebot3_fake_node:/home/shreyas/turtlebot3_ws/install/multi_turtlebot3_slam:/opt/ros/humble /usr/bin/cmake /home/shreyas/turtlebot3_ws/src/turtlebot3_simulations/turtlebot3_simulations -DAMENT_CMAKE_SYMLINK_INSTALL=1 -DCMAKE_INSTALL_PREFIX=/home/shreyas/turtlebot3_ws/install/turtlebot3_simulations
[0.057s] -- The C compiler identification is GNU 11.4.0
[0.100s] -- The CXX compiler identification is GNU 11.4.0
[0.107s] -- Detecting C compiler ABI info
[0.165s] -- Detecting C compiler ABI info - done
[0.170s] -- Check for working C compiler: /usr/bin/cc - skipped
[0.171s] -- Detecting C compile features
[0.171s] -- Detecting C compile features - done
[0.173s] -- Detecting CXX compiler ABI info
[0.234s] -- Detecting CXX compiler ABI info - done
[0.238s] -- Check for working CXX compiler: /usr/bin/c++ - skipped
[0.238s] -- Detecting CXX compile features
[0.239s] -- Detecting CXX compile features - done
[0.240s] -- Found ament_cmake: 1.3.10 (/opt/ros/humble/share/ament_cmake/cmake)
[0.352s] -- Found Python3: /usr/bin/python3 (found version "3.10.12") found components: Interpreter 
[0.394s] -- Override CMake install command with custom implementation using symlinks instead of copying resources
[0.458s] -- Configuring done
[0.459s] -- Generating done
[0.460s] -- Build files have been written to: /home/shreyas/turtlebot3_ws/build/turtlebot3_simulations
[0.463s] Invoked command in '/home/shreyas/turtlebot3_ws/build/turtlebot3_simulations' returned '0': AMENT_PREFIX_PATH=/home/shreyas/turtlebot3_ws/install/turtlebot3_gazebo:/home/shreyas/turtlebot3_ws/install/turtlebot3_fake_node:${AMENT_PREFIX_PATH} CMAKE_PREFIX_PATH=/home/shreyas/turtlebot3_ws/install/turtlebot3_gazebo:/home/shreyas/turtlebot3_ws/install/turtlebot3_fake_node:/home/shreyas/turtlebot3_ws/install/multi_turtlebot3_slam:/opt/ros/humble /usr/bin/cmake /home/shreyas/turtlebot3_ws/src/turtlebot3_simulations/turtlebot3_simulations -DAMENT_CMAKE_SYMLINK_INSTALL=1 -DCMAKE_INSTALL_PREFIX=/home/shreyas/turtlebot3_ws/install/turtlebot3_simulations
[0.464s] Invoking command in '/home/shreyas/turtlebot3_ws/build/turtlebot3_simulations': AMENT_PREFIX_PATH=/home/shreyas/turtlebot3_ws/install/turtlebot3_gazebo:/home/shreyas/turtlebot3_ws/install/turtlebot3_fake_node:${AMENT_PREFIX_PATH} CMAKE_PREFIX_PATH=/home/shreyas/turtlebot3_ws/install/turtlebot3_gazebo:/home/shreyas/turtlebot3_ws/install/turtlebot3_fake_node:/home/shreyas/turtlebot3_ws/install/multi_turtlebot3_slam:/opt/ros/humble /usr/bin/cmake --build /home/shreyas/turtlebot3_ws/build/turtlebot3_simulations -- -j18 -l18
[0.498s] Invoked command in '/home/shreyas/turtlebot3_ws/build/turtlebot3_simulations' returned '0': AMENT_PREFIX_PATH=/home/shreyas/turtlebot3_ws/install/turtlebot3_gazebo:/home/shreyas/turtlebot3_ws/install/turtlebot3_fake_node:${AMENT_PREFIX_PATH} CMAKE_PREFIX_PATH=/home/shreyas/turtlebot3_ws/install/turtlebot3_gazebo:/home/shreyas/turtlebot3_ws/install/turtlebot3_fake_node:/home/shreyas/turtlebot3_ws/install/multi_turtlebot3_slam:/opt/ros/humble /usr/bin/cmake --build /home/shreyas/turtlebot3_ws/build/turtlebot3_simulations -- -j18 -l18
[0.499s] Invoking command in '/home/shreyas/turtlebot3_ws/build/turtlebot3_simulations': AMENT_PREFIX_PATH=/home/shreyas/turtlebot3_ws/install/turtlebot3_gazebo:/home/shreyas/turtlebot3_ws/install/turtlebot3_fake_node:${AMENT_PREFIX_PATH} CMAKE_PREFIX_PATH=/home/shreyas/turtlebot3_ws/install/turtlebot3_gazebo:/home/shreyas/turtlebot3_ws/install/turtlebot3_fake_node:/home/shreyas/turtlebot3_ws/install/multi_turtlebot3_slam:/opt/ros/humble /usr/bin/cmake --install /home/shreyas/turtlebot3_ws/build/turtlebot3_simulations
[0.505s] -- Install configuration: ""
[0.505s] -- Execute custom install script
[0.505s] -- Symlinking: /home/shreyas/turtlebot3_ws/install/turtlebot3_simulations/share/ament_index/resource_index/package_run_dependencies/turtlebot3_simulations
[0.514s] -- Symlinking: /home/shreyas/turtlebot3_ws/install/turtlebot3_simulations/share/ament_index/resource_index/parent_prefix_path/turtlebot3_simulations
[0.520s] -- Symlinking: /home/shreyas/turtlebot3_ws/install/turtlebot3_simulations/share/turtlebot3_simulations/environment/ament_prefix_path.sh
[0.529s] -- Symlinking: /home/shreyas/turtlebot3_ws/install/turtlebot3_simulations/share/turtlebot3_simulations/environment/ament_prefix_path.dsv
[0.538s] -- Symlinking: /home/shreyas/turtlebot3_ws/install/turtlebot3_simulations/share/turtlebot3_simulations/environment/path.sh
[0.547s] -- Symlinking: /home/shreyas/turtlebot3_ws/install/turtlebot3_simulations/share/turtlebot3_simulations/environment/path.dsv
[0.553s] -- Symlinking: /home/shreyas/turtlebot3_ws/install/turtlebot3_simulations/share/turtlebot3_simulations/local_setup.bash
[0.559s] -- Symlinking: /home/shreyas/turtlebot3_ws/install/turtlebot3_simulations/share/turtlebot3_simulations/local_setup.sh
[0.566s] -- Symlinking: /home/shreyas/turtlebot3_ws/install/turtlebot3_simulations/share/turtlebot3_simulations/local_setup.zsh
[0.575s] -- Symlinking: /home/shreyas/turtlebot3_ws/install/turtlebot3_simulations/share/turtlebot3_simulations/local_setup.dsv
[0.582s] -- Symlinking: /home/shreyas/turtlebot3_ws/install/turtlebot3_simulations/share/turtlebot3_simulations/package.dsv
[0.588s] -- Symlinking: /home/shreyas/turtlebot3_ws/install/turtlebot3_simulations/share/ament_index/resource_index/packages/turtlebot3_simulations
[0.594s] -- Symlinking: /home/shreyas/turtlebot3_ws/install/turtlebot3_simulations/share/turtlebot3_simulations/cmake/turtlebot3_simulationsConfig.cmake
[0.602s] -- Symlinking: /home/shreyas/turtlebot3_ws/install/turtlebot3_simulations/share/turtlebot3_simulations/cmake/turtlebot3_simulationsConfig-version.cmake
[0.608s] -- Symlinking: /home/shreyas/turtlebot3_ws/install/turtlebot3_simulations/share/turtlebot3_simulations/package.xml
[0.620s] Invoked command in '/home/shreyas/turtlebot3_ws/build/turtlebot3_simulations' returned '0': AMENT_PREFIX_PATH=/home/shreyas/turtlebot3_ws/install/turtlebot3_gazebo:/home/shreyas/turtlebot3_ws/install/turtlebot3_fake_node:${AMENT_PREFIX_PATH} CMAKE_PREFIX_PATH=/home/shreyas/turtlebot3_ws/install/turtlebot3_gazebo:/home/shreyas/turtlebot3_ws/install/turtlebot3_fake_node:/home/shreyas/turtlebot3_ws/install/multi_turtlebot3_slam:/opt/ros/humble /usr/bin/cmake --install /home/shreyas/turtlebot3_ws/build/turtlebot3_simulations
