[0.011s] Invoking command in '/home/shreyas/turtlebot3_ws/build/turtlebot3': AMENT_PREFIX_PATH=/home/shreyas/turtlebot3_ws/install/turtlebot3_bringup:/home/shreyas/turtlebot3_ws/install/turtlebot3_teleop:/home/shreyas/turtlebot3_ws/install/turtlebot3_node:/home/shreyas/turtlebot3_ws/install/turtlebot3_navigation2:/home/shreyas/turtlebot3_ws/install/turtlebot3_example:/home/shreyas/turtlebot3_ws/install/turtlebot3_description:/home/shreyas/turtlebot3_ws/install/turtlebot3_cartographer:${AMENT_PREFIX_PATH} CMAKE_PREFIX_PATH=/home/shreyas/turtlebot3_ws/install/turtlebot3_bringup:/home/shreyas/turtlebot3_ws/install/turtlebot3_node:/home/shreyas/turtlebot3_ws/install/turtlebot3_navigation2:/home/shreyas/turtlebot3_ws/install/turtlebot3_description:/home/shreyas/turtlebot3_ws/install/turtlebot3_cartographer:/home/shreyas/turtlebot3_ws/install/multi_turtlebot3_slam:/opt/ros/humble PYTHONPATH=/home/shreyas/turtlebot3_ws/build/turtlebot3_teleop:/home/shreyas/turtlebot3_ws/install/turtlebot3_teleop/lib/python3.10/site-packages:/home/shreyas/turtlebot3_ws/build/turtlebot3_example:/home/shreyas/turtlebot3_ws/install/turtlebot3_example/lib/python3.10/site-packages:${PYTHONPATH} /usr/bin/cmake /home/shreyas/turtlebot3_ws/src/turtlebot3/turtlebot3 -DAMENT_CMAKE_SYMLINK_INSTALL=1 -DCMAKE_INSTALL_PREFIX=/home/shreyas/turtlebot3_ws/install/turtlebot3
[0.056s] -- The C compiler identification is GNU 11.4.0
[0.092s] -- The CXX compiler identification is GNU 11.4.0
[0.096s] -- Detecting C compiler ABI info
[0.151s] -- Detecting C compiler ABI info - done
[0.156s] -- Check for working C compiler: /usr/bin/cc - skipped
[0.156s] -- Detecting C compile features
[0.157s] -- Detecting C compile features - done
[0.158s] -- Detecting CXX compiler ABI info
[0.224s] -- Detecting CXX compiler ABI info - done
[0.231s] -- Check for working CXX compiler: /usr/bin/c++ - skipped
[0.231s] -- Detecting CXX compile features
[0.231s] -- Detecting CXX compile features - done
[0.232s] -- Found ament_cmake: 1.3.10 (/opt/ros/humble/share/ament_cmake/cmake)
[0.341s] -- Found Python3: /usr/bin/python3 (found version "3.10.12") found components: Interpreter 
[0.388s] -- Override CMake install command with custom implementation using symlinks instead of copying resources
[0.455s] -- Configuring done
[0.456s] -- Generating done
[0.457s] -- Build files have been written to: /home/shreyas/turtlebot3_ws/build/turtlebot3
[0.460s] Invoked command in '/home/shreyas/turtlebot3_ws/build/turtlebot3' returned '0': AMENT_PREFIX_PATH=/home/shreyas/turtlebot3_ws/install/turtlebot3_bringup:/home/shreyas/turtlebot3_ws/install/turtlebot3_teleop:/home/shreyas/turtlebot3_ws/install/turtlebot3_node:/home/shreyas/turtlebot3_ws/install/turtlebot3_navigation2:/home/shreyas/turtlebot3_ws/install/turtlebot3_example:/home/shreyas/turtlebot3_ws/install/turtlebot3_description:/home/shreyas/turtlebot3_ws/install/turtlebot3_cartographer:${AMENT_PREFIX_PATH} CMAKE_PREFIX_PATH=/home/shreyas/turtlebot3_ws/install/turtlebot3_bringup:/home/shreyas/turtlebot3_ws/install/turtlebot3_node:/home/shreyas/turtlebot3_ws/install/turtlebot3_navigation2:/home/shreyas/turtlebot3_ws/install/turtlebot3_description:/home/shreyas/turtlebot3_ws/install/turtlebot3_cartographer:/home/shreyas/turtlebot3_ws/install/multi_turtlebot3_slam:/opt/ros/humble PYTHONPATH=/home/shreyas/turtlebot3_ws/build/turtlebot3_teleop:/home/shreyas/turtlebot3_ws/install/turtlebot3_teleop/lib/python3.10/site-packages:/home/shreyas/turtlebot3_ws/build/turtlebot3_example:/home/shreyas/turtlebot3_ws/install/turtlebot3_example/lib/python3.10/site-packages:${PYTHONPATH} /usr/bin/cmake /home/shreyas/turtlebot3_ws/src/turtlebot3/turtlebot3 -DAMENT_CMAKE_SYMLINK_INSTALL=1 -DCMAKE_INSTALL_PREFIX=/home/shreyas/turtlebot3_ws/install/turtlebot3
[0.462s] Invoking command in '/home/shreyas/turtlebot3_ws/build/turtlebot3': AMENT_PREFIX_PATH=/home/shreyas/turtlebot3_ws/install/turtlebot3_bringup:/home/shreyas/turtlebot3_ws/install/turtlebot3_teleop:/home/shreyas/turtlebot3_ws/install/turtlebot3_node:/home/shreyas/turtlebot3_ws/install/turtlebot3_navigation2:/home/shreyas/turtlebot3_ws/install/turtlebot3_example:/home/shreyas/turtlebot3_ws/install/turtlebot3_description:/home/shreyas/turtlebot3_ws/install/turtlebot3_cartographer:${AMENT_PREFIX_PATH} CMAKE_PREFIX_PATH=/home/shreyas/turtlebot3_ws/install/turtlebot3_bringup:/home/shreyas/turtlebot3_ws/install/turtlebot3_node:/home/shreyas/turtlebot3_ws/install/turtlebot3_navigation2:/home/shreyas/turtlebot3_ws/install/turtlebot3_description:/home/shreyas/turtlebot3_ws/install/turtlebot3_cartographer:/home/shreyas/turtlebot3_ws/install/multi_turtlebot3_slam:/opt/ros/humble PYTHONPATH=/home/shreyas/turtlebot3_ws/build/turtlebot3_teleop:/home/shreyas/turtlebot3_ws/install/turtlebot3_teleop/lib/python3.10/site-packages:/home/shreyas/turtlebot3_ws/build/turtlebot3_example:/home/shreyas/turtlebot3_ws/install/turtlebot3_example/lib/python3.10/site-packages:${PYTHONPATH} /usr/bin/cmake --build /home/shreyas/turtlebot3_ws/build/turtlebot3 -- -j18 -l18
[0.496s] Invoked command in '/home/shreyas/turtlebot3_ws/build/turtlebot3' returned '0': AMENT_PREFIX_PATH=/home/shreyas/turtlebot3_ws/install/turtlebot3_bringup:/home/shreyas/turtlebot3_ws/install/turtlebot3_teleop:/home/shreyas/turtlebot3_ws/install/turtlebot3_node:/home/shreyas/turtlebot3_ws/install/turtlebot3_navigation2:/home/shreyas/turtlebot3_ws/install/turtlebot3_example:/home/shreyas/turtlebot3_ws/install/turtlebot3_description:/home/shreyas/turtlebot3_ws/install/turtlebot3_cartographer:${AMENT_PREFIX_PATH} CMAKE_PREFIX_PATH=/home/shreyas/turtlebot3_ws/install/turtlebot3_bringup:/home/shreyas/turtlebot3_ws/install/turtlebot3_node:/home/shreyas/turtlebot3_ws/install/turtlebot3_navigation2:/home/shreyas/turtlebot3_ws/install/turtlebot3_description:/home/shreyas/turtlebot3_ws/install/turtlebot3_cartographer:/home/shreyas/turtlebot3_ws/install/multi_turtlebot3_slam:/opt/ros/humble PYTHONPATH=/home/shreyas/turtlebot3_ws/build/turtlebot3_teleop:/home/shreyas/turtlebot3_ws/install/turtlebot3_teleop/lib/python3.10/site-packages:/home/shreyas/turtlebot3_ws/build/turtlebot3_example:/home/shreyas/turtlebot3_ws/install/turtlebot3_example/lib/python3.10/site-packages:${PYTHONPATH} /usr/bin/cmake --build /home/shreyas/turtlebot3_ws/build/turtlebot3 -- -j18 -l18
[0.497s] Invoking command in '/home/shreyas/turtlebot3_ws/build/turtlebot3': AMENT_PREFIX_PATH=/home/shreyas/turtlebot3_ws/install/turtlebot3_bringup:/home/shreyas/turtlebot3_ws/install/turtlebot3_teleop:/home/shreyas/turtlebot3_ws/install/turtlebot3_node:/home/shreyas/turtlebot3_ws/install/turtlebot3_navigation2:/home/shreyas/turtlebot3_ws/install/turtlebot3_example:/home/shreyas/turtlebot3_ws/install/turtlebot3_description:/home/shreyas/turtlebot3_ws/install/turtlebot3_cartographer:${AMENT_PREFIX_PATH} CMAKE_PREFIX_PATH=/home/shreyas/turtlebot3_ws/install/turtlebot3_bringup:/home/shreyas/turtlebot3_ws/install/turtlebot3_node:/home/shreyas/turtlebot3_ws/install/turtlebot3_navigation2:/home/shreyas/turtlebot3_ws/install/turtlebot3_description:/home/shreyas/turtlebot3_ws/install/turtlebot3_cartographer:/home/shreyas/turtlebot3_ws/install/multi_turtlebot3_slam:/opt/ros/humble PYTHONPATH=/home/shreyas/turtlebot3_ws/build/turtlebot3_teleop:/home/shreyas/turtlebot3_ws/install/turtlebot3_teleop/lib/python3.10/site-packages:/home/shreyas/turtlebot3_ws/build/turtlebot3_example:/home/shreyas/turtlebot3_ws/install/turtlebot3_example/lib/python3.10/site-packages:${PYTHONPATH} /usr/bin/cmake --install /home/shreyas/turtlebot3_ws/build/turtlebot3
[0.505s] -- Install configuration: ""
[0.506s] -- Execute custom install script
[0.506s] -- Symlinking: /home/shreyas/turtlebot3_ws/install/turtlebot3/share/ament_index/resource_index/package_run_dependencies/turtlebot3
[0.512s] -- Symlinking: /home/shreyas/turtlebot3_ws/install/turtlebot3/share/ament_index/resource_index/parent_prefix_path/turtlebot3
[0.522s] -- Symlinking: /home/shreyas/turtlebot3_ws/install/turtlebot3/share/turtlebot3/environment/ament_prefix_path.sh
[0.529s] -- Symlinking: /home/shreyas/turtlebot3_ws/install/turtlebot3/share/turtlebot3/environment/ament_prefix_path.dsv
[0.534s] -- Symlinking: /home/shreyas/turtlebot3_ws/install/turtlebot3/share/turtlebot3/environment/path.sh
[0.542s] -- Symlinking: /home/shreyas/turtlebot3_ws/install/turtlebot3/share/turtlebot3/environment/path.dsv
[0.547s] -- Symlinking: /home/shreyas/turtlebot3_ws/install/turtlebot3/share/turtlebot3/local_setup.bash
[0.552s] -- Symlinking: /home/shreyas/turtlebot3_ws/install/turtlebot3/share/turtlebot3/local_setup.sh
[0.559s] -- Symlinking: /home/shreyas/turtlebot3_ws/install/turtlebot3/share/turtlebot3/local_setup.zsh
[0.564s] -- Symlinking: /home/shreyas/turtlebot3_ws/install/turtlebot3/share/turtlebot3/local_setup.dsv
[0.569s] -- Symlinking: /home/shreyas/turtlebot3_ws/install/turtlebot3/share/turtlebot3/package.dsv
[0.578s] -- Symlinking: /home/shreyas/turtlebot3_ws/install/turtlebot3/share/ament_index/resource_index/packages/turtlebot3
[0.584s] -- Symlinking: /home/shreyas/turtlebot3_ws/install/turtlebot3/share/turtlebot3/cmake/turtlebot3Config.cmake
[0.589s] -- Symlinking: /home/shreyas/turtlebot3_ws/install/turtlebot3/share/turtlebot3/cmake/turtlebot3Config-version.cmake
[0.598s] -- Symlinking: /home/shreyas/turtlebot3_ws/install/turtlebot3/share/turtlebot3/package.xml
[0.605s] Invoked command in '/home/shreyas/turtlebot3_ws/build/turtlebot3' returned '0': AMENT_PREFIX_PATH=/home/shreyas/turtlebot3_ws/install/turtlebot3_bringup:/home/shreyas/turtlebot3_ws/install/turtlebot3_teleop:/home/shreyas/turtlebot3_ws/install/turtlebot3_node:/home/shreyas/turtlebot3_ws/install/turtlebot3_navigation2:/home/shreyas/turtlebot3_ws/install/turtlebot3_example:/home/shreyas/turtlebot3_ws/install/turtlebot3_description:/home/shreyas/turtlebot3_ws/install/turtlebot3_cartographer:${AMENT_PREFIX_PATH} CMAKE_PREFIX_PATH=/home/shreyas/turtlebot3_ws/install/turtlebot3_bringup:/home/shreyas/turtlebot3_ws/install/turtlebot3_node:/home/shreyas/turtlebot3_ws/install/turtlebot3_navigation2:/home/shreyas/turtlebot3_ws/install/turtlebot3_description:/home/shreyas/turtlebot3_ws/install/turtlebot3_cartographer:/home/shreyas/turtlebot3_ws/install/multi_turtlebot3_slam:/opt/ros/humble PYTHONPATH=/home/shreyas/turtlebot3_ws/build/turtlebot3_teleop:/home/shreyas/turtlebot3_ws/install/turtlebot3_teleop/lib/python3.10/site-packages:/home/shreyas/turtlebot3_ws/build/turtlebot3_example:/home/shreyas/turtlebot3_ws/install/turtlebot3_example/lib/python3.10/site-packages:${PYTHONPATH} /usr/bin/cmake --install /home/shreyas/turtlebot3_ws/build/turtlebot3
