[0.633s] Invoking command in '/home/shreyas/turtlebot3_ws/build/turtlebot3_example': PYTHONPATH=/home/shreyas/turtlebot3_ws/build/turtlebot3_example/prefix_override:/home/shreyas/.local/lib/python3.10/site-packages/colcon_core/task/python/colcon_distutils_commands:/home/shreyas/turtlebot3_ws/install/turtlebot3_example/lib/python3.10/site-packages:${PYTHONPATH} /usr/bin/python3 -W ignore:setup.py install is deprecated -W ignore:easy_install command is deprecated setup.py develop --editable --build-directory /home/shreyas/turtlebot3_ws/build/turtlebot3_example/build --no-deps symlink_data
[0.794s] running develop
[0.889s] running egg_info
[0.889s] writing turtlebot3_example.egg-info/PKG-INFO
[0.889s] writing dependency_links to turtlebot3_example.egg-info/dependency_links.txt
[0.889s] writing entry points to turtlebot3_example.egg-info/entry_points.txt
[0.889s] writing requirements to turtlebot3_example.egg-info/requires.txt
[0.889s] writing top-level names to turtlebot3_example.egg-info/top_level.txt
[0.890s] reading manifest file 'turtlebot3_example.egg-info/SOURCES.txt'
[0.891s] writing manifest file 'turtlebot3_example.egg-info/SOURCES.txt'
[0.892s] running build_ext
[0.892s] Creating /home/shreyas/turtlebot3_ws/install/turtlebot3_example/lib/python3.10/site-packages/turtlebot3-example.egg-link (link to .)
[0.892s] Installing turtlebot3_obstacle_detection script to /home/shreyas/turtlebot3_ws/install/turtlebot3_example/lib/turtlebot3_example
[0.892s] Installing turtlebot3_patrol_client script to /home/shreyas/turtlebot3_ws/install/turtlebot3_example/lib/turtlebot3_example
[0.892s] Installing turtlebot3_patrol_server script to /home/shreyas/turtlebot3_ws/install/turtlebot3_example/lib/turtlebot3_example
[0.892s] Installing turtlebot3_position_control script to /home/shreyas/turtlebot3_ws/install/turtlebot3_example/lib/turtlebot3_example
[0.892s] 
[0.893s] Installed /home/shreyas/turtlebot3_ws/build/turtlebot3_example
[0.893s] running symlink_data
[0.909s] Invoked command in '/home/shreyas/turtlebot3_ws/build/turtlebot3_example' returned '0': PYTHONPATH=/home/shreyas/turtlebot3_ws/build/turtlebot3_example/prefix_override:/home/shreyas/.local/lib/python3.10/site-packages/colcon_core/task/python/colcon_distutils_commands:/home/shreyas/turtlebot3_ws/install/turtlebot3_example/lib/python3.10/site-packages:${PYTHONPATH} /usr/bin/python3 -W ignore:setup.py install is deprecated -W ignore:easy_install command is deprecated setup.py develop --editable --build-directory /home/shreyas/turtlebot3_ws/build/turtlebot3_example/build --no-deps symlink_data
