[0.007s] Invoking command in '/home/shreyas/turtlebot3_ws/build/turtlebot3_bringup': CMAKE_PREFIX_PATH=/home/shreyas/turtlebot3_ws/install/turtlebot3_node:/home/shreyas/turtlebot3_ws/install/turtlebot3_description:/home/shreyas/turtlebot3_ws/install/turtlebot3:/home/shreyas/turtlebot3_ws/install/turtlebot3_simulations:/home/shreyas/turtlebot3_ws/install/turtlebot3_bringup:/home/shreyas/turtlebot3_ws/install/turtlebot3_multi_robot:/home/shreyas/turtlebot3_ws/install/turtlebot3_navigation2:/home/shreyas/turtlebot3_ws/install/turtlebot3_gazebo:/home/shreyas/turtlebot3_ws/install/turtlebot3_fake_node:/home/shreyas/turtlebot3_ws/install/turtlebot3_cartographer:/home/shreyas/turtlebot3_ws/install/multi_turtlebot3_slam:/home/shreyas/turtlebot3_ws/install/turtlebot3_teleop:/home/shreyas/turtlebot3_ws/install/turtlebot3_example:/home/shreyas/turtlebot3_ws/install/merge_map:/opt/ros/humble /usr/bin/cmake /home/shreyas/turtlebot3_ws/src/turtlebot3/turtlebot3_bringup -DCMAKE_INSTALL_PREFIX=/home/shreyas/turtlebot3_ws/install/turtlebot3_bringup
[0.017s] -- Found ament_cmake: 1.3.10 (/opt/ros/humble/share/ament_cmake/cmake)
[0.133s] -- Override CMake install command with custom implementation using symlinks instead of copying resources
[0.189s] -- Configuring done
[0.190s] -- Generating done
[0.191s] -- Build files have been written to: /home/shreyas/turtlebot3_ws/build/turtlebot3_bringup
[0.193s] Invoked command in '/home/shreyas/turtlebot3_ws/build/turtlebot3_bringup' returned '0': CMAKE_PREFIX_PATH=/home/shreyas/turtlebot3_ws/install/turtlebot3_node:/home/shreyas/turtlebot3_ws/install/turtlebot3_description:/home/shreyas/turtlebot3_ws/install/turtlebot3:/home/shreyas/turtlebot3_ws/install/turtlebot3_simulations:/home/shreyas/turtlebot3_ws/install/turtlebot3_bringup:/home/shreyas/turtlebot3_ws/install/turtlebot3_multi_robot:/home/shreyas/turtlebot3_ws/install/turtlebot3_navigation2:/home/shreyas/turtlebot3_ws/install/turtlebot3_gazebo:/home/shreyas/turtlebot3_ws/install/turtlebot3_fake_node:/home/shreyas/turtlebot3_ws/install/turtlebot3_cartographer:/home/shreyas/turtlebot3_ws/install/multi_turtlebot3_slam:/home/shreyas/turtlebot3_ws/install/turtlebot3_teleop:/home/shreyas/turtlebot3_ws/install/turtlebot3_example:/home/shreyas/turtlebot3_ws/install/merge_map:/opt/ros/humble /usr/bin/cmake /home/shreyas/turtlebot3_ws/src/turtlebot3/turtlebot3_bringup -DCMAKE_INSTALL_PREFIX=/home/shreyas/turtlebot3_ws/install/turtlebot3_bringup
[0.195s] Invoking command in '/home/shreyas/turtlebot3_ws/build/turtlebot3_bringup': CMAKE_PREFIX_PATH=/home/shreyas/turtlebot3_ws/install/turtlebot3_node:/home/shreyas/turtlebot3_ws/install/turtlebot3_description:/home/shreyas/turtlebot3_ws/install/turtlebot3:/home/shreyas/turtlebot3_ws/install/turtlebot3_simulations:/home/shreyas/turtlebot3_ws/install/turtlebot3_bringup:/home/shreyas/turtlebot3_ws/install/turtlebot3_multi_robot:/home/shreyas/turtlebot3_ws/install/turtlebot3_navigation2:/home/shreyas/turtlebot3_ws/install/turtlebot3_gazebo:/home/shreyas/turtlebot3_ws/install/turtlebot3_fake_node:/home/shreyas/turtlebot3_ws/install/turtlebot3_cartographer:/home/shreyas/turtlebot3_ws/install/multi_turtlebot3_slam:/home/shreyas/turtlebot3_ws/install/turtlebot3_teleop:/home/shreyas/turtlebot3_ws/install/turtlebot3_example:/home/shreyas/turtlebot3_ws/install/merge_map:/opt/ros/humble /usr/bin/cmake --build /home/shreyas/turtlebot3_ws/build/turtlebot3_bringup -- -j18 -l18
[0.223s] Invoked command in '/home/shreyas/turtlebot3_ws/build/turtlebot3_bringup' returned '0': CMAKE_PREFIX_PATH=/home/shreyas/turtlebot3_ws/install/turtlebot3_node:/home/shreyas/turtlebot3_ws/install/turtlebot3_description:/home/shreyas/turtlebot3_ws/install/turtlebot3:/home/shreyas/turtlebot3_ws/install/turtlebot3_simulations:/home/shreyas/turtlebot3_ws/install/turtlebot3_bringup:/home/shreyas/turtlebot3_ws/install/turtlebot3_multi_robot:/home/shreyas/turtlebot3_ws/install/turtlebot3_navigation2:/home/shreyas/turtlebot3_ws/install/turtlebot3_gazebo:/home/shreyas/turtlebot3_ws/install/turtlebot3_fake_node:/home/shreyas/turtlebot3_ws/install/turtlebot3_cartographer:/home/shreyas/turtlebot3_ws/install/multi_turtlebot3_slam:/home/shreyas/turtlebot3_ws/install/turtlebot3_teleop:/home/shreyas/turtlebot3_ws/install/turtlebot3_example:/home/shreyas/turtlebot3_ws/install/merge_map:/opt/ros/humble /usr/bin/cmake --build /home/shreyas/turtlebot3_ws/build/turtlebot3_bringup -- -j18 -l18
[0.225s] Invoking command in '/home/shreyas/turtlebot3_ws/build/turtlebot3_bringup': CMAKE_PREFIX_PATH=/home/shreyas/turtlebot3_ws/install/turtlebot3_node:/home/shreyas/turtlebot3_ws/install/turtlebot3_description:/home/shreyas/turtlebot3_ws/install/turtlebot3:/home/shreyas/turtlebot3_ws/install/turtlebot3_simulations:/home/shreyas/turtlebot3_ws/install/turtlebot3_bringup:/home/shreyas/turtlebot3_ws/install/turtlebot3_multi_robot:/home/shreyas/turtlebot3_ws/install/turtlebot3_navigation2:/home/shreyas/turtlebot3_ws/install/turtlebot3_gazebo:/home/shreyas/turtlebot3_ws/install/turtlebot3_fake_node:/home/shreyas/turtlebot3_ws/install/turtlebot3_cartographer:/home/shreyas/turtlebot3_ws/install/multi_turtlebot3_slam:/home/shreyas/turtlebot3_ws/install/turtlebot3_teleop:/home/shreyas/turtlebot3_ws/install/turtlebot3_example:/home/shreyas/turtlebot3_ws/install/merge_map:/opt/ros/humble /usr/bin/cmake --install /home/shreyas/turtlebot3_ws/build/turtlebot3_bringup
[0.232s] -- Install configuration: ""
[0.233s] -- Execute custom install script
[0.233s] -- Up-to-date symlink: /home/shreyas/turtlebot3_ws/install/turtlebot3_bringup/share/turtlebot3_bringup/launch/robot.launch.py
[0.233s] -- Up-to-date symlink: /home/shreyas/turtlebot3_ws/install/turtlebot3_bringup/share/turtlebot3_bringup/launch/rviz2.launch.py
[0.233s] -- Up-to-date symlink: /home/shreyas/turtlebot3_ws/install/turtlebot3_bringup/share/turtlebot3_bringup/launch/turtlebot3_state_publisher.launch.py
[0.233s] -- Up-to-date symlink: /home/shreyas/turtlebot3_ws/install/turtlebot3_bringup/share/turtlebot3_bringup/param/burger.yaml
[0.233s] -- Up-to-date symlink: /home/shreyas/turtlebot3_ws/install/turtlebot3_bringup/share/turtlebot3_bringup/param/waffle.yaml
[0.234s] -- Up-to-date symlink: /home/shreyas/turtlebot3_ws/install/turtlebot3_bringup/share/turtlebot3_bringup/param/waffle_pi.yaml
[0.234s] -- Up-to-date symlink: /home/shreyas/turtlebot3_ws/install/turtlebot3_bringup/share/turtlebot3_bringup/script/99-turtlebot3-cdc.rules
[0.234s] -- Up-to-date symlink: /home/shreyas/turtlebot3_ws/install/turtlebot3_bringup/share/turtlebot3_bringup/script/create_udev_rules
[0.234s] -- Up-to-date symlink: /home/shreyas/turtlebot3_ws/install/turtlebot3_bringup/share/ament_index/resource_index/package_run_dependencies/turtlebot3_bringup
[0.234s] -- Up-to-date symlink: /home/shreyas/turtlebot3_ws/install/turtlebot3_bringup/share/ament_index/resource_index/parent_prefix_path/turtlebot3_bringup
[0.234s] -- Up-to-date symlink: /home/shreyas/turtlebot3_ws/install/turtlebot3_bringup/share/turtlebot3_bringup/environment/ament_prefix_path.sh
[0.234s] -- Up-to-date symlink: /home/shreyas/turtlebot3_ws/install/turtlebot3_bringup/share/turtlebot3_bringup/environment/ament_prefix_path.dsv
[0.234s] -- Up-to-date symlink: /home/shreyas/turtlebot3_ws/install/turtlebot3_bringup/share/turtlebot3_bringup/environment/path.sh
[0.234s] -- Up-to-date symlink: /home/shreyas/turtlebot3_ws/install/turtlebot3_bringup/share/turtlebot3_bringup/environment/path.dsv
[0.234s] -- Up-to-date symlink: /home/shreyas/turtlebot3_ws/install/turtlebot3_bringup/share/turtlebot3_bringup/local_setup.bash
[0.234s] -- Up-to-date symlink: /home/shreyas/turtlebot3_ws/install/turtlebot3_bringup/share/turtlebot3_bringup/local_setup.sh
[0.235s] -- Up-to-date symlink: /home/shreyas/turtlebot3_ws/install/turtlebot3_bringup/share/turtlebot3_bringup/local_setup.zsh
[0.235s] -- Up-to-date symlink: /home/shreyas/turtlebot3_ws/install/turtlebot3_bringup/share/turtlebot3_bringup/local_setup.dsv
[0.235s] -- Symlinking: /home/shreyas/turtlebot3_ws/install/turtlebot3_bringup/share/turtlebot3_bringup/package.dsv
[0.240s] -- Up-to-date symlink: /home/shreyas/turtlebot3_ws/install/turtlebot3_bringup/share/ament_index/resource_index/packages/turtlebot3_bringup
[0.240s] -- Up-to-date symlink: /home/shreyas/turtlebot3_ws/install/turtlebot3_bringup/share/turtlebot3_bringup/cmake/turtlebot3_bringupConfig.cmake
[0.240s] -- Up-to-date symlink: /home/shreyas/turtlebot3_ws/install/turtlebot3_bringup/share/turtlebot3_bringup/cmake/turtlebot3_bringupConfig-version.cmake
[0.240s] -- Up-to-date symlink: /home/shreyas/turtlebot3_ws/install/turtlebot3_bringup/share/turtlebot3_bringup/package.xml
[0.243s] Invoked command in '/home/shreyas/turtlebot3_ws/build/turtlebot3_bringup' returned '0': CMAKE_PREFIX_PATH=/home/shreyas/turtlebot3_ws/install/turtlebot3_node:/home/shreyas/turtlebot3_ws/install/turtlebot3_description:/home/shreyas/turtlebot3_ws/install/turtlebot3:/home/shreyas/turtlebot3_ws/install/turtlebot3_simulations:/home/shreyas/turtlebot3_ws/install/turtlebot3_bringup:/home/shreyas/turtlebot3_ws/install/turtlebot3_multi_robot:/home/shreyas/turtlebot3_ws/install/turtlebot3_navigation2:/home/shreyas/turtlebot3_ws/install/turtlebot3_gazebo:/home/shreyas/turtlebot3_ws/install/turtlebot3_fake_node:/home/shreyas/turtlebot3_ws/install/turtlebot3_cartographer:/home/shreyas/turtlebot3_ws/install/multi_turtlebot3_slam:/home/shreyas/turtlebot3_ws/install/turtlebot3_teleop:/home/shreyas/turtlebot3_ws/install/turtlebot3_example:/home/shreyas/turtlebot3_ws/install/merge_map:/opt/ros/humble /usr/bin/cmake --install /home/shreyas/turtlebot3_ws/build/turtlebot3_bringup
