[0.611s] Invoking command in '/home/shreyas/turtlebot3_ws/build/turtlebot3_example': PYTHONPATH=/home/shreyas/turtlebot3_ws/build/turtlebot3_example/prefix_override:/home/shreyas/.local/lib/python3.10/site-packages/colcon_core/task/python/colcon_distutils_commands:/home/shreyas/turtlebot3_ws/install/turtlebot3_example/lib/python3.10/site-packages:${PYTHONPATH} /usr/bin/python3 -W ignore:setup.py install is deprecated -W ignore:easy_install command is deprecated setup.py develop --uninstall --editable --build-directory /home/shreyas/turtlebot3_ws/build/turtlebot3_example/build
[0.776s] running develop
[0.872s] Removing /home/shreyas/turtlebot3_ws/install/turtlebot3_example/lib/python3.10/site-packages/turtlebot3-example.egg-link (link to .)
[0.891s] Invoked command in '/home/shreyas/turtlebot3_ws/build/turtlebot3_example' returned '0': PYTHONPATH=/home/shreyas/turtlebot3_ws/build/turtlebot3_example/prefix_override:/home/shreyas/.local/lib/python3.10/site-packages/colcon_core/task/python/colcon_distutils_commands:/home/shreyas/turtlebot3_ws/install/turtlebot3_example/lib/python3.10/site-packages:${PYTHONPATH} /usr/bin/python3 -W ignore:setup.py install is deprecated -W ignore:easy_install command is deprecated setup.py develop --uninstall --editable --build-directory /home/shreyas/turtlebot3_ws/build/turtlebot3_example/build
[0.893s] Invoking command in '/home/shreyas/turtlebot3_ws/src/turtlebot3/turtlebot3_example': PYTHONPATH=/home/shreyas/turtlebot3_ws/build/turtlebot3_example/prefix_override:/home/shreyas/.local/lib/python3.10/site-packages/colcon_core/task/python/colcon_distutils_commands:/home/shreyas/turtlebot3_ws/install/turtlebot3_example/lib/python3.10/site-packages:${PYTHONPATH} /usr/bin/python3 -W ignore:setup.py install is deprecated -W ignore:easy_install command is deprecated setup.py egg_info --egg-base ../../../build/turtlebot3_example build --build-base /home/shreyas/turtlebot3_ws/build/turtlebot3_example/build install --record /home/shreyas/turtlebot3_ws/build/turtlebot3_example/install.log --single-version-externally-managed install_data --force
[1.045s] running egg_info
[1.046s] writing ../../../build/turtlebot3_example/turtlebot3_example.egg-info/PKG-INFO
[1.046s] writing dependency_links to ../../../build/turtlebot3_example/turtlebot3_example.egg-info/dependency_links.txt
[1.046s] writing entry points to ../../../build/turtlebot3_example/turtlebot3_example.egg-info/entry_points.txt
[1.046s] writing requirements to ../../../build/turtlebot3_example/turtlebot3_example.egg-info/requires.txt
[1.046s] writing top-level names to ../../../build/turtlebot3_example/turtlebot3_example.egg-info/top_level.txt
[1.049s] reading manifest file '../../../build/turtlebot3_example/turtlebot3_example.egg-info/SOURCES.txt'
[1.050s] writing manifest file '../../../build/turtlebot3_example/turtlebot3_example.egg-info/SOURCES.txt'
[1.050s] running build
[1.050s] running build_py
[1.050s] creating /home/shreyas/turtlebot3_ws/build/turtlebot3_example/build
[1.050s] creating /home/shreyas/turtlebot3_ws/build/turtlebot3_example/build/lib
[1.050s] creating /home/shreyas/turtlebot3_ws/build/turtlebot3_example/build/lib/turtlebot3_example
[1.050s] copying turtlebot3_example/__init__.py -> /home/shreyas/turtlebot3_ws/build/turtlebot3_example/build/lib/turtlebot3_example
[1.050s] creating /home/shreyas/turtlebot3_ws/build/turtlebot3_example/build/lib/turtlebot3_example/turtlebot3_patrol_client
[1.050s] copying turtlebot3_example/turtlebot3_patrol_client/main.py -> /home/shreyas/turtlebot3_ws/build/turtlebot3_example/build/lib/turtlebot3_example/turtlebot3_patrol_client
[1.050s] copying turtlebot3_example/turtlebot3_patrol_client/__init__.py -> /home/shreyas/turtlebot3_ws/build/turtlebot3_example/build/lib/turtlebot3_example/turtlebot3_patrol_client
[1.050s] copying turtlebot3_example/turtlebot3_patrol_client/turtlebot3_patrol_client.py -> /home/shreyas/turtlebot3_ws/build/turtlebot3_example/build/lib/turtlebot3_example/turtlebot3_patrol_client
[1.051s] creating /home/shreyas/turtlebot3_ws/build/turtlebot3_example/build/lib/turtlebot3_example/turtlebot3_obstacle_detection
[1.051s] copying turtlebot3_example/turtlebot3_obstacle_detection/main.py -> /home/shreyas/turtlebot3_ws/build/turtlebot3_example/build/lib/turtlebot3_example/turtlebot3_obstacle_detection
[1.051s] copying turtlebot3_example/turtlebot3_obstacle_detection/__init__.py -> /home/shreyas/turtlebot3_ws/build/turtlebot3_example/build/lib/turtlebot3_example/turtlebot3_obstacle_detection
[1.051s] copying turtlebot3_example/turtlebot3_obstacle_detection/turtlebot3_obstacle_detection.py -> /home/shreyas/turtlebot3_ws/build/turtlebot3_example/build/lib/turtlebot3_example/turtlebot3_obstacle_detection
[1.051s] creating /home/shreyas/turtlebot3_ws/build/turtlebot3_example/build/lib/turtlebot3_example/turtlebot3_patrol_server
[1.051s] copying turtlebot3_example/turtlebot3_patrol_server/main.py -> /home/shreyas/turtlebot3_ws/build/turtlebot3_example/build/lib/turtlebot3_example/turtlebot3_patrol_server
[1.051s] copying turtlebot3_example/turtlebot3_patrol_server/__init__.py -> /home/shreyas/turtlebot3_ws/build/turtlebot3_example/build/lib/turtlebot3_example/turtlebot3_patrol_server
[1.051s] copying turtlebot3_example/turtlebot3_patrol_server/turtlebot3_path.py -> /home/shreyas/turtlebot3_ws/build/turtlebot3_example/build/lib/turtlebot3_example/turtlebot3_patrol_server
[1.051s] copying turtlebot3_example/turtlebot3_patrol_server/turtlebot3_patrol_server.py -> /home/shreyas/turtlebot3_ws/build/turtlebot3_example/build/lib/turtlebot3_example/turtlebot3_patrol_server
[1.051s] creating /home/shreyas/turtlebot3_ws/build/turtlebot3_example/build/lib/turtlebot3_example/turtlebot3_position_control
[1.051s] copying turtlebot3_example/turtlebot3_position_control/turtlebot3_position_control.py -> /home/shreyas/turtlebot3_ws/build/turtlebot3_example/build/lib/turtlebot3_example/turtlebot3_position_control
[1.052s] copying turtlebot3_example/turtlebot3_position_control/main.py -> /home/shreyas/turtlebot3_ws/build/turtlebot3_example/build/lib/turtlebot3_example/turtlebot3_position_control
[1.052s] copying turtlebot3_example/turtlebot3_position_control/__init__.py -> /home/shreyas/turtlebot3_ws/build/turtlebot3_example/build/lib/turtlebot3_example/turtlebot3_position_control
[1.052s] copying turtlebot3_example/turtlebot3_position_control/turtlebot3_path.py -> /home/shreyas/turtlebot3_ws/build/turtlebot3_example/build/lib/turtlebot3_example/turtlebot3_position_control
[1.052s] running install
[1.053s] running install_lib
[1.053s] creating /home/shreyas/turtlebot3_ws/install/turtlebot3_example/lib/python3.10/site-packages/turtlebot3_example
[1.053s] creating /home/shreyas/turtlebot3_ws/install/turtlebot3_example/lib/python3.10/site-packages/turtlebot3_example/turtlebot3_patrol_client
[1.053s] copying /home/shreyas/turtlebot3_ws/build/turtlebot3_example/build/lib/turtlebot3_example/turtlebot3_patrol_client/main.py -> /home/shreyas/turtlebot3_ws/install/turtlebot3_example/lib/python3.10/site-packages/turtlebot3_example/turtlebot3_patrol_client
[1.053s] copying /home/shreyas/turtlebot3_ws/build/turtlebot3_example/build/lib/turtlebot3_example/turtlebot3_patrol_client/__init__.py -> /home/shreyas/turtlebot3_ws/install/turtlebot3_example/lib/python3.10/site-packages/turtlebot3_example/turtlebot3_patrol_client
[1.054s] copying /home/shreyas/turtlebot3_ws/build/turtlebot3_example/build/lib/turtlebot3_example/turtlebot3_patrol_client/turtlebot3_patrol_client.py -> /home/shreyas/turtlebot3_ws/install/turtlebot3_example/lib/python3.10/site-packages/turtlebot3_example/turtlebot3_patrol_client
[1.054s] copying /home/shreyas/turtlebot3_ws/build/turtlebot3_example/build/lib/turtlebot3_example/__init__.py -> /home/shreyas/turtlebot3_ws/install/turtlebot3_example/lib/python3.10/site-packages/turtlebot3_example
[1.054s] creating /home/shreyas/turtlebot3_ws/install/turtlebot3_example/lib/python3.10/site-packages/turtlebot3_example/turtlebot3_obstacle_detection
[1.054s] copying /home/shreyas/turtlebot3_ws/build/turtlebot3_example/build/lib/turtlebot3_example/turtlebot3_obstacle_detection/main.py -> /home/shreyas/turtlebot3_ws/install/turtlebot3_example/lib/python3.10/site-packages/turtlebot3_example/turtlebot3_obstacle_detection
[1.054s] copying /home/shreyas/turtlebot3_ws/build/turtlebot3_example/build/lib/turtlebot3_example/turtlebot3_obstacle_detection/__init__.py -> /home/shreyas/turtlebot3_ws/install/turtlebot3_example/lib/python3.10/site-packages/turtlebot3_example/turtlebot3_obstacle_detection
[1.054s] copying /home/shreyas/turtlebot3_ws/build/turtlebot3_example/build/lib/turtlebot3_example/turtlebot3_obstacle_detection/turtlebot3_obstacle_detection.py -> /home/shreyas/turtlebot3_ws/install/turtlebot3_example/lib/python3.10/site-packages/turtlebot3_example/turtlebot3_obstacle_detection
[1.054s] creating /home/shreyas/turtlebot3_ws/install/turtlebot3_example/lib/python3.10/site-packages/turtlebot3_example/turtlebot3_patrol_server
[1.054s] copying /home/shreyas/turtlebot3_ws/build/turtlebot3_example/build/lib/turtlebot3_example/turtlebot3_patrol_server/main.py -> /home/shreyas/turtlebot3_ws/install/turtlebot3_example/lib/python3.10/site-packages/turtlebot3_example/turtlebot3_patrol_server
[1.054s] copying /home/shreyas/turtlebot3_ws/build/turtlebot3_example/build/lib/turtlebot3_example/turtlebot3_patrol_server/__init__.py -> /home/shreyas/turtlebot3_ws/install/turtlebot3_example/lib/python3.10/site-packages/turtlebot3_example/turtlebot3_patrol_server
[1.054s] copying /home/shreyas/turtlebot3_ws/build/turtlebot3_example/build/lib/turtlebot3_example/turtlebot3_patrol_server/turtlebot3_path.py -> /home/shreyas/turtlebot3_ws/install/turtlebot3_example/lib/python3.10/site-packages/turtlebot3_example/turtlebot3_patrol_server
[1.054s] copying /home/shreyas/turtlebot3_ws/build/turtlebot3_example/build/lib/turtlebot3_example/turtlebot3_patrol_server/turtlebot3_patrol_server.py -> /home/shreyas/turtlebot3_ws/install/turtlebot3_example/lib/python3.10/site-packages/turtlebot3_example/turtlebot3_patrol_server
[1.054s] creating /home/shreyas/turtlebot3_ws/install/turtlebot3_example/lib/python3.10/site-packages/turtlebot3_example/turtlebot3_position_control
[1.054s] copying /home/shreyas/turtlebot3_ws/build/turtlebot3_example/build/lib/turtlebot3_example/turtlebot3_position_control/turtlebot3_position_control.py -> /home/shreyas/turtlebot3_ws/install/turtlebot3_example/lib/python3.10/site-packages/turtlebot3_example/turtlebot3_position_control
[1.054s] copying /home/shreyas/turtlebot3_ws/build/turtlebot3_example/build/lib/turtlebot3_example/turtlebot3_position_control/main.py -> /home/shreyas/turtlebot3_ws/install/turtlebot3_example/lib/python3.10/site-packages/turtlebot3_example/turtlebot3_position_control
[1.054s] copying /home/shreyas/turtlebot3_ws/build/turtlebot3_example/build/lib/turtlebot3_example/turtlebot3_position_control/__init__.py -> /home/shreyas/turtlebot3_ws/install/turtlebot3_example/lib/python3.10/site-packages/turtlebot3_example/turtlebot3_position_control
[1.055s] copying /home/shreyas/turtlebot3_ws/build/turtlebot3_example/build/lib/turtlebot3_example/turtlebot3_position_control/turtlebot3_path.py -> /home/shreyas/turtlebot3_ws/install/turtlebot3_example/lib/python3.10/site-packages/turtlebot3_example/turtlebot3_position_control
[1.055s] byte-compiling /home/shreyas/turtlebot3_ws/install/turtlebot3_example/lib/python3.10/site-packages/turtlebot3_example/turtlebot3_patrol_client/main.py to main.cpython-310.pyc
[1.055s] byte-compiling /home/shreyas/turtlebot3_ws/install/turtlebot3_example/lib/python3.10/site-packages/turtlebot3_example/turtlebot3_patrol_client/__init__.py to __init__.cpython-310.pyc
[1.056s] byte-compiling /home/shreyas/turtlebot3_ws/install/turtlebot3_example/lib/python3.10/site-packages/turtlebot3_example/turtlebot3_patrol_client/turtlebot3_patrol_client.py to turtlebot3_patrol_client.cpython-310.pyc
[1.056s] byte-compiling /home/shreyas/turtlebot3_ws/install/turtlebot3_example/lib/python3.10/site-packages/turtlebot3_example/__init__.py to __init__.cpython-310.pyc
[1.056s] byte-compiling /home/shreyas/turtlebot3_ws/install/turtlebot3_example/lib/python3.10/site-packages/turtlebot3_example/turtlebot3_obstacle_detection/main.py to main.cpython-310.pyc
[1.057s] byte-compiling /home/shreyas/turtlebot3_ws/install/turtlebot3_example/lib/python3.10/site-packages/turtlebot3_example/turtlebot3_obstacle_detection/__init__.py to __init__.cpython-310.pyc
[1.057s] byte-compiling /home/shreyas/turtlebot3_ws/install/turtlebot3_example/lib/python3.10/site-packages/turtlebot3_example/turtlebot3_obstacle_detection/turtlebot3_obstacle_detection.py to turtlebot3_obstacle_detection.cpython-310.pyc
[1.058s] byte-compiling /home/shreyas/turtlebot3_ws/install/turtlebot3_example/lib/python3.10/site-packages/turtlebot3_example/turtlebot3_patrol_server/main.py to main.cpython-310.pyc
[1.058s] byte-compiling /home/shreyas/turtlebot3_ws/install/turtlebot3_example/lib/python3.10/site-packages/turtlebot3_example/turtlebot3_patrol_server/__init__.py to __init__.cpython-310.pyc
[1.058s] byte-compiling /home/shreyas/turtlebot3_ws/install/turtlebot3_example/lib/python3.10/site-packages/turtlebot3_example/turtlebot3_patrol_server/turtlebot3_path.py to turtlebot3_path.cpython-310.pyc
[1.058s] byte-compiling /home/shreyas/turtlebot3_ws/install/turtlebot3_example/lib/python3.10/site-packages/turtlebot3_example/turtlebot3_patrol_server/turtlebot3_patrol_server.py to turtlebot3_patrol_server.cpython-310.pyc
[1.058s] byte-compiling /home/shreyas/turtlebot3_ws/install/turtlebot3_example/lib/python3.10/site-packages/turtlebot3_example/turtlebot3_position_control/turtlebot3_position_control.py to turtlebot3_position_control.cpython-310.pyc
[1.059s] byte-compiling /home/shreyas/turtlebot3_ws/install/turtlebot3_example/lib/python3.10/site-packages/turtlebot3_example/turtlebot3_position_control/main.py to main.cpython-310.pyc
[1.059s] byte-compiling /home/shreyas/turtlebot3_ws/install/turtlebot3_example/lib/python3.10/site-packages/turtlebot3_example/turtlebot3_position_control/__init__.py to __init__.cpython-310.pyc
[1.059s] byte-compiling /home/shreyas/turtlebot3_ws/install/turtlebot3_example/lib/python3.10/site-packages/turtlebot3_example/turtlebot3_position_control/turtlebot3_path.py to turtlebot3_path.cpython-310.pyc
[1.060s] running install_data
[1.060s] copying resource/turtlebot3_example -> /home/shreyas/turtlebot3_ws/install/turtlebot3_example/share/ament_index/resource_index/packages
[1.060s] copying package.xml -> /home/shreyas/turtlebot3_ws/install/turtlebot3_example/share/turtlebot3_example
[1.060s] running install_egg_info
[1.063s] Copying ../../../build/turtlebot3_example/turtlebot3_example.egg-info to /home/shreyas/turtlebot3_ws/install/turtlebot3_example/lib/python3.10/site-packages/turtlebot3_example-2.1.5-py3.10.egg-info
[1.063s] running install_scripts
[1.081s] Installing turtlebot3_obstacle_detection script to /home/shreyas/turtlebot3_ws/install/turtlebot3_example/lib/turtlebot3_example
[1.081s] Installing turtlebot3_patrol_client script to /home/shreyas/turtlebot3_ws/install/turtlebot3_example/lib/turtlebot3_example
[1.081s] Installing turtlebot3_patrol_server script to /home/shreyas/turtlebot3_ws/install/turtlebot3_example/lib/turtlebot3_example
[1.081s] Installing turtlebot3_position_control script to /home/shreyas/turtlebot3_ws/install/turtlebot3_example/lib/turtlebot3_example
[1.081s] writing list of installed files to '/home/shreyas/turtlebot3_ws/build/turtlebot3_example/install.log'
[1.097s] Invoked command in '/home/shreyas/turtlebot3_ws/src/turtlebot3/turtlebot3_example' returned '0': PYTHONPATH=/home/shreyas/turtlebot3_ws/build/turtlebot3_example/prefix_override:/home/shreyas/.local/lib/python3.10/site-packages/colcon_core/task/python/colcon_distutils_commands:/home/shreyas/turtlebot3_ws/install/turtlebot3_example/lib/python3.10/site-packages:${PYTHONPATH} /usr/bin/python3 -W ignore:setup.py install is deprecated -W ignore:easy_install command is deprecated setup.py egg_info --egg-base ../../../build/turtlebot3_example build --build-base /home/shreyas/turtlebot3_ws/build/turtlebot3_example/build install --record /home/shreyas/turtlebot3_ws/build/turtlebot3_example/install.log --single-version-externally-managed install_data --force
