/home/imangi/Documents/GitHub/Bharat-Forge-Inter-IIT-24/install/robot_gazebo/lib/python3.10/site-packages/robot_gazebo/master_controller.py
/home/imangi/Documents/GitHub/Bharat-Forge-Inter-IIT-24/install/robot_gazebo/lib/python3.10/site-packages/robot_gazebo/map_merger.py
/home/imangi/Documents/GitHub/Bharat-Forge-Inter-IIT-24/install/robot_gazebo/lib/python3.10/site-packages/robot_gazebo/position_publisher.py
/home/imangi/Documents/GitHub/Bharat-Forge-Inter-IIT-24/install/robot_gazebo/lib/python3.10/site-packages/robot_gazebo/__init__.py
/home/imangi/Documents/GitHub/Bharat-Forge-Inter-IIT-24/install/robot_gazebo/lib/python3.10/site-packages/robot_gazebo/__pycache__/master_controller.cpython-310.pyc
/home/imangi/Documents/GitHub/Bharat-Forge-Inter-IIT-24/install/robot_gazebo/lib/python3.10/site-packages/robot_gazebo/__pycache__/map_merger.cpython-310.pyc
/home/imangi/Documents/GitHub/Bharat-Forge-Inter-IIT-24/install/robot_gazebo/lib/python3.10/site-packages/robot_gazebo/__pycache__/position_publisher.cpython-310.pyc
/home/imangi/Documents/GitHub/Bharat-Forge-Inter-IIT-24/install/robot_gazebo/lib/python3.10/site-packages/robot_gazebo/__pycache__/__init__.cpython-310.pyc
/home/imangi/Documents/GitHub/Bharat-Forge-Inter-IIT-24/install/robot_gazebo/share/ament_index/resource_index/packages/robot_gazebo
/home/imangi/Documents/GitHub/Bharat-Forge-Inter-IIT-24/install/robot_gazebo/share/robot_gazebo/package.xml
/home/imangi/Documents/GitHub/Bharat-Forge-Inter-IIT-24/install/robot_gazebo/share/robot_gazebo/launch/world_launch.py
/home/imangi/Documents/GitHub/Bharat-Forge-Inter-IIT-24/install/robot_gazebo/share/robot_gazebo/world/empty.world
/home/imangi/Documents/GitHub/Bharat-Forge-Inter-IIT-24/install/robot_gazebo/share/robot_gazebo/world/factory.world
/home/imangi/Documents/GitHub/Bharat-Forge-Inter-IIT-24/install/robot_gazebo/lib/python3.10/site-packages/robot_gazebo-0.0.0-py3.10.egg-info/SOURCES.txt
/home/imangi/Documents/GitHub/Bharat-Forge-Inter-IIT-24/install/robot_gazebo/lib/python3.10/site-packages/robot_gazebo-0.0.0-py3.10.egg-info/requires.txt
/home/imangi/Documents/GitHub/Bharat-Forge-Inter-IIT-24/install/robot_gazebo/lib/python3.10/site-packages/robot_gazebo-0.0.0-py3.10.egg-info/zip-safe
/home/imangi/Documents/GitHub/Bharat-Forge-Inter-IIT-24/install/robot_gazebo/lib/python3.10/site-packages/robot_gazebo-0.0.0-py3.10.egg-info/top_level.txt
/home/imangi/Documents/GitHub/Bharat-Forge-Inter-IIT-24/install/robot_gazebo/lib/python3.10/site-packages/robot_gazebo-0.0.0-py3.10.egg-info/entry_points.txt
/home/imangi/Documents/GitHub/Bharat-Forge-Inter-IIT-24/install/robot_gazebo/lib/python3.10/site-packages/robot_gazebo-0.0.0-py3.10.egg-info/dependency_links.txt
/home/imangi/Documents/GitHub/Bharat-Forge-Inter-IIT-24/install/robot_gazebo/lib/python3.10/site-packages/robot_gazebo-0.0.0-py3.10.egg-info/PKG-INFO
/home/imangi/Documents/GitHub/Bharat-Forge-Inter-IIT-24/install/robot_gazebo/lib/robot_gazebo/map_merger
/home/imangi/Documents/GitHub/Bharat-Forge-Inter-IIT-24/install/robot_gazebo/lib/robot_gazebo/master_controller
/home/imangi/Documents/GitHub/Bharat-Forge-Inter-IIT-24/install/robot_gazebo/lib/robot_gazebo/position_publisher
