[0.966s] Invoking command in '/home/shreyas/turtlebot3_ws/src/turtlebot3/turtlebot3_example': PYTHONPATH=/home/shreyas/turtlebot3_ws/build/turtlebot3_example/prefix_override:/home/shreyas/.local/lib/python3.10/site-packages/colcon_core/task/python/colcon_distutils_commands:/home/shreyas/turtlebot3_ws/install/turtlebot3_example/lib/python3.10/site-packages:${PYTHONPATH} /usr/bin/python3 -W ignore:setup.py install is deprecated -W ignore:easy_install command is deprecated setup.py egg_info --egg-base ../../../build/turtlebot3_example build --build-base /home/shreyas/turtlebot3_ws/build/turtlebot3_example/build install --record /home/shreyas/turtlebot3_ws/build/turtlebot3_example/install.log --single-version-externally-managed install_data
[1.152s] running egg_info
[1.153s] writing ../../../build/turtlebot3_example/turtlebot3_example.egg-info/PKG-INFO
[1.153s] writing dependency_links to ../../../build/turtlebot3_example/turtlebot3_example.egg-info/dependency_links.txt
[1.153s] writing entry points to ../../../build/turtlebot3_example/turtlebot3_example.egg-info/entry_points.txt
[1.153s] writing requirements to ../../../build/turtlebot3_example/turtlebot3_example.egg-info/requires.txt
[1.153s] writing top-level names to ../../../build/turtlebot3_example/turtlebot3_example.egg-info/top_level.txt
[1.154s] reading manifest file '../../../build/turtlebot3_example/turtlebot3_example.egg-info/SOURCES.txt'
[1.155s] writing manifest file '../../../build/turtlebot3_example/turtlebot3_example.egg-info/SOURCES.txt'
[1.155s] running build
[1.155s] running build_py
[1.155s] running install
[1.156s] running install_lib
[1.157s] running install_data
[1.157s] running install_egg_info
[1.158s] removing '/home/shreyas/turtlebot3_ws/install/turtlebot3_example/lib/python3.10/site-packages/turtlebot3_example-2.1.5-py3.10.egg-info' (and everything under it)
[1.159s] Copying ../../../build/turtlebot3_example/turtlebot3_example.egg-info to /home/shreyas/turtlebot3_ws/install/turtlebot3_example/lib/python3.10/site-packages/turtlebot3_example-2.1.5-py3.10.egg-info
[1.159s] running install_scripts
[1.176s] Installing turtlebot3_obstacle_detection script to /home/shreyas/turtlebot3_ws/install/turtlebot3_example/lib/turtlebot3_example
[1.176s] Installing turtlebot3_patrol_client script to /home/shreyas/turtlebot3_ws/install/turtlebot3_example/lib/turtlebot3_example
[1.176s] Installing turtlebot3_patrol_server script to /home/shreyas/turtlebot3_ws/install/turtlebot3_example/lib/turtlebot3_example
[1.176s] Installing turtlebot3_position_control script to /home/shreyas/turtlebot3_ws/install/turtlebot3_example/lib/turtlebot3_example
[1.177s] writing list of installed files to '/home/shreyas/turtlebot3_ws/build/turtlebot3_example/install.log'
[1.202s] Invoked command in '/home/shreyas/turtlebot3_ws/src/turtlebot3/turtlebot3_example' returned '0': PYTHONPATH=/home/shreyas/turtlebot3_ws/build/turtlebot3_example/prefix_override:/home/shreyas/.local/lib/python3.10/site-packages/colcon_core/task/python/colcon_distutils_commands:/home/shreyas/turtlebot3_ws/install/turtlebot3_example/lib/python3.10/site-packages:${PYTHONPATH} /usr/bin/python3 -W ignore:setup.py install is deprecated -W ignore:easy_install command is deprecated setup.py egg_info --egg-base ../../../build/turtlebot3_example build --build-base /home/shreyas/turtlebot3_ws/build/turtlebot3_example/build install --record /home/shreyas/turtlebot3_ws/build/turtlebot3_example/install.log --single-version-externally-managed install_data
