[0.024s] Invoking command in '/home/shreyas/turtlebot3_ws/build/turtlebot3_node': CMAKE_PREFIX_PATH=${CMAKE_PREFIX_PATH}:/home/shreyas/turtlebot3_ws/install/turtlebot3_teleop:/home/shreyas/turtlebot3_ws/install/turtlebot3_example:/home/shreyas/turtlebot3_ws/install/merge_map:/opt/ros/humble /usr/bin/cmake --build /home/shreyas/turtlebot3_ws/build/turtlebot3_node -- -j18 -l18
[0.357s] [ 85%] Built target turtlebot3_node_lib
[0.357s] [100%] Built target turtlebot3_ros
[0.528s] Invoked command in '/home/shreyas/turtlebot3_ws/build/turtlebot3_node' returned '0': CMAKE_PREFIX_PATH=${CMAKE_PREFIX_PATH}:/home/shreyas/turtlebot3_ws/install/turtlebot3_teleop:/home/shreyas/turtlebot3_ws/install/turtlebot3_example:/home/shreyas/turtlebot3_ws/install/merge_map:/opt/ros/humble /usr/bin/cmake --build /home/shreyas/turtlebot3_ws/build/turtlebot3_node -- -j18 -l18
[0.529s] Invoking command in '/home/shreyas/turtlebot3_ws/build/turtlebot3_node': CMAKE_PREFIX_PATH=${CMAKE_PREFIX_PATH}:/home/shreyas/turtlebot3_ws/install/turtlebot3_teleop:/home/shreyas/turtlebot3_ws/install/turtlebot3_example:/home/shreyas/turtlebot3_ws/install/merge_map:/opt/ros/humble /usr/bin/cmake --install /home/shreyas/turtlebot3_ws/build/turtlebot3_node
[0.539s] -- Install configuration: ""
[0.539s] -- Execute custom install script
[0.539s] -- Up-to-date symlink: /home/shreyas/turtlebot3_ws/install/turtlebot3_node/share/turtlebot3_node/param/burger.yaml
[0.539s] -- Up-to-date symlink: /home/shreyas/turtlebot3_ws/install/turtlebot3_node/share/turtlebot3_node/param/waffle.yaml
[0.539s] -- Up-to-date symlink: /home/shreyas/turtlebot3_ws/install/turtlebot3_node/share/turtlebot3_node/param/waffle_pi.yaml
[0.540s] -- Up-to-date symlink: /home/shreyas/turtlebot3_ws/install/turtlebot3_node/lib/turtlebot3_node/turtlebot3_ros
[0.540s] -- Up-to-date symlink: /home/shreyas/turtlebot3_ws/install/turtlebot3_node/share/ament_index/resource_index/package_run_dependencies/turtlebot3_node
[0.540s] -- Up-to-date symlink: /home/shreyas/turtlebot3_ws/install/turtlebot3_node/share/ament_index/resource_index/parent_prefix_path/turtlebot3_node
[0.540s] -- Up-to-date symlink: /home/shreyas/turtlebot3_ws/install/turtlebot3_node/share/turtlebot3_node/environment/ament_prefix_path.sh
[0.540s] -- Up-to-date symlink: /home/shreyas/turtlebot3_ws/install/turtlebot3_node/share/turtlebot3_node/environment/ament_prefix_path.dsv
[0.540s] -- Up-to-date symlink: /home/shreyas/turtlebot3_ws/install/turtlebot3_node/share/turtlebot3_node/environment/path.sh
[0.540s] -- Up-to-date symlink: /home/shreyas/turtlebot3_ws/install/turtlebot3_node/share/turtlebot3_node/environment/path.dsv
[0.540s] -- Up-to-date symlink: /home/shreyas/turtlebot3_ws/install/turtlebot3_node/share/turtlebot3_node/local_setup.bash
[0.540s] -- Up-to-date symlink: /home/shreyas/turtlebot3_ws/install/turtlebot3_node/share/turtlebot3_node/local_setup.sh
[0.540s] -- Up-to-date symlink: /home/shreyas/turtlebot3_ws/install/turtlebot3_node/share/turtlebot3_node/local_setup.zsh
[0.540s] -- Up-to-date symlink: /home/shreyas/turtlebot3_ws/install/turtlebot3_node/share/turtlebot3_node/local_setup.dsv
[0.540s] -- Symlinking: /home/shreyas/turtlebot3_ws/install/turtlebot3_node/share/turtlebot3_node/package.dsv
[0.544s] -- Up-to-date symlink: /home/shreyas/turtlebot3_ws/install/turtlebot3_node/share/ament_index/resource_index/packages/turtlebot3_node
[0.544s] -- Up-to-date symlink: /home/shreyas/turtlebot3_ws/install/turtlebot3_node/share/turtlebot3_node/cmake/ament_cmake_export_include_directories-extras.cmake
[0.544s] -- Up-to-date symlink: /home/shreyas/turtlebot3_ws/install/turtlebot3_node/share/turtlebot3_node/cmake/turtlebot3_nodeConfig.cmake
[0.544s] -- Up-to-date symlink: /home/shreyas/turtlebot3_ws/install/turtlebot3_node/share/turtlebot3_node/cmake/turtlebot3_nodeConfig-version.cmake
[0.544s] -- Up-to-date symlink: /home/shreyas/turtlebot3_ws/install/turtlebot3_node/share/turtlebot3_node/package.xml
[0.577s] Invoked command in '/home/shreyas/turtlebot3_ws/build/turtlebot3_node' returned '0': CMAKE_PREFIX_PATH=${CMAKE_PREFIX_PATH}:/home/shreyas/turtlebot3_ws/install/turtlebot3_teleop:/home/shreyas/turtlebot3_ws/install/turtlebot3_example:/home/shreyas/turtlebot3_ws/install/merge_map:/opt/ros/humble /usr/bin/cmake --install /home/shreyas/turtlebot3_ws/build/turtlebot3_node
