[0.791s] Invoking command in '/home/shreyas/turtlebot3_ws/build/turtlebot3_example': PYTHONPATH=/home/shreyas/turtlebot3_ws/build/turtlebot3_example/prefix_override:/home/shreyas/.local/lib/python3.10/site-packages/colcon_core/task/python/colcon_distutils_commands:/home/shreyas/turtlebot3_ws/install/turtlebot3_example/lib/python3.10/site-packages:${PYTHONPATH} /usr/bin/python3 -W ignore:setup.py install is deprecated -W ignore:easy_install command is deprecated setup.py develop --editable --build-directory /home/shreyas/turtlebot3_ws/build/turtlebot3_example/build --no-deps symlink_data
[0.954s] running develop
[1.048s] running egg_info
[1.048s] writing turtlebot3_example.egg-info/PKG-INFO
[1.048s] writing dependency_links to turtlebot3_example.egg-info/dependency_links.txt
[1.048s] writing entry points to turtlebot3_example.egg-info/entry_points.txt
[1.048s] writing requirements to turtlebot3_example.egg-info/requires.txt
[1.048s] writing top-level names to turtlebot3_example.egg-info/top_level.txt
[1.049s] reading manifest file 'turtlebot3_example.egg-info/SOURCES.txt'
[1.050s] writing manifest file 'turtlebot3_example.egg-info/SOURCES.txt'
[1.051s] running build_ext
[1.051s] Creating /home/shreyas/turtlebot3_ws/install/turtlebot3_example/lib/python3.10/site-packages/turtlebot3-example.egg-link (link to .)
[1.051s] Installing turtlebot3_obstacle_detection script to /home/shreyas/turtlebot3_ws/install/turtlebot3_example/lib/turtlebot3_example
[1.051s] Installing turtlebot3_patrol_client script to /home/shreyas/turtlebot3_ws/install/turtlebot3_example/lib/turtlebot3_example
[1.051s] Installing turtlebot3_patrol_server script to /home/shreyas/turtlebot3_ws/install/turtlebot3_example/lib/turtlebot3_example
[1.051s] Installing turtlebot3_position_control script to /home/shreyas/turtlebot3_ws/install/turtlebot3_example/lib/turtlebot3_example
[1.051s] 
[1.051s] Installed /home/shreyas/turtlebot3_ws/build/turtlebot3_example
[1.051s] running symlink_data
[1.068s] Invoked command in '/home/shreyas/turtlebot3_ws/build/turtlebot3_example' returned '0': PYTHONPATH=/home/shreyas/turtlebot3_ws/build/turtlebot3_example/prefix_override:/home/shreyas/.local/lib/python3.10/site-packages/colcon_core/task/python/colcon_distutils_commands:/home/shreyas/turtlebot3_ws/install/turtlebot3_example/lib/python3.10/site-packages:${PYTHONPATH} /usr/bin/python3 -W ignore:setup.py install is deprecated -W ignore:easy_install command is deprecated setup.py develop --editable --build-directory /home/shreyas/turtlebot3_ws/build/turtlebot3_example/build --no-deps symlink_data
