[0.945s] Invoking command in '/home/shreyas/turtlebot3_ws/src/scan_throttler': PYTHONPATH=/home/shreyas/turtlebot3_ws/build/scan_throttler/prefix_override:/home/shreyas/.local/lib/python3.10/site-packages/colcon_core/task/python/colcon_distutils_commands:/home/shreyas/turtlebot3_ws/install/scan_throttler/lib/python3.10/site-packages:${PYTHONPATH} /usr/bin/python3 -W ignore:setup.py install is deprecated -W ignore:easy_install command is deprecated setup.py egg_info --egg-base ../../build/scan_throttler build --build-base /home/shreyas/turtlebot3_ws/build/scan_throttler/build install --record /home/shreyas/turtlebot3_ws/build/scan_throttler/install.log --single-version-externally-managed install_data
[1.103s] running egg_info
[1.103s] writing ../../build/scan_throttler/scan_throttler.egg-info/PKG-INFO
[1.103s] writing dependency_links to ../../build/scan_throttler/scan_throttler.egg-info/dependency_links.txt
[1.103s] writing entry points to ../../build/scan_throttler/scan_throttler.egg-info/entry_points.txt
[1.104s] writing requirements to ../../build/scan_throttler/scan_throttler.egg-info/requires.txt
[1.104s] writing top-level names to ../../build/scan_throttler/scan_throttler.egg-info/top_level.txt
[1.104s] reading manifest file '../../build/scan_throttler/scan_throttler.egg-info/SOURCES.txt'
[1.105s] writing manifest file '../../build/scan_throttler/scan_throttler.egg-info/SOURCES.txt'
[1.105s] running build
[1.105s] running build_py
[1.105s] running install
[1.105s] running install_lib
[1.106s] running install_data
[1.106s] running install_egg_info
[1.108s] removing '/home/shreyas/turtlebot3_ws/install/scan_throttler/lib/python3.10/site-packages/scan_throttler-0.0.0-py3.10.egg-info' (and everything under it)
[1.108s] Copying ../../build/scan_throttler/scan_throttler.egg-info to /home/shreyas/turtlebot3_ws/install/scan_throttler/lib/python3.10/site-packages/scan_throttler-0.0.0-py3.10.egg-info
[1.108s] running install_scripts
[1.122s] Installing throttle_scan script to /home/shreyas/turtlebot3_ws/install/scan_throttler/lib/scan_throttler
[1.122s] writing list of installed files to '/home/shreyas/turtlebot3_ws/build/scan_throttler/install.log'
[1.138s] Invoked command in '/home/shreyas/turtlebot3_ws/src/scan_throttler' returned '0': PYTHONPATH=/home/shreyas/turtlebot3_ws/build/scan_throttler/prefix_override:/home/shreyas/.local/lib/python3.10/site-packages/colcon_core/task/python/colcon_distutils_commands:/home/shreyas/turtlebot3_ws/install/scan_throttler/lib/python3.10/site-packages:${PYTHONPATH} /usr/bin/python3 -W ignore:setup.py install is deprecated -W ignore:easy_install command is deprecated setup.py egg_info --egg-base ../../build/scan_throttler build --build-base /home/shreyas/turtlebot3_ws/build/scan_throttler/build install --record /home/shreyas/turtlebot3_ws/build/scan_throttler/install.log --single-version-externally-managed install_data
