[0.920s] Invoking command in '/home/shreyas/turtlebot3_ws/src/scan_throttler': PYTHONPATH=/home/shreyas/turtlebot3_ws/build/scan_throttler/prefix_override:/home/shreyas/.local/lib/python3.10/site-packages/colcon_core/task/python/colcon_distutils_commands:/home/shreyas/turtlebot3_ws/install/scan_throttler/lib/python3.10/site-packages:${PYTHONPATH} /usr/bin/python3 -W ignore:setup.py install is deprecated -W ignore:easy_install command is deprecated setup.py egg_info --egg-base ../../build/scan_throttler build --build-base /home/shreyas/turtlebot3_ws/build/scan_throttler/build install --record /home/shreyas/turtlebot3_ws/build/scan_throttler/install.log --single-version-externally-managed install_data
[1.075s] running egg_info
[1.076s] creating ../../build/scan_throttler/scan_throttler.egg-info
[1.076s] writing ../../build/scan_throttler/scan_throttler.egg-info/PKG-INFO
[1.076s] writing dependency_links to ../../build/scan_throttler/scan_throttler.egg-info/dependency_links.txt
[1.076s] writing entry points to ../../build/scan_throttler/scan_throttler.egg-info/entry_points.txt
[1.076s] writing requirements to ../../build/scan_throttler/scan_throttler.egg-info/requires.txt
[1.076s] writing top-level names to ../../build/scan_throttler/scan_throttler.egg-info/top_level.txt
[1.076s] writing manifest file '../../build/scan_throttler/scan_throttler.egg-info/SOURCES.txt'
[1.076s] reading manifest file '../../build/scan_throttler/scan_throttler.egg-info/SOURCES.txt'
[1.077s] writing manifest file '../../build/scan_throttler/scan_throttler.egg-info/SOURCES.txt'
[1.077s] running build
[1.077s] running build_py
[1.077s] creating /home/shreyas/turtlebot3_ws/build/scan_throttler/build
[1.077s] creating /home/shreyas/turtlebot3_ws/build/scan_throttler/build/lib
[1.077s] creating /home/shreyas/turtlebot3_ws/build/scan_throttler/build/lib/scan_throttler
[1.077s] copying scan_throttler/scan_throttler.py -> /home/shreyas/turtlebot3_ws/build/scan_throttler/build/lib/scan_throttler
[1.077s] copying scan_throttler/__init__.py -> /home/shreyas/turtlebot3_ws/build/scan_throttler/build/lib/scan_throttler
[1.078s] running install
[1.078s] running install_lib
[1.078s] creating /home/shreyas/turtlebot3_ws/install/scan_throttler/lib/python3.10/site-packages/scan_throttler
[1.078s] copying /home/shreyas/turtlebot3_ws/build/scan_throttler/build/lib/scan_throttler/scan_throttler.py -> /home/shreyas/turtlebot3_ws/install/scan_throttler/lib/python3.10/site-packages/scan_throttler
[1.078s] copying /home/shreyas/turtlebot3_ws/build/scan_throttler/build/lib/scan_throttler/__init__.py -> /home/shreyas/turtlebot3_ws/install/scan_throttler/lib/python3.10/site-packages/scan_throttler
[1.078s] byte-compiling /home/shreyas/turtlebot3_ws/install/scan_throttler/lib/python3.10/site-packages/scan_throttler/scan_throttler.py to scan_throttler.cpython-310.pyc
[1.078s] byte-compiling /home/shreyas/turtlebot3_ws/install/scan_throttler/lib/python3.10/site-packages/scan_throttler/__init__.py to __init__.cpython-310.pyc
[1.078s] running install_data
[1.078s] creating /home/shreyas/turtlebot3_ws/install/scan_throttler/share/ament_index
[1.078s] creating /home/shreyas/turtlebot3_ws/install/scan_throttler/share/ament_index/resource_index
[1.079s] creating /home/shreyas/turtlebot3_ws/install/scan_throttler/share/ament_index/resource_index/packages
[1.079s] copying resource/scan_throttler -> /home/shreyas/turtlebot3_ws/install/scan_throttler/share/ament_index/resource_index/packages
[1.079s] copying package.xml -> /home/shreyas/turtlebot3_ws/install/scan_throttler/share/scan_throttler
[1.079s] running install_egg_info
[1.080s] Copying ../../build/scan_throttler/scan_throttler.egg-info to /home/shreyas/turtlebot3_ws/install/scan_throttler/lib/python3.10/site-packages/scan_throttler-0.0.0-py3.10.egg-info
[1.080s] running install_scripts
[1.093s] Installing throttle_scan script to /home/shreyas/turtlebot3_ws/install/scan_throttler/lib/scan_throttler
[1.093s] writing list of installed files to '/home/shreyas/turtlebot3_ws/build/scan_throttler/install.log'
[1.110s] Invoked command in '/home/shreyas/turtlebot3_ws/src/scan_throttler' returned '0': PYTHONPATH=/home/shreyas/turtlebot3_ws/build/scan_throttler/prefix_override:/home/shreyas/.local/lib/python3.10/site-packages/colcon_core/task/python/colcon_distutils_commands:/home/shreyas/turtlebot3_ws/install/scan_throttler/lib/python3.10/site-packages:${PYTHONPATH} /usr/bin/python3 -W ignore:setup.py install is deprecated -W ignore:easy_install command is deprecated setup.py egg_info --egg-base ../../build/scan_throttler build --build-base /home/shreyas/turtlebot3_ws/build/scan_throttler/build install --record /home/shreyas/turtlebot3_ws/build/scan_throttler/install.log --single-version-externally-managed install_data
