running egg_info
creating ../../build/slam/slam.egg-info
writing ../../build/slam/slam.egg-info/PKG-INFO
writing dependency_links to ../../build/slam/slam.egg-info/dependency_links.txt
writing entry points to ../../build/slam/slam.egg-info/entry_points.txt
writing requirements to ../../build/slam/slam.egg-info/requires.txt
writing top-level names to ../../build/slam/slam.egg-info/top_level.txt
writing manifest file '../../build/slam/slam.egg-info/SOURCES.txt'
reading manifest file '../../build/slam/slam.egg-info/SOURCES.txt'
writing manifest file '../../build/slam/slam.egg-info/SOURCES.txt'
running build
running build_py
creating /home/cobaltboy/ROS2/SLAM/build/slam/build
creating /home/cobaltboy/ROS2/SLAM/build/slam/build/lib
creating /home/cobaltboy/ROS2/SLAM/build/slam/build/lib/slam
copying slam/operatorNode.py -> /home/cobaltboy/ROS2/SLAM/build/slam/build/lib/slam
copying slam/__init__.py -> /home/cobaltboy/ROS2/SLAM/build/slam/build/lib/slam
running install
running install_lib
creating /home/cobaltboy/ROS2/SLAM/install/slam/lib/python3.10/site-packages/slam
copying /home/cobaltboy/ROS2/SLAM/build/slam/build/lib/slam/operatorNode.py -> /home/cobaltboy/ROS2/SLAM/install/slam/lib/python3.10/site-packages/slam
copying /home/cobaltboy/ROS2/SLAM/build/slam/build/lib/slam/__init__.py -> /home/cobaltboy/ROS2/SLAM/install/slam/lib/python3.10/site-packages/slam
byte-compiling /home/cobaltboy/ROS2/SLAM/install/slam/lib/python3.10/site-packages/slam/operatorNode.py to operatorNode.cpython-310.pyc
byte-compiling /home/cobaltboy/ROS2/SLAM/install/slam/lib/python3.10/site-packages/slam/__init__.py to __init__.cpython-310.pyc
running install_data
creating /home/cobaltboy/ROS2/SLAM/install/slam/share/ament_index
creating /home/cobaltboy/ROS2/SLAM/install/slam/share/ament_index/resource_index
creating /home/cobaltboy/ROS2/SLAM/install/slam/share/ament_index/resource_index/packages
copying resource/slam -> /home/cobaltboy/ROS2/SLAM/install/slam/share/ament_index/resource_index/packages
copying package.xml -> /home/cobaltboy/ROS2/SLAM/install/slam/share/slam
creating /home/cobaltboy/ROS2/SLAM/install/slam/share/slam/urdf
copying urdf/car.urdf.xacro -> /home/cobaltboy/ROS2/SLAM/install/slam/share/slam/urdf
creating /home/cobaltboy/ROS2/SLAM/install/slam/share/slam/config
copying config/controller.yaml -> /home/cobaltboy/ROS2/SLAM/install/slam/share/slam/config
creating /home/cobaltboy/ROS2/SLAM/install/slam/share/slam/launch
copying launch/launch.py -> /home/cobaltboy/ROS2/SLAM/install/slam/share/slam/launch
copying config/mapper_params_online_async.yaml -> /home/cobaltboy/ROS2/SLAM/install/slam/share/slam/config
running install_egg_info
Copying ../../build/slam/slam.egg-info to /home/cobaltboy/ROS2/SLAM/install/slam/lib/python3.10/site-packages/slam-0.0.0-py3.10.egg-info
running install_scripts
Installing operatorNode script to /home/cobaltboy/ROS2/SLAM/install/slam/lib/slam
writing list of installed files to '/home/cobaltboy/ROS2/SLAM/build/slam/install.log'
