running develop
Removing /home/shreyas/turtlebot3_ws/install/merge_map/lib/python3.10/site-packages/merge-map.egg-link (link to .)
running egg_info
writing ../../../build/merge_map/merge_map.egg-info/PKG-INFO
writing dependency_links to ../../../build/merge_map/merge_map.egg-info/dependency_links.txt
writing entry points to ../../../build/merge_map/merge_map.egg-info/entry_points.txt
writing requirements to ../../../build/merge_map/merge_map.egg-info/requires.txt
writing top-level names to ../../../build/merge_map/merge_map.egg-info/top_level.txt
reading manifest file '../../../build/merge_map/merge_map.egg-info/SOURCES.txt'
writing manifest file '../../../build/merge_map/merge_map.egg-info/SOURCES.txt'
running build
running build_py
creating /home/shreyas/turtlebot3_ws/build/merge_map/build
creating /home/shreyas/turtlebot3_ws/build/merge_map/build/lib
creating /home/shreyas/turtlebot3_ws/build/merge_map/build/lib/merge_map
copying merge_map/merge_map.py -> /home/shreyas/turtlebot3_ws/build/merge_map/build/lib/merge_map
copying merge_map/__init__.py -> /home/shreyas/turtlebot3_ws/build/merge_map/build/lib/merge_map
running install
running install_lib
creating /home/shreyas/turtlebot3_ws/install/merge_map/lib/python3.10/site-packages/merge_map
copying /home/shreyas/turtlebot3_ws/build/merge_map/build/lib/merge_map/merge_map.py -> /home/shreyas/turtlebot3_ws/install/merge_map/lib/python3.10/site-packages/merge_map
copying /home/shreyas/turtlebot3_ws/build/merge_map/build/lib/merge_map/__init__.py -> /home/shreyas/turtlebot3_ws/install/merge_map/lib/python3.10/site-packages/merge_map
byte-compiling /home/shreyas/turtlebot3_ws/install/merge_map/lib/python3.10/site-packages/merge_map/merge_map.py to merge_map.cpython-310.pyc
byte-compiling /home/shreyas/turtlebot3_ws/install/merge_map/lib/python3.10/site-packages/merge_map/__init__.py to __init__.cpython-310.pyc
running install_data
copying resource/merge_map -> /home/shreyas/turtlebot3_ws/install/merge_map/share/ament_index/resource_index/packages
copying package.xml -> /home/shreyas/turtlebot3_ws/install/merge_map/share/merge_map
copying launch/merge_map_launch.py -> /home/shreyas/turtlebot3_ws/install/merge_map/share/merge_map/launch
copying config/merge_map.rviz -> /home/shreyas/turtlebot3_ws/install/merge_map/share/merge_map/config
running install_egg_info
Copying ../../../build/merge_map/merge_map.egg-info to /home/shreyas/turtlebot3_ws/install/merge_map/lib/python3.10/site-packages/merge_map-0.0.0-py3.10.egg-info
running install_scripts
Installing merge_map script to /home/shreyas/turtlebot3_ws/install/merge_map/lib/merge_map
writing list of installed files to '/home/shreyas/turtlebot3_ws/build/merge_map/install.log'
