[0.008s] Invoking command in '/home/shreyas/turtlebot3_ws/build/multi_turtlebot3_slam': CMAKE_PREFIX_PATH=/opt/ros/humble /usr/bin/cmake /home/shreyas/turtlebot3_ws/src/multi_turtlebot3_slam -DCMAKE_INSTALL_PREFIX=/home/shreyas/turtlebot3_ws/install/multi_turtlebot3_slam
[0.075s] -- The C compiler identification is GNU 11.4.0
[0.113s] -- The CXX compiler identification is GNU 11.4.0
[0.117s] -- Detecting C compiler ABI info
[0.170s] -- Detecting C compiler ABI info - done
[0.174s] -- Check for working C compiler: /usr/bin/cc - skipped
[0.174s] -- Detecting C compile features
[0.174s] -- Detecting C compile features - done
[0.176s] -- Detecting CXX compiler ABI info
[0.237s] -- Detecting CXX compiler ABI info - done
[0.244s] -- Check for working CXX compiler: /usr/bin/c++ - skipped
[0.245s] -- Detecting CXX compile features
[0.245s] -- Detecting CXX compile features - done
[0.247s] -- Found ament_cmake: 1.3.10 (/opt/ros/humble/share/ament_cmake/cmake)
[0.349s] -- Found Python3: /usr/bin/python3 (found version "3.10.12") found components: Interpreter 
[0.407s] -- Found rclpy: 3.3.14 (/opt/ros/humble/share/rclpy/cmake)
[0.408s] -- Found gazebo_ros: 3.7.0 (/opt/ros/humble/share/gazebo_ros/cmake)
[0.435s] -- Found rosidl_generator_c: 3.1.5 (/opt/ros/humble/share/rosidl_generator_c/cmake)
[0.438s] -- Found rosidl_adapter: 3.1.5 (/opt/ros/humble/share/rosidl_adapter/cmake)
[0.443s] -- Found rosidl_generator_cpp: 3.1.5 (/opt/ros/humble/share/rosidl_generator_cpp/cmake)
[0.450s] -- Using all available rosidl_typesupport_c: rosidl_typesupport_fastrtps_c;rosidl_typesupport_introspection_c
[0.459s] -- Using all available rosidl_typesupport_cpp: rosidl_typesupport_fastrtps_cpp;rosidl_typesupport_introspection_cpp
[0.487s] -- Found rmw_implementation_cmake: 6.1.2 (/opt/ros/humble/share/rmw_implementation_cmake/cmake)
[0.489s] -- Found rmw_fastrtps_cpp: 6.2.7 (/opt/ros/humble/share/rmw_fastrtps_cpp/cmake)
[0.560s] -- Found OpenSSL: /usr/lib/x86_64-linux-gnu/libcrypto.so (found version "3.0.2")  
[0.578s] -- Found FastRTPS: /opt/ros/humble/include  
[0.612s] -- Using RMW implementation 'rmw_fastrtps_cpp' as default
[0.617s] -- Looking for pthread.h
[0.679s] -- Looking for pthread.h - found
[0.679s] -- Performing Test CMAKE_HAVE_LIBC_PTHREAD
[0.736s] -- Performing Test CMAKE_HAVE_LIBC_PTHREAD - Success
[0.737s] -- Found Threads: TRUE  
[0.776s] -- Found PkgConfig: /usr/bin/pkg-config (found version "0.29.2") 
[0.777s] -- Checking for module 'bullet>=2.82'
[0.788s] --   Found bullet, version 3.05
[0.877s] -- Found fcl: /usr/include (found suitable version "0.7.0", minimum required is "0.5.0") 
[0.921s] -- Found assimp: /usr/include (found version "5.2.0") 
[0.934s] -- Found DART: /usr/include (Required is at least version "6.6") found components: dart 
[0.955s] -- Found Boost: /usr/lib/x86_64-linux-gnu/cmake/Boost-1.74.0/BoostConfig.cmake (found suitable version "1.74.0", minimum required is "1.40.0") found components: thread system filesystem program_options regex iostreams date_time 
[0.970s] -- Found Protobuf: /usr/lib/x86_64-linux-gnu/libprotobuf.so (found version "3.12.4") 
[0.974s] -- Looking for ignition-math6 -- found version 6.15.1
[0.981s] -- Searching for dependencies of ignition-math6
[0.982s] -- Looking for OGRE...
[0.982s] -- OGRE_PREFIX_WATCH changed.
[0.987s] -- Checking for module 'OGRE'
[0.999s] --   Found OGRE, version 1.9.0
[1.029s] -- Found Ogre Ghadamon (1.9.0)
[1.033s] -- Found OGRE: optimized;/usr/lib/x86_64-linux-gnu/libOgreMain.so;debug;/usr/lib/x86_64-linux-gnu/libOgreMain.so
[1.039s] -- Looking for OGRE_Paging...
[1.042s] -- Found OGRE_Paging: optimized;/usr/lib/x86_64-linux-gnu/libOgrePaging.so;debug;/usr/lib/x86_64-linux-gnu/libOgrePaging.so
[1.042s] -- Looking for OGRE_Terrain...
[1.045s] -- Found OGRE_Terrain: optimized;/usr/lib/x86_64-linux-gnu/libOgreTerrain.so;debug;/usr/lib/x86_64-linux-gnu/libOgreTerrain.so
[1.045s] -- Looking for OGRE_Property...
[1.048s] -- Found OGRE_Property: optimized;/usr/lib/x86_64-linux-gnu/libOgreProperty.so;debug;/usr/lib/x86_64-linux-gnu/libOgreProperty.so
[1.048s] -- Looking for OGRE_RTShaderSystem...
[1.050s] -- Found OGRE_RTShaderSystem: optimized;/usr/lib/x86_64-linux-gnu/libOgreRTShaderSystem.so;debug;/usr/lib/x86_64-linux-gnu/libOgreRTShaderSystem.so
[1.051s] -- Looking for OGRE_Volume...
[1.053s] -- Found OGRE_Volume: optimized;/usr/lib/x86_64-linux-gnu/libOgreVolume.so;debug;/usr/lib/x86_64-linux-gnu/libOgreVolume.so
[1.053s] -- Looking for OGRE_Overlay...
[1.056s] -- Found OGRE_Overlay: optimized;/usr/lib/x86_64-linux-gnu/libOgreOverlay.so;debug;/usr/lib/x86_64-linux-gnu/libOgreOverlay.so
[1.114s] -- Looking for ignition-math6 -- found version 6.15.1
[1.116s] -- Looking for ignition-transport8 -- found version 8.2.1
[1.116s] -- Searching for dependencies of ignition-transport8
[1.129s] -- Found Protobuf: /usr/lib/x86_64-linux-gnu/libprotobuf.so (found suitable version "3.12.4", minimum required is "3") 
[1.136s] -- Config-file not installed for ZeroMQ -- checking for pkg-config
[1.143s] -- Checking for module 'libzmq >= 4'
[1.158s] --   Found libzmq , version 4.3.4
[1.188s] -- Found ZeroMQ: TRUE (Required is at least version "4") 
[1.193s] -- Checking for module 'uuid'
[1.203s] --   Found uuid, version 2.37.2
[1.233s] -- Found UUID: TRUE  
[1.236s] -- Looking for ignition-msgs5 -- found version 5.8.1
[1.237s] -- Searching for dependencies of ignition-msgs5
[1.252s] -- Looking for ignition-math6 -- found version 6.15.1
[1.256s] -- Checking for module 'tinyxml2'
[1.266s] --   Found tinyxml2, version 9.0.0
[1.294s] -- Looking for ignition-msgs5 -- found version 5.8.1
[1.297s] -- Looking for ignition-common3 -- found version 3.14.0
[1.297s] -- Searching for dependencies of ignition-common3
[1.297s] -- Looking for dlfcn.h - found
[1.299s] -- Looking for libdl - found
[1.300s] -- Found DL: TRUE  
[1.309s] -- Found tinyobjloader: /usr/lib/x86_64-linux-gnu/cmake/tinyobjloader/tinyobjloader-config.cmake (found version "2.0.0") 
[1.310s] -- Searching for <ignition-common3> component [graphics]
[1.311s] -- Looking for ignition-common3-graphics -- found version 3.14.0
[1.311s] -- Searching for dependencies of ignition-common3-graphics
[1.311s] -- Looking for ignition-math6 -- found version 6.15.1
[1.313s] -- Looking for ignition-fuel_tools4 -- found version 4.4.0
[1.314s] -- Searching for dependencies of ignition-fuel_tools4
[1.379s] -- Found CURL: /usr/lib/x86_64-linux-gnu/libcurl.so (found version "7.81.0")  
[1.386s] -- Checking for module 'jsoncpp'
[1.398s] --   Found jsoncpp, version 1.9.5
[1.430s] -- Found JSONCPP: TRUE  
[1.436s] -- Checking for module 'libzip'
[1.448s] --   Found libzip, version 1.7.3
[1.475s] -- Found ZIP: TRUE  
[1.475s] -- Looking for ignition-common3 -- found version 3.14.0
[1.475s] -- Looking for ignition-math6 -- found version 6.15.1
[1.476s] -- Looking for ignition-msgs5 -- found version 5.8.1
[1.478s] -- Gazebo version: 11.10
[1.478s] -- Checking for module 'tbb'
[1.488s] --   Found tbb, version 2021.5.0
[1.520s] -- Found robot_state_publisher: 3.0.3 (/opt/ros/humble/share/robot_state_publisher/cmake)
[1.536s] -- Found eigen3_cmake_module: 0.1.1 (/opt/ros/humble/share/eigen3_cmake_module/cmake)
[1.537s] -- Found Eigen3: TRUE (found version "3.4.0") 
[1.537s] -- Ensuring Eigen3 include directory is part of orocos-kdl CMake target
[1.642s] -- Found slam_toolbox: 2.6.8 (/opt/ros/humble/share/slam_toolbox/cmake)
[1.720s] -- Setting assimp_DIR to: '/opt/ros/humble/share/rviz_assimp_vendor/cmake/../../../opt/rviz_assimp_vendor/lib/cmake/assimp-4.1'
[1.725s] -- Setting OGRE_DIR to: '/opt/ros/humble/share/rviz_ogre_vendor/cmake/../../../opt/rviz_ogre_vendor/lib/OGRE/cmake'
[1.726s] -- Found OGRE
[1.726s] --   static     : OFF
[1.726s] --   components : HLMS;MeshLodGenerator;Overlay;Paging;Property;RTShaderSystem;Terrain;Volume
[1.726s] --   plugins    : Plugin_BSPSceneManager;Plugin_OctreeSceneManager;Plugin_PCZSceneManager;Plugin_ParticleFX;RenderSystem_GL;RenderSystem_GL3Plus;Codec_STBI
[1.726s] --   media      : /opt/ros/humble/opt/rviz_ogre_vendor/share/OGRE/Media
[1.726s] -- OGRE_LIBRARIES: OgreHLMS;OgreMeshLodGenerator;OgreOverlay;OgrePaging;OgreProperty;OgreRTShaderSystem;OgreTerrain;OgreVolume;OgreMain
[1.726s] -- OGRE_LIBRARY_DIRS: /opt/ros/humble/opt/rviz_ogre_vendor/lib
[1.726s] -- OGRE_PLUGINS: Plugin_BSPSceneManager;Plugin_OctreeSceneManager;Plugin_PCZSceneManager;Plugin_ParticleFX;RenderSystem_GL;RenderSystem_GL3Plus;Codec_STBI
[1.726s] -- OGRE_PLUGIN_DIR: /opt/ros/humble/opt/rviz_ogre_vendor/lib/OGRE
[1.727s] -- rviz_ogre_vendor::OgreOverlay for IMPORTED_LOCATION_RELEASE: /opt/ros/humble/opt/rviz_ogre_vendor/lib/libOgreOverlay.so
[1.727s] -- rviz_ogre_vendor::OgreOverlay for IMPORTED_LOCATION_DEBUG: /opt/ros/humble/opt/rviz_ogre_vendor/lib/libOgreOverlay.so
[1.727s] -- rviz_ogre_vendor::OgreMain for IMPORTED_LOCATION_RELEASE: /opt/ros/humble/opt/rviz_ogre_vendor/lib/libOgreMain.so
[1.727s] -- rviz_ogre_vendor::OgreMain for IMPORTED_LOCATION_DEBUG: /opt/ros/humble/opt/rviz_ogre_vendor/lib/libOgreMain.so
[1.737s] -- Found ZLIB: /usr/lib/x86_64-linux-gnu/libz.so (found version "1.2.11") 
[1.741s] -- Found OpenGL: /usr/lib/x86_64-linux-gnu/libOpenGL.so   
[1.810s] -- Found X11: /usr/include   
[1.810s] -- Looking for XOpenDisplay in /usr/lib/x86_64-linux-gnu/libX11.so;/usr/lib/x86_64-linux-gnu/libXext.so
[1.870s] -- Looking for XOpenDisplay in /usr/lib/x86_64-linux-gnu/libX11.so;/usr/lib/x86_64-linux-gnu/libXext.so - found
[1.870s] -- Looking for gethostbyname
[1.926s] -- Looking for gethostbyname - found
[1.926s] -- Looking for connect
[1.988s] -- Looking for connect - found
[1.988s] -- Looking for remove
[2.046s] -- Looking for remove - found
[2.046s] -- Looking for shmat
[2.102s] -- Looking for shmat - found
[2.102s] -- Looking for IceConnectionNumber in ICE
[2.152s] -- Looking for IceConnectionNumber in ICE - found
[2.176s] -- library: /usr/lib/x86_64-linux-gnu/libcurl.so
[2.234s] -- Found ament_lint_auto: 0.12.11 (/opt/ros/humble/share/ament_lint_auto/cmake)
[2.293s] -- Added test 'flake8' to check Python code syntax and style conventions
[2.293s] -- Added test 'lint_cmake' to check CMake code style
[2.294s] -- Added test 'pep257' to check Python code against some of the docstring style conventions in PEP 257
[2.294s] -- Added test 'xmllint' to check XML markup files
[2.295s] -- Configuring done
[2.299s] -- Generating done
[2.301s] -- Build files have been written to: /home/shreyas/turtlebot3_ws/build/multi_turtlebot3_slam
[2.312s] Invoked command in '/home/shreyas/turtlebot3_ws/build/multi_turtlebot3_slam' returned '0': CMAKE_PREFIX_PATH=/opt/ros/humble /usr/bin/cmake /home/shreyas/turtlebot3_ws/src/multi_turtlebot3_slam -DCMAKE_INSTALL_PREFIX=/home/shreyas/turtlebot3_ws/install/multi_turtlebot3_slam
[2.314s] Invoking command in '/home/shreyas/turtlebot3_ws/build/multi_turtlebot3_slam': CMAKE_PREFIX_PATH=/opt/ros/humble /usr/bin/cmake --build /home/shreyas/turtlebot3_ws/build/multi_turtlebot3_slam -- -j18 -l18
[2.355s] Invoked command in '/home/shreyas/turtlebot3_ws/build/multi_turtlebot3_slam' returned '0': CMAKE_PREFIX_PATH=/opt/ros/humble /usr/bin/cmake --build /home/shreyas/turtlebot3_ws/build/multi_turtlebot3_slam -- -j18 -l18
[2.366s] Invoking command in '/home/shreyas/turtlebot3_ws/build/multi_turtlebot3_slam': CMAKE_PREFIX_PATH=/opt/ros/humble /usr/bin/cmake --install /home/shreyas/turtlebot3_ws/build/multi_turtlebot3_slam
[2.371s] -- Install configuration: ""
[2.372s] -- Installing: /home/shreyas/turtlebot3_ws/install/multi_turtlebot3_slam/share/multi_turtlebot3_slam/launch
[2.372s] -- Installing: /home/shreyas/turtlebot3_ws/install/multi_turtlebot3_slam/share/multi_turtlebot3_slam/launch/multi_robot_rviz.launch.py
[2.372s] -- Installing: /home/shreyas/turtlebot3_ws/install/multi_turtlebot3_slam/share/multi_turtlebot3_slam/launch/multi_robot_slam.launch.py
[2.372s] -- Installing: /home/shreyas/turtlebot3_ws/install/multi_turtlebot3_slam/share/multi_turtlebot3_slam/launch/multi_robot_spawn.launch.py
[2.372s] -- Installing: /home/shreyas/turtlebot3_ws/install/multi_turtlebot3_slam/share/multi_turtlebot3_slam/config
[2.372s] -- Installing: /home/shreyas/turtlebot3_ws/install/multi_turtlebot3_slam/share/multi_turtlebot3_slam/rviz
[2.372s] -- Installing: /home/shreyas/turtlebot3_ws/install/multi_turtlebot3_slam/share/multi_turtlebot3_slam/rviz/multi_robot.rviz
[2.372s] -- Installing: /home/shreyas/turtlebot3_ws/install/multi_turtlebot3_slam/share/ament_index/resource_index/package_run_dependencies/multi_turtlebot3_slam
[2.372s] -- Installing: /home/shreyas/turtlebot3_ws/install/multi_turtlebot3_slam/share/ament_index/resource_index/parent_prefix_path/multi_turtlebot3_slam
[2.372s] -- Installing: /home/shreyas/turtlebot3_ws/install/multi_turtlebot3_slam/share/multi_turtlebot3_slam/environment/ament_prefix_path.sh
[2.372s] -- Installing: /home/shreyas/turtlebot3_ws/install/multi_turtlebot3_slam/share/multi_turtlebot3_slam/environment/ament_prefix_path.dsv
[2.372s] -- Installing: /home/shreyas/turtlebot3_ws/install/multi_turtlebot3_slam/share/multi_turtlebot3_slam/environment/path.sh
[2.372s] -- Installing: /home/shreyas/turtlebot3_ws/install/multi_turtlebot3_slam/share/multi_turtlebot3_slam/environment/path.dsv
[2.372s] -- Installing: /home/shreyas/turtlebot3_ws/install/multi_turtlebot3_slam/share/multi_turtlebot3_slam/local_setup.bash
[2.372s] -- Installing: /home/shreyas/turtlebot3_ws/install/multi_turtlebot3_slam/share/multi_turtlebot3_slam/local_setup.sh
[2.372s] -- Installing: /home/shreyas/turtlebot3_ws/install/multi_turtlebot3_slam/share/multi_turtlebot3_slam/local_setup.zsh
[2.372s] -- Installing: /home/shreyas/turtlebot3_ws/install/multi_turtlebot3_slam/share/multi_turtlebot3_slam/local_setup.dsv
[2.372s] -- Installing: /home/shreyas/turtlebot3_ws/install/multi_turtlebot3_slam/share/multi_turtlebot3_slam/package.dsv
[2.372s] -- Installing: /home/shreyas/turtlebot3_ws/install/multi_turtlebot3_slam/share/ament_index/resource_index/packages/multi_turtlebot3_slam
[2.373s] -- Installing: /home/shreyas/turtlebot3_ws/install/multi_turtlebot3_slam/share/multi_turtlebot3_slam/cmake/multi_turtlebot3_slamConfig.cmake
[2.373s] -- Installing: /home/shreyas/turtlebot3_ws/install/multi_turtlebot3_slam/share/multi_turtlebot3_slam/cmake/multi_turtlebot3_slamConfig-version.cmake
[2.373s] -- Installing: /home/shreyas/turtlebot3_ws/install/multi_turtlebot3_slam/share/multi_turtlebot3_slam/package.xml
[2.374s] Invoked command in '/home/shreyas/turtlebot3_ws/build/multi_turtlebot3_slam' returned '0': CMAKE_PREFIX_PATH=/opt/ros/humble /usr/bin/cmake --install /home/shreyas/turtlebot3_ws/build/multi_turtlebot3_slam
