[0.028s] Invoking command in '/home/shreyas/turtlebot3_ws/build/multi_turtlebot3_slam': CMAKE_PREFIX_PATH=/home/shreyas/turtlebot3_ws/install/turtlebot3_gazebo:/home/shreyas/turtlebot3_ws/install/turtlebot3_description:/home/shreyas/turtlebot3_ws/install/turtlebot3:/home/shreyas/turtlebot3_ws/install/turtlebot3_simulations:/home/shreyas/turtlebot3_ws/install/turtlebot3_bringup:/home/shreyas/turtlebot3_ws/install/turtlebot3_node:/home/shreyas/turtlebot3_ws/install/turtlebot3_navigation2:/home/shreyas/turtlebot3_ws/install/turtlebot3_fake_node:/home/shreyas/turtlebot3_ws/install/turtlebot3_cartographer:/home/shreyas/turtlebot3_ws/install/multi_turtlebot3_slam:/home/shreyas/turtlebot3_ws/install/turtlebot3_teleop:/home/shreyas/turtlebot3_ws/install/turtlebot3_example:/opt/ros/humble /usr/bin/cmake --build /home/shreyas/turtlebot3_ws/build/multi_turtlebot3_slam -- -j18 -l18
[0.064s] Invoked command in '/home/shreyas/turtlebot3_ws/build/multi_turtlebot3_slam' returned '0': CMAKE_PREFIX_PATH=/home/shreyas/turtlebot3_ws/install/turtlebot3_gazebo:/home/shreyas/turtlebot3_ws/install/turtlebot3_description:/home/shreyas/turtlebot3_ws/install/turtlebot3:/home/shreyas/turtlebot3_ws/install/turtlebot3_simulations:/home/shreyas/turtlebot3_ws/install/turtlebot3_bringup:/home/shreyas/turtlebot3_ws/install/turtlebot3_node:/home/shreyas/turtlebot3_ws/install/turtlebot3_navigation2:/home/shreyas/turtlebot3_ws/install/turtlebot3_fake_node:/home/shreyas/turtlebot3_ws/install/turtlebot3_cartographer:/home/shreyas/turtlebot3_ws/install/multi_turtlebot3_slam:/home/shreyas/turtlebot3_ws/install/turtlebot3_teleop:/home/shreyas/turtlebot3_ws/install/turtlebot3_example:/opt/ros/humble /usr/bin/cmake --build /home/shreyas/turtlebot3_ws/build/multi_turtlebot3_slam -- -j18 -l18
[0.065s] Invoking command in '/home/shreyas/turtlebot3_ws/build/multi_turtlebot3_slam': CMAKE_PREFIX_PATH=/home/shreyas/turtlebot3_ws/install/turtlebot3_gazebo:/home/shreyas/turtlebot3_ws/install/turtlebot3_description:/home/shreyas/turtlebot3_ws/install/turtlebot3:/home/shreyas/turtlebot3_ws/install/turtlebot3_simulations:/home/shreyas/turtlebot3_ws/install/turtlebot3_bringup:/home/shreyas/turtlebot3_ws/install/turtlebot3_node:/home/shreyas/turtlebot3_ws/install/turtlebot3_navigation2:/home/shreyas/turtlebot3_ws/install/turtlebot3_fake_node:/home/shreyas/turtlebot3_ws/install/turtlebot3_cartographer:/home/shreyas/turtlebot3_ws/install/multi_turtlebot3_slam:/home/shreyas/turtlebot3_ws/install/turtlebot3_teleop:/home/shreyas/turtlebot3_ws/install/turtlebot3_example:/opt/ros/humble /usr/bin/cmake --install /home/shreyas/turtlebot3_ws/build/multi_turtlebot3_slam
[0.071s] -- Install configuration: ""
[0.071s] -- Execute custom install script
[0.072s] -- Up-to-date symlink: /home/shreyas/turtlebot3_ws/install/multi_turtlebot3_slam/share/multi_turtlebot3_slam/launch/multi_robot_rviz.launch.py
[0.072s] -- Up-to-date symlink: /home/shreyas/turtlebot3_ws/install/multi_turtlebot3_slam/share/multi_turtlebot3_slam/launch/multi_robot_slam.launch.py
[0.072s] -- Up-to-date symlink: /home/shreyas/turtlebot3_ws/install/multi_turtlebot3_slam/share/multi_turtlebot3_slam/launch/multi_robot_spawn.launch.py
[0.072s] -- Up-to-date symlink: /home/shreyas/turtlebot3_ws/install/multi_turtlebot3_slam/share/multi_turtlebot3_slam/rviz/multi_robot.rviz
[0.072s] -- Up-to-date symlink: /home/shreyas/turtlebot3_ws/install/multi_turtlebot3_slam/share/ament_index/resource_index/package_run_dependencies/multi_turtlebot3_slam
[0.072s] -- Up-to-date symlink: /home/shreyas/turtlebot3_ws/install/multi_turtlebot3_slam/share/ament_index/resource_index/parent_prefix_path/multi_turtlebot3_slam
[0.072s] -- Up-to-date symlink: /home/shreyas/turtlebot3_ws/install/multi_turtlebot3_slam/share/multi_turtlebot3_slam/environment/ament_prefix_path.sh
[0.072s] -- Up-to-date symlink: /home/shreyas/turtlebot3_ws/install/multi_turtlebot3_slam/share/multi_turtlebot3_slam/environment/ament_prefix_path.dsv
[0.073s] -- Up-to-date symlink: /home/shreyas/turtlebot3_ws/install/multi_turtlebot3_slam/share/multi_turtlebot3_slam/environment/path.sh
[0.073s] -- Up-to-date symlink: /home/shreyas/turtlebot3_ws/install/multi_turtlebot3_slam/share/multi_turtlebot3_slam/environment/path.dsv
[0.073s] -- Up-to-date symlink: /home/shreyas/turtlebot3_ws/install/multi_turtlebot3_slam/share/multi_turtlebot3_slam/local_setup.bash
[0.073s] -- Up-to-date symlink: /home/shreyas/turtlebot3_ws/install/multi_turtlebot3_slam/share/multi_turtlebot3_slam/local_setup.sh
[0.073s] -- Up-to-date symlink: /home/shreyas/turtlebot3_ws/install/multi_turtlebot3_slam/share/multi_turtlebot3_slam/local_setup.zsh
[0.073s] -- Up-to-date symlink: /home/shreyas/turtlebot3_ws/install/multi_turtlebot3_slam/share/multi_turtlebot3_slam/local_setup.dsv
[0.073s] -- Symlinking: /home/shreyas/turtlebot3_ws/install/multi_turtlebot3_slam/share/multi_turtlebot3_slam/package.dsv
[0.081s] -- Up-to-date symlink: /home/shreyas/turtlebot3_ws/install/multi_turtlebot3_slam/share/ament_index/resource_index/packages/multi_turtlebot3_slam
[0.081s] -- Up-to-date symlink: /home/shreyas/turtlebot3_ws/install/multi_turtlebot3_slam/share/multi_turtlebot3_slam/cmake/multi_turtlebot3_slamConfig.cmake
[0.081s] -- Up-to-date symlink: /home/shreyas/turtlebot3_ws/install/multi_turtlebot3_slam/share/multi_turtlebot3_slam/cmake/multi_turtlebot3_slamConfig-version.cmake
[0.081s] -- Up-to-date symlink: /home/shreyas/turtlebot3_ws/install/multi_turtlebot3_slam/share/multi_turtlebot3_slam/package.xml
[0.103s] Invoked command in '/home/shreyas/turtlebot3_ws/build/multi_turtlebot3_slam' returned '0': CMAKE_PREFIX_PATH=/home/shreyas/turtlebot3_ws/install/turtlebot3_gazebo:/home/shreyas/turtlebot3_ws/install/turtlebot3_description:/home/shreyas/turtlebot3_ws/install/turtlebot3:/home/shreyas/turtlebot3_ws/install/turtlebot3_simulations:/home/shreyas/turtlebot3_ws/install/turtlebot3_bringup:/home/shreyas/turtlebot3_ws/install/turtlebot3_node:/home/shreyas/turtlebot3_ws/install/turtlebot3_navigation2:/home/shreyas/turtlebot3_ws/install/turtlebot3_fake_node:/home/shreyas/turtlebot3_ws/install/turtlebot3_cartographer:/home/shreyas/turtlebot3_ws/install/multi_turtlebot3_slam:/home/shreyas/turtlebot3_ws/install/turtlebot3_teleop:/home/shreyas/turtlebot3_ws/install/turtlebot3_example:/opt/ros/humble /usr/bin/cmake --install /home/shreyas/turtlebot3_ws/build/multi_turtlebot3_slam
