[0.505s] Invoking command in '/home/cobaltboy/ROS2/SLAM/src/slam': PYTHONPATH=/home/cobaltboy/ROS2/SLAM/build/slam/prefix_override:/usr/lib/python3/dist-packages/colcon_core/task/python/colcon_distutils_commands:/home/cobaltboy/ROS2/SLAM/install/slam/lib/python3.10/site-packages:${PYTHONPATH} /usr/bin/python3 -W ignore:setup.py install is deprecated setup.py egg_info --egg-base ../../build/slam build --build-base /home/cobaltboy/ROS2/SLAM/build/slam/build install --record /home/cobaltboy/ROS2/SLAM/build/slam/install.log --single-version-externally-managed install_data
[0.690s] running egg_info
[0.690s] creating ../../build/slam/slam.egg-info
[0.691s] writing ../../build/slam/slam.egg-info/PKG-INFO
[0.691s] writing dependency_links to ../../build/slam/slam.egg-info/dependency_links.txt
[0.691s] writing entry points to ../../build/slam/slam.egg-info/entry_points.txt
[0.691s] writing requirements to ../../build/slam/slam.egg-info/requires.txt
[0.691s] writing top-level names to ../../build/slam/slam.egg-info/top_level.txt
[0.691s] writing manifest file '../../build/slam/slam.egg-info/SOURCES.txt'
[0.692s] reading manifest file '../../build/slam/slam.egg-info/SOURCES.txt'
[0.692s] writing manifest file '../../build/slam/slam.egg-info/SOURCES.txt'
[0.693s] running build
[0.693s] running build_py
[0.693s] creating /home/cobaltboy/ROS2/SLAM/build/slam/build
[0.693s] creating /home/cobaltboy/ROS2/SLAM/build/slam/build/lib
[0.693s] creating /home/cobaltboy/ROS2/SLAM/build/slam/build/lib/slam
[0.693s] copying slam/operatorNode.py -> /home/cobaltboy/ROS2/SLAM/build/slam/build/lib/slam
[0.693s] copying slam/__init__.py -> /home/cobaltboy/ROS2/SLAM/build/slam/build/lib/slam
[0.693s] running install
[0.693s] running install_lib
[0.694s] creating /home/cobaltboy/ROS2/SLAM/install/slam/lib/python3.10/site-packages/slam
[0.694s] copying /home/cobaltboy/ROS2/SLAM/build/slam/build/lib/slam/operatorNode.py -> /home/cobaltboy/ROS2/SLAM/install/slam/lib/python3.10/site-packages/slam
[0.694s] copying /home/cobaltboy/ROS2/SLAM/build/slam/build/lib/slam/__init__.py -> /home/cobaltboy/ROS2/SLAM/install/slam/lib/python3.10/site-packages/slam
[0.694s] byte-compiling /home/cobaltboy/ROS2/SLAM/install/slam/lib/python3.10/site-packages/slam/operatorNode.py to operatorNode.cpython-310.pyc
[0.695s] byte-compiling /home/cobaltboy/ROS2/SLAM/install/slam/lib/python3.10/site-packages/slam/__init__.py to __init__.cpython-310.pyc
[0.695s] running install_data
[0.695s] creating /home/cobaltboy/ROS2/SLAM/install/slam/share/ament_index
[0.695s] creating /home/cobaltboy/ROS2/SLAM/install/slam/share/ament_index/resource_index
[0.695s] creating /home/cobaltboy/ROS2/SLAM/install/slam/share/ament_index/resource_index/packages
[0.695s] copying resource/slam -> /home/cobaltboy/ROS2/SLAM/install/slam/share/ament_index/resource_index/packages
[0.695s] copying package.xml -> /home/cobaltboy/ROS2/SLAM/install/slam/share/slam
[0.695s] creating /home/cobaltboy/ROS2/SLAM/install/slam/share/slam/urdf
[0.695s] copying urdf/car.urdf.xacro -> /home/cobaltboy/ROS2/SLAM/install/slam/share/slam/urdf
[0.696s] creating /home/cobaltboy/ROS2/SLAM/install/slam/share/slam/config
[0.696s] copying config/controller.yaml -> /home/cobaltboy/ROS2/SLAM/install/slam/share/slam/config
[0.696s] creating /home/cobaltboy/ROS2/SLAM/install/slam/share/slam/launch
[0.696s] copying launch/launch.py -> /home/cobaltboy/ROS2/SLAM/install/slam/share/slam/launch
[0.696s] copying config/mapper_params_online_async.yaml -> /home/cobaltboy/ROS2/SLAM/install/slam/share/slam/config
[0.696s] copying launch/rviz.launch.py -> /home/cobaltboy/ROS2/SLAM/install/slam/share/slam/launch
[0.696s] copying config/slam.rviz -> /home/cobaltboy/ROS2/SLAM/install/slam/share/slam/config
[0.696s] running install_egg_info
[0.698s] Copying ../../build/slam/slam.egg-info to /home/cobaltboy/ROS2/SLAM/install/slam/lib/python3.10/site-packages/slam-0.0.0-py3.10.egg-info
[0.699s] running install_scripts
[0.715s] Installing operatorNode script to /home/cobaltboy/ROS2/SLAM/install/slam/lib/slam
[0.716s] writing list of installed files to '/home/cobaltboy/ROS2/SLAM/build/slam/install.log'
[0.742s] Invoked command in '/home/cobaltboy/ROS2/SLAM/src/slam' returned '0': PYTHONPATH=/home/cobaltboy/ROS2/SLAM/build/slam/prefix_override:/usr/lib/python3/dist-packages/colcon_core/task/python/colcon_distutils_commands:/home/cobaltboy/ROS2/SLAM/install/slam/lib/python3.10/site-packages:${PYTHONPATH} /usr/bin/python3 -W ignore:setup.py install is deprecated setup.py egg_info --egg-base ../../build/slam build --build-base /home/cobaltboy/ROS2/SLAM/build/slam/build install --record /home/cobaltboy/ROS2/SLAM/build/slam/install.log --single-version-externally-managed install_data
