/home/cobaltboy/ROS2/SLAM/install/slam/lib/python3.10/site-packages/slam/operatorNode.py
/home/cobaltboy/ROS2/SLAM/install/slam/lib/python3.10/site-packages/slam/__init__.py
/home/cobaltboy/ROS2/SLAM/install/slam/lib/python3.10/site-packages/slam/__pycache__/operatorNode.cpython-310.pyc
/home/cobaltboy/ROS2/SLAM/install/slam/lib/python3.10/site-packages/slam/__pycache__/__init__.cpython-310.pyc
/home/cobaltboy/ROS2/SLAM/install/slam/share/ament_index/resource_index/packages/slam
/home/cobaltboy/ROS2/SLAM/install/slam/share/slam/package.xml
/home/cobaltboy/ROS2/SLAM/install/slam/share/slam/urdf/car.urdf.xacro
/home/cobaltboy/ROS2/SLAM/install/slam/share/slam/config/controller.yaml
/home/cobaltboy/ROS2/SLAM/install/slam/share/slam/launch/launch.py
/home/cobaltboy/ROS2/SLAM/install/slam/share/slam/config/mapper_params_online_async.yaml
/home/cobaltboy/ROS2/SLAM/install/slam/share/slam/launch/rviz.launch.py
/home/cobaltboy/ROS2/SLAM/install/slam/share/slam/config/slam.rviz
/home/cobaltboy/ROS2/SLAM/install/slam/lib/python3.10/site-packages/slam-0.0.0-py3.10.egg-info/PKG-INFO
/home/cobaltboy/ROS2/SLAM/install/slam/lib/python3.10/site-packages/slam-0.0.0-py3.10.egg-info/top_level.txt
/home/cobaltboy/ROS2/SLAM/install/slam/lib/python3.10/site-packages/slam-0.0.0-py3.10.egg-info/SOURCES.txt
/home/cobaltboy/ROS2/SLAM/install/slam/lib/python3.10/site-packages/slam-0.0.0-py3.10.egg-info/dependency_links.txt
/home/cobaltboy/ROS2/SLAM/install/slam/lib/python3.10/site-packages/slam-0.0.0-py3.10.egg-info/zip-safe
/home/cobaltboy/ROS2/SLAM/install/slam/lib/python3.10/site-packages/slam-0.0.0-py3.10.egg-info/entry_points.txt
/home/cobaltboy/ROS2/SLAM/install/slam/lib/python3.10/site-packages/slam-0.0.0-py3.10.egg-info/requires.txt
/home/cobaltboy/ROS2/SLAM/install/slam/lib/slam/operatorNode
