[0.006s] Invoking command in '/home/shreyas/turtlebot3_ws/build/turtlebot3_multi_robot': AMENT_PREFIX_PATH=/home/shreyas/turtlebot3_ws/install/turtlebot3_navigation2:${AMENT_PREFIX_PATH} CMAKE_PREFIX_PATH=/home/shreyas/turtlebot3_ws/install/turtlebot3_navigation2:/opt/ros/humble /usr/bin/cmake /home/shreyas/turtlebot3_ws/src/turtlebot3_multi_robot -DAMENT_CMAKE_SYMLINK_INSTALL=1 -DCMAKE_INSTALL_PREFIX=/home/shreyas/turtlebot3_ws/install/turtlebot3_multi_robot
[0.018s] -- Found ament_cmake: 1.3.10 (/opt/ros/humble/share/ament_cmake/cmake)
[0.130s] -- Override CMake install command with custom implementation using symlinks instead of copying resources
[0.192s] -- Configuring done
[0.194s] -- Generating done
[0.197s] -- Build files have been written to: /home/shreyas/turtlebot3_ws/build/turtlebot3_multi_robot
[0.199s] Invoked command in '/home/shreyas/turtlebot3_ws/build/turtlebot3_multi_robot' returned '0': AMENT_PREFIX_PATH=/home/shreyas/turtlebot3_ws/install/turtlebot3_navigation2:${AMENT_PREFIX_PATH} CMAKE_PREFIX_PATH=/home/shreyas/turtlebot3_ws/install/turtlebot3_navigation2:/opt/ros/humble /usr/bin/cmake /home/shreyas/turtlebot3_ws/src/turtlebot3_multi_robot -DAMENT_CMAKE_SYMLINK_INSTALL=1 -DCMAKE_INSTALL_PREFIX=/home/shreyas/turtlebot3_ws/install/turtlebot3_multi_robot
[0.200s] Invoking command in '/home/shreyas/turtlebot3_ws/build/turtlebot3_multi_robot': AMENT_PREFIX_PATH=/home/shreyas/turtlebot3_ws/install/turtlebot3_navigation2:${AMENT_PREFIX_PATH} CMAKE_PREFIX_PATH=/home/shreyas/turtlebot3_ws/install/turtlebot3_navigation2:/opt/ros/humble /usr/bin/cmake --build /home/shreyas/turtlebot3_ws/build/turtlebot3_multi_robot -- -j18 -l18
[0.235s] Invoked command in '/home/shreyas/turtlebot3_ws/build/turtlebot3_multi_robot' returned '0': AMENT_PREFIX_PATH=/home/shreyas/turtlebot3_ws/install/turtlebot3_navigation2:${AMENT_PREFIX_PATH} CMAKE_PREFIX_PATH=/home/shreyas/turtlebot3_ws/install/turtlebot3_navigation2:/opt/ros/humble /usr/bin/cmake --build /home/shreyas/turtlebot3_ws/build/turtlebot3_multi_robot -- -j18 -l18
[0.237s] Invoking command in '/home/shreyas/turtlebot3_ws/build/turtlebot3_multi_robot': AMENT_PREFIX_PATH=/home/shreyas/turtlebot3_ws/install/turtlebot3_navigation2:${AMENT_PREFIX_PATH} CMAKE_PREFIX_PATH=/home/shreyas/turtlebot3_ws/install/turtlebot3_navigation2:/opt/ros/humble /usr/bin/cmake --install /home/shreyas/turtlebot3_ws/build/turtlebot3_multi_robot
[0.243s] -- Install configuration: ""
[0.244s] -- Execute custom install script
[0.244s] -- Up-to-date symlink: /home/shreyas/turtlebot3_ws/install/turtlebot3_multi_robot/share/turtlebot3_multi_robot//launch/gazebo_multi_nav2_world.launch.py
[0.244s] -- Up-to-date symlink: /home/shreyas/turtlebot3_ws/install/turtlebot3_multi_robot/share/turtlebot3_multi_robot//launch/gazebo_multi_world.launch.py
[0.244s] -- Symlinking: /home/shreyas/turtlebot3_ws/install/turtlebot3_multi_robot/share/turtlebot3_multi_robot//launch/multi_robot_slam_simple.launch.py
[0.252s] -- Up-to-date symlink: /home/shreyas/turtlebot3_ws/install/turtlebot3_multi_robot/share/turtlebot3_multi_robot//launch/nav2_bringup/bringup_launch.py
[0.252s] -- Up-to-date symlink: /home/shreyas/turtlebot3_ws/install/turtlebot3_multi_robot/share/turtlebot3_multi_robot//launch/nav2_bringup/localization_launch.py
[0.252s] -- Up-to-date symlink: /home/shreyas/turtlebot3_ws/install/turtlebot3_multi_robot/share/turtlebot3_multi_robot//launch/nav2_bringup/navigation_launch.py
[0.253s] -- Up-to-date symlink: /home/shreyas/turtlebot3_ws/install/turtlebot3_multi_robot/share/turtlebot3_multi_robot//launch/nav2_bringup/rviz_launch.py
[0.253s] -- Up-to-date symlink: /home/shreyas/turtlebot3_ws/install/turtlebot3_multi_robot/share/turtlebot3_multi_robot//launch/nav2_bringup/slam_launch.py
[0.253s] -- Up-to-date symlink: /home/shreyas/turtlebot3_ws/install/turtlebot3_multi_robot/share/turtlebot3_multi_robot//models/turtlebot3_burger/meshes/burger_base.dae
[0.253s] -- Up-to-date symlink: /home/shreyas/turtlebot3_ws/install/turtlebot3_multi_robot/share/turtlebot3_multi_robot//models/turtlebot3_burger/meshes/lds.dae
[0.253s] -- Up-to-date symlink: /home/shreyas/turtlebot3_ws/install/turtlebot3_multi_robot/share/turtlebot3_multi_robot//models/turtlebot3_burger/meshes/tire.dae
[0.253s] -- Up-to-date symlink: /home/shreyas/turtlebot3_ws/install/turtlebot3_multi_robot/share/turtlebot3_multi_robot//models/turtlebot3_burger/model-1_4.sdf
[0.253s] -- Up-to-date symlink: /home/shreyas/turtlebot3_ws/install/turtlebot3_multi_robot/share/turtlebot3_multi_robot//models/turtlebot3_burger/model.config
[0.253s] -- Up-to-date symlink: /home/shreyas/turtlebot3_ws/install/turtlebot3_multi_robot/share/turtlebot3_multi_robot//models/turtlebot3_burger/model.sdf
[0.253s] -- Up-to-date symlink: /home/shreyas/turtlebot3_ws/install/turtlebot3_multi_robot/share/turtlebot3_multi_robot//models/turtlebot3_waffle/meshes/lds.dae
[0.253s] -- Up-to-date symlink: /home/shreyas/turtlebot3_ws/install/turtlebot3_multi_robot/share/turtlebot3_multi_robot//models/turtlebot3_waffle/meshes/r200.dae
[0.253s] -- Up-to-date symlink: /home/shreyas/turtlebot3_ws/install/turtlebot3_multi_robot/share/turtlebot3_multi_robot//models/turtlebot3_waffle/meshes/tire.dae
[0.253s] -- Up-to-date symlink: /home/shreyas/turtlebot3_ws/install/turtlebot3_multi_robot/share/turtlebot3_multi_robot//models/turtlebot3_waffle/meshes/waffle_base.dae
[0.254s] -- Up-to-date symlink: /home/shreyas/turtlebot3_ws/install/turtlebot3_multi_robot/share/turtlebot3_multi_robot//models/turtlebot3_waffle/model-1_4.sdf
[0.254s] -- Up-to-date symlink: /home/shreyas/turtlebot3_ws/install/turtlebot3_multi_robot/share/turtlebot3_multi_robot//models/turtlebot3_waffle/model.config
[0.254s] -- Up-to-date symlink: /home/shreyas/turtlebot3_ws/install/turtlebot3_multi_robot/share/turtlebot3_multi_robot//models/turtlebot3_waffle/model.sdf
[0.254s] -- Up-to-date symlink: /home/shreyas/turtlebot3_ws/install/turtlebot3_multi_robot/share/turtlebot3_multi_robot//models/turtlebot3_waffle/model_nocamera.sdf
[0.254s] -- Up-to-date symlink: /home/shreyas/turtlebot3_ws/install/turtlebot3_multi_robot/share/turtlebot3_multi_robot//rviz/multi_nav2_default_view.rviz
[0.254s] -- Symlinking: /home/shreyas/turtlebot3_ws/install/turtlebot3_multi_robot/share/turtlebot3_multi_robot//rviz/multi_robot_slam.rviz
[0.262s] -- Up-to-date symlink: /home/shreyas/turtlebot3_ws/install/turtlebot3_multi_robot/share/turtlebot3_multi_robot//rviz/nav2_default_view.rviz
[0.262s] -- Up-to-date symlink: /home/shreyas/turtlebot3_ws/install/turtlebot3_multi_robot/share/turtlebot3_multi_robot//urdf/common_properties.urdf
[0.262s] -- Up-to-date symlink: /home/shreyas/turtlebot3_ws/install/turtlebot3_multi_robot/share/turtlebot3_multi_robot//urdf/turtlebot3_burger.urdf
[0.262s] -- Up-to-date symlink: /home/shreyas/turtlebot3_ws/install/turtlebot3_multi_robot/share/turtlebot3_multi_robot//urdf/turtlebot3_waffle.urdf
[0.262s] -- Up-to-date symlink: /home/shreyas/turtlebot3_ws/install/turtlebot3_multi_robot/share/turtlebot3_multi_robot//worlds/multi_empty_world.world
[0.262s] -- Up-to-date symlink: /home/shreyas/turtlebot3_ws/install/turtlebot3_multi_robot/share/turtlebot3_multi_robot//worlds/multi_robot_world.world
[0.262s] -- Up-to-date symlink: /home/shreyas/turtlebot3_ws/install/turtlebot3_multi_robot/share/turtlebot3_multi_robot//params/nav2_params.yaml
[0.262s] -- Up-to-date symlink: /home/shreyas/turtlebot3_ws/install/turtlebot3_multi_robot/share/turtlebot3_multi_robot/environment/multi_robot.dsv
[0.263s] -- Up-to-date symlink: /home/shreyas/turtlebot3_ws/install/turtlebot3_multi_robot/share/ament_index/resource_index/package_run_dependencies/turtlebot3_multi_robot
[0.263s] -- Up-to-date symlink: /home/shreyas/turtlebot3_ws/install/turtlebot3_multi_robot/share/ament_index/resource_index/parent_prefix_path/turtlebot3_multi_robot
[0.263s] -- Up-to-date symlink: /home/shreyas/turtlebot3_ws/install/turtlebot3_multi_robot/share/turtlebot3_multi_robot/environment/ament_prefix_path.sh
[0.263s] -- Up-to-date symlink: /home/shreyas/turtlebot3_ws/install/turtlebot3_multi_robot/share/turtlebot3_multi_robot/environment/ament_prefix_path.dsv
[0.263s] -- Up-to-date symlink: /home/shreyas/turtlebot3_ws/install/turtlebot3_multi_robot/share/turtlebot3_multi_robot/environment/path.sh
[0.263s] -- Up-to-date symlink: /home/shreyas/turtlebot3_ws/install/turtlebot3_multi_robot/share/turtlebot3_multi_robot/environment/path.dsv
[0.263s] -- Up-to-date symlink: /home/shreyas/turtlebot3_ws/install/turtlebot3_multi_robot/share/turtlebot3_multi_robot/local_setup.bash
[0.264s] -- Up-to-date symlink: /home/shreyas/turtlebot3_ws/install/turtlebot3_multi_robot/share/turtlebot3_multi_robot/local_setup.sh
[0.264s] -- Up-to-date symlink: /home/shreyas/turtlebot3_ws/install/turtlebot3_multi_robot/share/turtlebot3_multi_robot/local_setup.zsh
[0.264s] -- Up-to-date symlink: /home/shreyas/turtlebot3_ws/install/turtlebot3_multi_robot/share/turtlebot3_multi_robot/local_setup.dsv
[0.264s] -- Symlinking: /home/shreyas/turtlebot3_ws/install/turtlebot3_multi_robot/share/turtlebot3_multi_robot/package.dsv
[0.273s] -- Up-to-date symlink: /home/shreyas/turtlebot3_ws/install/turtlebot3_multi_robot/share/ament_index/resource_index/packages/turtlebot3_multi_robot
[0.273s] -- Up-to-date symlink: /home/shreyas/turtlebot3_ws/install/turtlebot3_multi_robot/share/turtlebot3_multi_robot/cmake/turtlebot3_multi_robotConfig.cmake
[0.273s] -- Up-to-date symlink: /home/shreyas/turtlebot3_ws/install/turtlebot3_multi_robot/share/turtlebot3_multi_robot/cmake/turtlebot3_multi_robotConfig-version.cmake
[0.273s] -- Up-to-date symlink: /home/shreyas/turtlebot3_ws/install/turtlebot3_multi_robot/share/turtlebot3_multi_robot/package.xml
[0.276s] Invoked command in '/home/shreyas/turtlebot3_ws/build/turtlebot3_multi_robot' returned '0': AMENT_PREFIX_PATH=/home/shreyas/turtlebot3_ws/install/turtlebot3_navigation2:${AMENT_PREFIX_PATH} CMAKE_PREFIX_PATH=/home/shreyas/turtlebot3_ws/install/turtlebot3_navigation2:/opt/ros/humble /usr/bin/cmake --install /home/shreyas/turtlebot3_ws/build/turtlebot3_multi_robot
