[0.010s] Invoking command in '/home/shreyas/turtlebot3_ws/build/multi_turtlebot3_slam': CMAKE_PREFIX_PATH=${CMAKE_PREFIX_PATH}:/opt/ros/humble /usr/bin/cmake --build /home/shreyas/turtlebot3_ws/build/multi_turtlebot3_slam -- -j18 -l18
[0.033s] -- Found ament_cmake: 1.3.10 (/opt/ros/humble/share/ament_cmake/cmake)
[0.115s] -- Found rclpy: 3.3.14 (/opt/ros/humble/share/rclpy/cmake)
[0.116s] -- Found gazebo_ros: 3.7.0 (/opt/ros/humble/share/gazebo_ros/cmake)
[0.141s] -- Found rosidl_generator_c: 3.1.5 (/opt/ros/humble/share/rosidl_generator_c/cmake)
[0.142s] -- Found rosidl_adapter: 3.1.5 (/opt/ros/humble/share/rosidl_adapter/cmake)
[0.146s] -- Found rosidl_generator_cpp: 3.1.5 (/opt/ros/humble/share/rosidl_generator_cpp/cmake)
[0.152s] -- Using all available rosidl_typesupport_c: rosidl_typesupport_fastrtps_c;rosidl_typesupport_introspection_c
[0.159s] -- Using all available rosidl_typesupport_cpp: rosidl_typesupport_fastrtps_cpp;rosidl_typesupport_introspection_cpp
[0.177s] -- Found rmw_implementation_cmake: 6.1.2 (/opt/ros/humble/share/rmw_implementation_cmake/cmake)
[0.178s] -- Found rmw_fastrtps_cpp: 6.2.7 (/opt/ros/humble/share/rmw_fastrtps_cpp/cmake)
[0.252s] -- Using RMW implementation 'rmw_fastrtps_cpp' as default
[0.304s] -- Found DART: /usr/include (Required is at least version "6.6") found components: dart 
[0.323s] -- Found Protobuf: /usr/lib/x86_64-linux-gnu/libprotobuf.so (found version "3.12.4") 
[0.324s] -- Looking for ignition-math6 -- found version 6.15.1
[0.327s] -- Searching for dependencies of ignition-math6
[0.328s] -- Looking for OGRE...
[0.332s] -- Found Ogre Ghadamon (1.9.0)
[0.332s] -- Found OGRE: optimized;/usr/lib/x86_64-linux-gnu/libOgreMain.so;debug;/usr/lib/x86_64-linux-gnu/libOgreMain.so
[0.341s] -- Looking for OGRE_Paging...
[0.341s] -- Found OGRE_Paging: optimized;/usr/lib/x86_64-linux-gnu/libOgrePaging.so;debug;/usr/lib/x86_64-linux-gnu/libOgrePaging.so
[0.341s] -- Looking for OGRE_Terrain...
[0.341s] -- Found OGRE_Terrain: optimized;/usr/lib/x86_64-linux-gnu/libOgreTerrain.so;debug;/usr/lib/x86_64-linux-gnu/libOgreTerrain.so
[0.341s] -- Looking for OGRE_Property...
[0.341s] -- Found OGRE_Property: optimized;/usr/lib/x86_64-linux-gnu/libOgreProperty.so;debug;/usr/lib/x86_64-linux-gnu/libOgreProperty.so
[0.341s] -- Looking for OGRE_RTShaderSystem...
[0.341s] -- Found OGRE_RTShaderSystem: optimized;/usr/lib/x86_64-linux-gnu/libOgreRTShaderSystem.so;debug;/usr/lib/x86_64-linux-gnu/libOgreRTShaderSystem.so
[0.342s] -- Looking for OGRE_Volume...
[0.342s] -- Found OGRE_Volume: optimized;/usr/lib/x86_64-linux-gnu/libOgreVolume.so;debug;/usr/lib/x86_64-linux-gnu/libOgreVolume.so
[0.342s] -- Looking for OGRE_Overlay...
[0.342s] -- Found OGRE_Overlay: optimized;/usr/lib/x86_64-linux-gnu/libOgreOverlay.so;debug;/usr/lib/x86_64-linux-gnu/libOgreOverlay.so
[0.401s] -- Looking for ignition-math6 -- found version 6.15.1
[0.401s] -- Looking for ignition-transport8 -- found version 8.2.1
[0.402s] -- Searching for dependencies of ignition-transport8
[0.415s] -- Found Protobuf: /usr/lib/x86_64-linux-gnu/libprotobuf.so (found suitable version "3.12.4", minimum required is "3") 
[0.422s] -- Config-file not installed for ZeroMQ -- checking for pkg-config
[0.426s] -- Checking for module 'libzmq >= 4'
[0.436s] --   Found libzmq , version 4.3.4
[0.466s] -- Checking for module 'uuid'
[0.479s] --   Found uuid, version 2.37.2
[0.510s] -- Looking for ignition-msgs5 -- found version 5.8.1
[0.510s] -- Searching for dependencies of ignition-msgs5
[0.522s] -- Looking for ignition-math6 -- found version 6.15.1
[0.526s] -- Checking for module 'tinyxml2'
[0.535s] --   Found tinyxml2, version 9.0.0
[0.563s] -- Looking for ignition-msgs5 -- found version 5.8.1
[0.563s] -- Looking for ignition-common3 -- found version 3.14.0
[0.564s] -- Searching for dependencies of ignition-common3
[0.564s] -- Looking for dlfcn.h - found
[0.564s] -- Looking for libdl - found
[0.575s] -- Searching for <ignition-common3> component [graphics]
[0.575s] -- Looking for ignition-common3-graphics -- found version 3.14.0
[0.575s] -- Searching for dependencies of ignition-common3-graphics
[0.575s] -- Looking for ignition-math6 -- found version 6.15.1
[0.576s] -- Looking for ignition-fuel_tools4 -- found version 4.4.0
[0.576s] -- Searching for dependencies of ignition-fuel_tools4
[0.604s] -- Checking for module 'jsoncpp'
[0.615s] --   Found jsoncpp, version 1.9.5
[0.649s] -- Checking for module 'libzip'
[0.660s] --   Found libzip, version 1.7.3
[0.689s] -- Looking for ignition-common3 -- found version 3.14.0
[0.689s] -- Looking for ignition-math6 -- found version 6.15.1
[0.689s] -- Looking for ignition-msgs5 -- found version 5.8.1
[0.691s] -- Gazebo version: 11.10
[0.692s] -- Found robot_state_publisher: 3.0.3 (/opt/ros/humble/share/robot_state_publisher/cmake)
[0.702s] -- Found eigen3_cmake_module: 0.1.1 (/opt/ros/humble/share/eigen3_cmake_module/cmake)
[0.703s] -- Ensuring Eigen3 include directory is part of orocos-kdl CMake target
[0.778s] -- Found slam_toolbox: 2.6.8 (/opt/ros/humble/share/slam_toolbox/cmake)
[0.830s] -- Setting assimp_DIR to: '/opt/ros/humble/share/rviz_assimp_vendor/cmake/../../../opt/rviz_assimp_vendor/lib/cmake/assimp-4.1'
[0.832s] -- Setting OGRE_DIR to: '/opt/ros/humble/share/rviz_ogre_vendor/cmake/../../../opt/rviz_ogre_vendor/lib/OGRE/cmake'
[0.832s] -- Found OGRE
[0.832s] --   static     : OFF
[0.832s] --   components : HLMS;MeshLodGenerator;Overlay;Paging;Property;RTShaderSystem;Terrain;Volume
[0.832s] --   plugins    : Plugin_BSPSceneManager;Plugin_OctreeSceneManager;Plugin_PCZSceneManager;Plugin_ParticleFX;RenderSystem_GL;RenderSystem_GL3Plus;Codec_STBI
[0.832s] --   media      : /opt/ros/humble/opt/rviz_ogre_vendor/share/OGRE/Media
[0.832s] -- OGRE_LIBRARIES: OgreHLMS;OgreMeshLodGenerator;OgreOverlay;OgrePaging;OgreProperty;OgreRTShaderSystem;OgreTerrain;OgreVolume;OgreMain
[0.833s] -- OGRE_LIBRARY_DIRS: /opt/ros/humble/opt/rviz_ogre_vendor/lib
[0.833s] -- OGRE_PLUGINS: Plugin_BSPSceneManager;Plugin_OctreeSceneManager;Plugin_PCZSceneManager;Plugin_ParticleFX;RenderSystem_GL;RenderSystem_GL3Plus;Codec_STBI
[0.833s] -- OGRE_PLUGIN_DIR: /opt/ros/humble/opt/rviz_ogre_vendor/lib/OGRE
[0.833s] -- rviz_ogre_vendor::OgreOverlay for IMPORTED_LOCATION_RELEASE: /opt/ros/humble/opt/rviz_ogre_vendor/lib/libOgreOverlay.so
[0.833s] -- rviz_ogre_vendor::OgreOverlay for IMPORTED_LOCATION_DEBUG: /opt/ros/humble/opt/rviz_ogre_vendor/lib/libOgreOverlay.so
[0.833s] -- rviz_ogre_vendor::OgreMain for IMPORTED_LOCATION_RELEASE: /opt/ros/humble/opt/rviz_ogre_vendor/lib/libOgreMain.so
[0.833s] -- rviz_ogre_vendor::OgreMain for IMPORTED_LOCATION_DEBUG: /opt/ros/humble/opt/rviz_ogre_vendor/lib/libOgreMain.so
[0.875s] -- library: /usr/lib/x86_64-linux-gnu/libcurl.so
[0.920s] -- Found ament_lint_auto: 0.12.11 (/opt/ros/humble/share/ament_lint_auto/cmake)
[0.964s] -- Added test 'flake8' to check Python code syntax and style conventions
[0.964s] -- Added test 'lint_cmake' to check CMake code style
[0.964s] -- Added test 'pep257' to check Python code against some of the docstring style conventions in PEP 257
[0.964s] -- Added test 'xmllint' to check XML markup files
[0.965s] -- Configuring done
[0.968s] -- Generating done
[1.025s] -- Build files have been written to: /home/shreyas/turtlebot3_ws/build/multi_turtlebot3_slam
[1.057s] Invoked command in '/home/shreyas/turtlebot3_ws/build/multi_turtlebot3_slam' returned '0': CMAKE_PREFIX_PATH=${CMAKE_PREFIX_PATH}:/opt/ros/humble /usr/bin/cmake --build /home/shreyas/turtlebot3_ws/build/multi_turtlebot3_slam -- -j18 -l18
[1.065s] Invoking command in '/home/shreyas/turtlebot3_ws/build/multi_turtlebot3_slam': CMAKE_PREFIX_PATH=${CMAKE_PREFIX_PATH}:/opt/ros/humble /usr/bin/cmake --install /home/shreyas/turtlebot3_ws/build/multi_turtlebot3_slam
[1.070s] -- Install configuration: ""
[1.070s] -- Up-to-date: /home/shreyas/turtlebot3_ws/install/multi_turtlebot3_slam/share/multi_turtlebot3_slam/launch
[1.070s] -- Up-to-date: /home/shreyas/turtlebot3_ws/install/multi_turtlebot3_slam/share/multi_turtlebot3_slam/launch/multi_robot_rviz.launch.py
[1.070s] -- Up-to-date: /home/shreyas/turtlebot3_ws/install/multi_turtlebot3_slam/share/multi_turtlebot3_slam/launch/multi_robot_slam.launch.py
[1.070s] -- Installing: /home/shreyas/turtlebot3_ws/install/multi_turtlebot3_slam/share/multi_turtlebot3_slam/launch/multi_robot_spawn.launch.py
[1.070s] -- Up-to-date: /home/shreyas/turtlebot3_ws/install/multi_turtlebot3_slam/share/multi_turtlebot3_slam/config
[1.070s] -- Up-to-date: /home/shreyas/turtlebot3_ws/install/multi_turtlebot3_slam/share/multi_turtlebot3_slam/rviz
[1.070s] -- Up-to-date: /home/shreyas/turtlebot3_ws/install/multi_turtlebot3_slam/share/multi_turtlebot3_slam/rviz/multi_robot.rviz
[1.070s] -- Installing: /home/shreyas/turtlebot3_ws/install/multi_turtlebot3_slam/share/ament_index/resource_index/package_run_dependencies/multi_turtlebot3_slam
[1.070s] -- Installing: /home/shreyas/turtlebot3_ws/install/multi_turtlebot3_slam/share/ament_index/resource_index/parent_prefix_path/multi_turtlebot3_slam
[1.071s] -- Up-to-date: /home/shreyas/turtlebot3_ws/install/multi_turtlebot3_slam/share/multi_turtlebot3_slam/environment/ament_prefix_path.sh
[1.071s] -- Installing: /home/shreyas/turtlebot3_ws/install/multi_turtlebot3_slam/share/multi_turtlebot3_slam/environment/ament_prefix_path.dsv
[1.071s] -- Up-to-date: /home/shreyas/turtlebot3_ws/install/multi_turtlebot3_slam/share/multi_turtlebot3_slam/environment/path.sh
[1.071s] -- Installing: /home/shreyas/turtlebot3_ws/install/multi_turtlebot3_slam/share/multi_turtlebot3_slam/environment/path.dsv
[1.071s] -- Up-to-date: /home/shreyas/turtlebot3_ws/install/multi_turtlebot3_slam/share/multi_turtlebot3_slam/local_setup.bash
[1.071s] -- Up-to-date: /home/shreyas/turtlebot3_ws/install/multi_turtlebot3_slam/share/multi_turtlebot3_slam/local_setup.sh
[1.071s] -- Up-to-date: /home/shreyas/turtlebot3_ws/install/multi_turtlebot3_slam/share/multi_turtlebot3_slam/local_setup.zsh
[1.071s] -- Installing: /home/shreyas/turtlebot3_ws/install/multi_turtlebot3_slam/share/multi_turtlebot3_slam/local_setup.dsv
[1.071s] -- Installing: /home/shreyas/turtlebot3_ws/install/multi_turtlebot3_slam/share/multi_turtlebot3_slam/package.dsv
[1.071s] -- Up-to-date: /home/shreyas/turtlebot3_ws/install/multi_turtlebot3_slam/share/ament_index/resource_index/packages/multi_turtlebot3_slam
[1.071s] -- Up-to-date: /home/shreyas/turtlebot3_ws/install/multi_turtlebot3_slam/share/multi_turtlebot3_slam/cmake/multi_turtlebot3_slamConfig.cmake
[1.071s] -- Up-to-date: /home/shreyas/turtlebot3_ws/install/multi_turtlebot3_slam/share/multi_turtlebot3_slam/cmake/multi_turtlebot3_slamConfig-version.cmake
[1.071s] -- Installing: /home/shreyas/turtlebot3_ws/install/multi_turtlebot3_slam/share/multi_turtlebot3_slam/package.xml
[1.072s] Invoked command in '/home/shreyas/turtlebot3_ws/build/multi_turtlebot3_slam' returned '0': CMAKE_PREFIX_PATH=${CMAKE_PREFIX_PATH}:/opt/ros/humble /usr/bin/cmake --install /home/shreyas/turtlebot3_ws/build/multi_turtlebot3_slam
